2018-07-26 08:31:28.499 logback [http-nio-8802-exec-8] ERROR c.p.e.b.e.h.ExceptionActionAdvice.logException - Exception ===== [File][JwtUtil.java][Method][verifyToken][Line][71] ===== [The Token has expired on Wed Jul 25 19:13:38 CST 2018.].
2018-07-26 08:33:47.049 logback [http-nio-8802-exec-1] ERROR c.p.e.b.e.h.ExceptionActionAdvice.logException - Exception ===== [File][NativeConstructorAccessorImpl.java][Method][newInstance0][Line][-2] ===== [令牌为空!].
2018-07-26 08:34:47.615 logback [http-nio-8802-exec-9] ERROR c.p.e.b.e.h.ExceptionActionAdvice.logException - Exception ===== [File][NativeConstructorAccessorImpl.java][Method][newInstance0][Line][-2] ===== [令牌为空!].
2018-07-26 08:34:47.639 logback [http-nio-8802-exec-2] ERROR c.p.e.b.e.h.ExceptionActionAdvice.logException - Exception ===== [File][NativeConstructorAccessorImpl.java][Method][newInstance0][Line][-2] ===== [令牌为空!].
2018-07-26 08:34:53.410 logback [http-nio-8802-exec-4] ERROR c.p.e.b.e.h.ExceptionActionAdvice.logException - Exception ===== [File][NativeConstructorAccessorImpl.java][Method][newInstance0][Line][-2] ===== [令牌为空!].
2018-07-26 08:35:14.169 logback [http-nio-8802-exec-10] ERROR c.p.e.b.e.h.ExceptionActionAdvice.logException - Exception ===== [File][NativeConstructorAccessorImpl.java][Method][newInstance0][Line][-2] ===== [令牌为空!].
2018-07-26 08:35:16.007 logback [http-nio-8802-exec-8] ERROR c.p.e.b.e.h.ExceptionActionAdvice.logException - Exception ===== [File][NativeConstructorAccessorImpl.java][Method][newInstance0][Line][-2] ===== [令牌为空!].
2018-07-26 08:35:16.044 logback [http-nio-8802-exec-6] ERROR c.p.e.b.e.h.ExceptionActionAdvice.logException - Exception ===== [File][NativeConstructorAccessorImpl.java][Method][newInstance0][Line][-2] ===== [令牌为空!].
2018-07-26 08:35:16.046 logback [http-nio-8802-exec-1] ERROR c.p.e.b.e.h.ExceptionActionAdvice.logException - Exception ===== [File][NativeConstructorAccessorImpl.java][Method][newInstance0][Line][-2] ===== [令牌为空!].
2018-07-26 08:35:16.050 logback [http-nio-8802-exec-5] ERROR c.p.e.b.e.h.ExceptionActionAdvice.logException - Exception ===== [File][NativeConstructorAccessorImpl.java][Method][newInstance0][Line][-2] ===== [令牌为空!].
2018-07-26 08:35:16.055 logback [http-nio-8802-exec-7] ERROR c.p.e.b.e.h.ExceptionActionAdvice.logException - Exception ===== [File][NativeConstructorAccessorImpl.java][Method][newInstance0][Line][-2] ===== [令牌为空!].
2018-07-26 08:35:16.062 logback [http-nio-8802-exec-3] ERROR c.p.e.b.e.h.ExceptionActionAdvice.logException - Exception ===== [File][NativeConstructorAccessorImpl.java][Method][newInstance0][Line][-2] ===== [令牌为空!].
2018-07-26 08:35:29.126 logback [http-nio-8802-exec-9] ERROR c.p.e.b.e.h.ExceptionActionAdvice.logException - Exception ===== [File][NativeConstructorAccessorImpl.java][Method][newInstance0][Line][-2] ===== [令牌为空!].
2018-07-26 08:35:29.132 logback [http-nio-8802-exec-2] ERROR c.p.e.b.e.h.ExceptionActionAdvice.logException - Exception ===== [File][NativeConstructorAccessorImpl.java][Method][newInstance0][Line][-2] ===== [令牌为空!].
2018-07-26 08:35:40.432 logback [http-nio-8802-exec-4] ERROR c.p.e.b.e.h.ExceptionActionAdvice.logException - Exception ===== [File][NativeConstructorAccessorImpl.java][Method][newInstance0][Line][-2] ===== [令牌为空!].
2018-07-26 08:52:11.051 logback [http-nio-8802-exec-8] ERROR c.p.e.b.e.h.ExceptionActionAdvice.logException - Exception ===== [File][AbstractNamedValueMethodArgumentResolver.java][Method][resolveArgument][Line][128] ===== [Failed to convert value of type 'java.lang.String' to required type 'java.lang.Long'; nested exception is java.lang.NumberFormatException: For input string: "null"].
2018-07-26 08:52:11.051 logback [http-nio-8802-exec-10] ERROR c.p.e.b.e.h.ExceptionActionAdvice.logException - Exception ===== [File][AbstractNamedValueMethodArgumentResolver.java][Method][resolveArgument][Line][128] ===== [Failed to convert value of type 'java.lang.String' to required type 'java.lang.Long'; nested exception is java.lang.NumberFormatException: For input string: "null"].
2018-07-26 08:52:23.905 logback [http-nio-8802-exec-6] ERROR c.p.e.b.e.h.ExceptionActionAdvice.logException - Exception ===== [File][AbstractNamedValueMethodArgumentResolver.java][Method][resolveArgument][Line][128] ===== [Failed to convert value of type 'java.lang.String' to required type 'java.lang.Long'; nested exception is java.lang.NumberFormatException: For input string: "null"].
2018-07-26 08:52:23.913 logback [http-nio-8802-exec-9] ERROR c.p.e.b.e.h.ExceptionActionAdvice.logException - Exception ===== [File][AbstractNamedValueMethodArgumentResolver.java][Method][resolveArgument][Line][128] ===== [Failed to convert value of type 'java.lang.String' to required type 'java.lang.Long'; nested exception is java.lang.NumberFormatException: For input string: "null"].
2018-07-26 08:52:34.042 logback [http-nio-8802-exec-2] ERROR c.p.e.b.e.h.ExceptionActionAdvice.logException - Exception ===== [File][AbstractNamedValueMethodArgumentResolver.java][Method][resolveArgument][Line][128] ===== [Failed to convert value of type 'java.lang.String' to required type 'java.lang.Long'; nested exception is java.lang.NumberFormatException: For input string: "null"].
2018-07-26 08:52:34.042 logback [http-nio-8802-exec-1] ERROR c.p.e.b.e.h.ExceptionActionAdvice.logException - Exception ===== [File][AbstractNamedValueMethodArgumentResolver.java][Method][resolveArgument][Line][128] ===== [Failed to convert value of type 'java.lang.String' to required type 'java.lang.Long'; nested exception is java.lang.NumberFormatException: For input string: "null"].
2018-07-26 08:52:37.596 logback [http-nio-8802-exec-5] ERROR c.p.e.b.e.h.ExceptionActionAdvice.logException - Exception ===== [File][AbstractNamedValueMethodArgumentResolver.java][Method][resolveArgument][Line][128] ===== [Failed to convert value of type 'java.lang.String' to required type 'java.lang.Long'; nested exception is java.lang.NumberFormatException: For input string: "null"].
2018-07-26 08:52:37.597 logback [http-nio-8802-exec-7] ERROR c.p.e.b.e.h.ExceptionActionAdvice.logException - Exception ===== [File][AbstractNamedValueMethodArgumentResolver.java][Method][resolveArgument][Line][128] ===== [Failed to convert value of type 'java.lang.String' to required type 'java.lang.Long'; nested exception is java.lang.NumberFormatException: For input string: "null"].
2018-07-26 09:06:56.465 logback [http-nio-8802-exec-10] ERROR c.p.e.b.e.h.ExceptionActionAdvice.logException - Exception ===== [File][JwtUtil.java][Method][verifyToken][Line][71] ===== [The Token has expired on Wed Jul 25 19:24:37 CST 2018.].
2018-07-26 09:11:21.231 logback [http-nio-8802-exec-5] ERROR c.p.e.b.e.h.ExceptionActionAdvice.logException - Exception ===== [File][NativeConstructorAccessorImpl.java][Method][newInstance0][Line][-2] ===== [令牌为空!].
2018-07-26 09:13:43.010 logback [http-nio-8802-exec-4] ERROR c.p.e.b.e.h.ExceptionActionAdvice.logException - Exception ===== [File][NativeConstructorAccessorImpl.java][Method][newInstance0][Line][-2] ===== [令牌为空!].
2018-07-26 09:51:47.685 logback [http-nio-8802-exec-6] ERROR c.p.e.b.e.h.ExceptionActionAdvice.logException - Exception ===== [File][NativeConstructorAccessorImpl.java][Method][newInstance0][Line][-2] ===== [令牌为空!].
2018-07-26 09:52:36.677 logback [http-nio-8802-exec-3] ERROR c.p.e.b.e.h.ExceptionActionAdvice.logException - Exception ===== [File][NativeConstructorAccessorImpl.java][Method][newInstance0][Line][-2] ===== [令牌为空!].
2018-07-26 10:07:29.724 logback [http-nio-8802-exec-8] ERROR c.p.e.b.e.h.ExceptionActionAdvice.logException - Exception ===== [File][NativeConstructorAccessorImpl.java][Method][newInstance0][Line][-2] ===== [令牌为空!].
2018-07-26 10:09:44.561 logback [http-nio-8802-exec-6] ERROR c.p.e.b.e.h.ExceptionActionAdvice.logException - Exception ===== [File][NativeConstructorAccessorImpl.java][Method][newInstance0][Line][-2] ===== [令牌为空!].
2018-07-26 10:09:54.406 logback [http-nio-8802-exec-4] ERROR c.p.e.b.e.h.ExceptionActionAdvice.logException - Exception ===== [File][NativeConstructorAccessorImpl.java][Method][newInstance0][Line][-2] ===== [令牌为空!].
2018-07-26 11:17:34.770 logback [http-nio-8802-exec-9] ERROR c.p.e.b.e.h.ExceptionActionAdvice.logException - Exception ===== [File][NativeConstructorAccessorImpl.java][Method][newInstance0][Line][-2] ===== [用户权限不足!].
2018-07-26 11:17:34.811 logback [http-nio-8802-exec-3] ERROR c.p.e.b.e.h.ExceptionActionAdvice.logException - Exception ===== [File][NativeConstructorAccessorImpl.java][Method][newInstance0][Line][-2] ===== [用户权限不足!].
2018-07-26 13:54:18.361 logback [http-nio-8802-exec-1] ERROR c.p.e.b.e.h.ExceptionActionAdvice.logException - Exception ===== [File][JwtUtil.java][Method][verifyToken][Line][74] ===== [登录失败!].
2018-07-26 15:14:48.701 logback [http-nio-8802-exec-2] ERROR c.p.e.b.e.h.ExceptionActionAdvice.logException - Exception ===== [File][Assert.java][Method][notNull][Line][181] ===== [节点name不能为空!!].
2018-07-26 15:34:14.370 logback [http-nio-8802-exec-6] ERROR c.p.e.b.e.h.ExceptionActionAdvice.logException - Exception ===== [File][Assert.java][Method][notNull][Line][181] ===== [节点name不能为空!!].
