2018-07-25 10:03:07.222 logback [http-nio-8802-exec-1] ERROR c.p.e.b.e.h.ExceptionActionAdvice.logException - Exception ===== [File][Assert.java][Method][isTrue][Line][45] ===== [分组字段不合法!!].
2018-07-25 10:27:05.068 logback [http-nio-8802-exec-7] ERROR c.p.e.b.e.h.ExceptionActionAdvice.logException - Exception ===== [File][DispatcherServlet.java][Method][doDispatch][Line][982] ===== [Handler dispatch failed; nested exception is java.lang.StackOverflowError].
2018-07-25 10:40:29.484 logback [http-nio-8802-exec-8] ERROR c.p.e.b.e.h.ExceptionActionAdvice.logException - Exception ===== [File][DispatcherServlet.java][Method][doDispatch][Line][982] ===== [Handler dispatch failed; nested exception is java.lang.StackOverflowError].
2018-07-25 13:33:54.440 logback [http-nio-8802-exec-6] ERROR c.p.e.b.e.h.ExceptionActionAdvice.logException - Exception ===== [File][Assert.java][Method][notNull][Line][181] ===== [节点name不能为空!!].
2018-07-25 13:33:54.458 logback [http-nio-8802-exec-9] ERROR c.p.e.b.e.h.ExceptionActionAdvice.logException - Exception ===== [File][Assert.java][Method][notNull][Line][181] ===== [节点name不能为空!!].
2018-07-25 13:34:11.372 logback [http-nio-8802-exec-10] ERROR c.p.e.b.e.h.ExceptionActionAdvice.logException - Exception ===== [File][Assert.java][Method][notNull][Line][181] ===== [节点name不能为空!!].
2018-07-25 13:34:11.390 logback [http-nio-8802-exec-8] ERROR c.p.e.b.e.h.ExceptionActionAdvice.logException - Exception ===== [File][Assert.java][Method][notNull][Line][181] ===== [节点name不能为空!!].
2018-07-25 13:34:16.177 logback [http-nio-8802-exec-2] ERROR c.p.e.b.e.h.ExceptionActionAdvice.logException - Exception ===== [File][Assert.java][Method][notNull][Line][181] ===== [节点name不能为空!!].
2018-07-25 13:34:16.190 logback [http-nio-8802-exec-1] ERROR c.p.e.b.e.h.ExceptionActionAdvice.logException - Exception ===== [File][Assert.java][Method][notNull][Line][181] ===== [节点name不能为空!!].
2018-07-25 13:35:45.800 logback [http-nio-8802-exec-4] ERROR c.p.e.b.e.h.ExceptionActionAdvice.logException - Exception ===== [File][AbstractNamedValueMethodArgumentResolver.java][Method][resolveArgument][Line][128] ===== [Failed to convert value of type 'java.lang.String' to required type 'java.lang.Long'; nested exception is java.lang.NumberFormatException: For input string: "null"].
2018-07-25 13:35:45.815 logback [http-nio-8802-exec-3] ERROR c.p.e.b.e.h.ExceptionActionAdvice.logException - Exception ===== [File][AbstractNamedValueMethodArgumentResolver.java][Method][resolveArgument][Line][128] ===== [Failed to convert value of type 'java.lang.String' to required type 'java.lang.Long'; nested exception is java.lang.NumberFormatException: For input string: "null"].
2018-07-25 13:35:48.769 logback [http-nio-8802-exec-7] ERROR c.p.e.b.e.h.ExceptionActionAdvice.logException - Exception ===== [File][AbstractNamedValueMethodArgumentResolver.java][Method][resolveArgument][Line][128] ===== [Failed to convert value of type 'java.lang.String' to required type 'java.lang.Long'; nested exception is java.lang.NumberFormatException: For input string: "null"].
2018-07-25 13:35:48.801 logback [http-nio-8802-exec-5] ERROR c.p.e.b.e.h.ExceptionActionAdvice.logException - Exception ===== [File][AbstractNamedValueMethodArgumentResolver.java][Method][resolveArgument][Line][128] ===== [Failed to convert value of type 'java.lang.String' to required type 'java.lang.Long'; nested exception is java.lang.NumberFormatException: For input string: "null"].
2018-07-25 13:38:38.961 logback [http-nio-8802-exec-3] ERROR c.p.e.b.e.h.ExceptionActionAdvice.logException - Exception ===== [File][Assert.java][Method][notNull][Line][181] ===== [节点name不能为空!!].
2018-07-25 13:38:38.975 logback [http-nio-8802-exec-7] ERROR c.p.e.b.e.h.ExceptionActionAdvice.logException - Exception ===== [File][Assert.java][Method][notNull][Line][181] ===== [节点name不能为空!!].
2018-07-25 13:38:55.531 logback [http-nio-8802-exec-5] ERROR c.p.e.b.e.h.ExceptionActionAdvice.logException - Exception ===== [File][Assert.java][Method][notNull][Line][181] ===== [节点name不能为空!!].
2018-07-25 13:38:55.543 logback [http-nio-8802-exec-9] ERROR c.p.e.b.e.h.ExceptionActionAdvice.logException - Exception ===== [File][Assert.java][Method][notNull][Line][181] ===== [节点name不能为空!!].
2018-07-25 13:39:01.612 logback [http-nio-8802-exec-6] ERROR c.p.e.b.e.h.ExceptionActionAdvice.logException - Exception ===== [File][Assert.java][Method][notNull][Line][181] ===== [节点name不能为空!!].
2018-07-25 13:39:01.625 logback [http-nio-8802-exec-10] ERROR c.p.e.b.e.h.ExceptionActionAdvice.logException - Exception ===== [File][Assert.java][Method][notNull][Line][181] ===== [节点name不能为空!!].
2018-07-25 13:40:14.804 logback [http-nio-8802-exec-3] ERROR c.p.e.b.e.h.ExceptionActionAdvice.logException - Exception ===== [File][Assert.java][Method][notNull][Line][181] ===== [节点name不能为空!!].
2018-07-25 13:40:14.860 logback [http-nio-8802-exec-7] ERROR c.p.e.b.e.h.ExceptionActionAdvice.logException - Exception ===== [File][Assert.java][Method][notNull][Line][181] ===== [节点name不能为空!!].
2018-07-25 13:40:19.067 logback [http-nio-8802-exec-5] ERROR c.p.e.b.e.h.ExceptionActionAdvice.logException - Exception ===== [File][Assert.java][Method][notNull][Line][181] ===== [节点name不能为空!!].
2018-07-25 13:40:19.095 logback [http-nio-8802-exec-9] ERROR c.p.e.b.e.h.ExceptionActionAdvice.logException - Exception ===== [File][Assert.java][Method][notNull][Line][181] ===== [节点name不能为空!!].
2018-07-25 13:41:01.657 logback [http-nio-8802-exec-3] ERROR c.p.e.b.e.h.ExceptionActionAdvice.logException - Exception ===== [File][AbstractNamedValueMethodArgumentResolver.java][Method][resolveArgument][Line][128] ===== [Failed to convert value of type 'java.lang.String' to required type 'java.lang.Long'; nested exception is java.lang.NumberFormatException: For input string: "null"].
2018-07-25 13:41:01.699 logback [http-nio-8802-exec-7] ERROR c.p.e.b.e.h.ExceptionActionAdvice.logException - Exception ===== [File][AbstractNamedValueMethodArgumentResolver.java][Method][resolveArgument][Line][128] ===== [Failed to convert value of type 'java.lang.String' to required type 'java.lang.Long'; nested exception is java.lang.NumberFormatException: For input string: "null"].
2018-07-25 13:41:05.971 logback [http-nio-8802-exec-9] ERROR c.p.e.b.e.h.ExceptionActionAdvice.logException - Exception ===== [File][Assert.java][Method][notNull][Line][181] ===== [节点name不能为空!!].
2018-07-25 13:41:06.019 logback [http-nio-8802-exec-6] ERROR c.p.e.b.e.h.ExceptionActionAdvice.logException - Exception ===== [File][Assert.java][Method][notNull][Line][181] ===== [节点name不能为空!!].
2018-07-25 13:42:24.317 logback [http-nio-8802-exec-10] ERROR c.p.e.b.e.h.ExceptionActionAdvice.logException - Exception ===== [File][Assert.java][Method][notNull][Line][181] ===== [节点name不能为空!!].
2018-07-25 13:42:24.326 logback [http-nio-8802-exec-8] ERROR c.p.e.b.e.h.ExceptionActionAdvice.logException - Exception ===== [File][Assert.java][Method][notNull][Line][181] ===== [节点name不能为空!!].
2018-07-25 13:42:27.583 logback [http-nio-8802-exec-1] ERROR c.p.e.b.e.h.ExceptionActionAdvice.logException - Exception ===== [File][Assert.java][Method][notNull][Line][181] ===== [节点name不能为空!!].
2018-07-25 13:42:27.610 logback [http-nio-8802-exec-4] ERROR c.p.e.b.e.h.ExceptionActionAdvice.logException - Exception ===== [File][Assert.java][Method][notNull][Line][181] ===== [节点name不能为空!!].
2018-07-25 13:47:46.290 logback [http-nio-8802-exec-8] ERROR c.p.e.b.e.h.ExceptionActionAdvice.logException - Exception ===== [File][AbstractNamedValueMethodArgumentResolver.java][Method][resolveArgument][Line][128] ===== [Failed to convert value of type 'java.lang.String' to required type 'java.lang.Long'; nested exception is java.lang.NumberFormatException: For input string: "null"].
2018-07-25 13:47:46.300 logback [http-nio-8802-exec-4] ERROR c.p.e.b.e.h.ExceptionActionAdvice.logException - Exception ===== [File][AbstractNamedValueMethodArgumentResolver.java][Method][resolveArgument][Line][128] ===== [Failed to convert value of type 'java.lang.String' to required type 'java.lang.Long'; nested exception is java.lang.NumberFormatException: For input string: "null"].
2018-07-25 13:51:55.428 logback [http-nio-8802-exec-3] ERROR c.p.e.b.e.h.ExceptionActionAdvice.logException - Exception ===== [File][AbstractNamedValueMethodArgumentResolver.java][Method][resolveArgument][Line][128] ===== [Failed to convert value of type 'java.lang.String' to required type 'java.lang.Long'; nested exception is java.lang.NumberFormatException: For input string: "null"].
2018-07-25 13:51:55.463 logback [http-nio-8802-exec-2] ERROR c.p.e.b.e.h.ExceptionActionAdvice.logException - Exception ===== [File][AbstractNamedValueMethodArgumentResolver.java][Method][resolveArgument][Line][128] ===== [Failed to convert value of type 'java.lang.String' to required type 'java.lang.Long'; nested exception is java.lang.NumberFormatException: For input string: "null"].
2018-07-25 13:52:09.991 logback [http-nio-8802-exec-9] ERROR c.p.e.b.e.h.ExceptionActionAdvice.logException - Exception ===== [File][AbstractNamedValueMethodArgumentResolver.java][Method][resolveArgument][Line][128] ===== [Failed to convert value of type 'java.lang.String' to required type 'java.lang.Long'; nested exception is java.lang.NumberFormatException: For input string: "null"].
2018-07-25 13:52:10.032 logback [http-nio-8802-exec-5] ERROR c.p.e.b.e.h.ExceptionActionAdvice.logException - Exception ===== [File][AbstractNamedValueMethodArgumentResolver.java][Method][resolveArgument][Line][128] ===== [Failed to convert value of type 'java.lang.String' to required type 'java.lang.Long'; nested exception is java.lang.NumberFormatException: For input string: "null"].
2018-07-25 13:56:29.565 logback [http-nio-8802-exec-7] ERROR c.p.e.b.e.h.ExceptionActionAdvice.logException - Exception ===== [File][AbstractNamedValueMethodArgumentResolver.java][Method][resolveArgument][Line][128] ===== [Failed to convert value of type 'java.lang.String' to required type 'java.lang.Long'; nested exception is java.lang.NumberFormatException: For input string: "null"].
2018-07-25 13:56:29.576 logback [http-nio-8802-exec-1] ERROR c.p.e.b.e.h.ExceptionActionAdvice.logException - Exception ===== [File][AbstractNamedValueMethodArgumentResolver.java][Method][resolveArgument][Line][128] ===== [Failed to convert value of type 'java.lang.String' to required type 'java.lang.Long'; nested exception is java.lang.NumberFormatException: For input string: "null"].
2018-07-25 13:57:46.173 logback [http-nio-8802-exec-7] ERROR c.p.e.b.e.h.ExceptionActionAdvice.logException - Exception ===== [File][DispatcherServlet.java][Method][doDispatch][Line][982] ===== [Handler dispatch failed; nested exception is java.lang.StackOverflowError].
2018-07-25 14:00:43.532 logback [http-nio-8802-exec-3] ERROR c.p.e.b.e.h.ExceptionActionAdvice.logException - Exception ===== [File][DispatcherServlet.java][Method][doDispatch][Line][982] ===== [Handler dispatch failed; nested exception is java.lang.StackOverflowError].
2018-07-25 14:01:09.949 logback [http-nio-8802-exec-10] ERROR c.p.e.b.e.h.ExceptionActionAdvice.logException - Exception ===== [File][DispatcherServlet.java][Method][doDispatch][Line][982] ===== [Handler dispatch failed; nested exception is java.lang.StackOverflowError].
2018-07-25 14:01:12.946 logback [http-nio-8802-exec-8] ERROR c.p.e.b.e.h.ExceptionActionAdvice.logException - Exception ===== [File][DispatcherServlet.java][Method][doDispatch][Line][982] ===== [Handler dispatch failed; nested exception is java.lang.StackOverflowError].
2018-07-25 14:01:52.258 logback [http-nio-8802-exec-10] ERROR c.p.e.b.e.h.ExceptionActionAdvice.logException - Exception ===== [File][Assert.java][Method][notNull][Line][181] ===== [权限码参数不能为空].
2018-07-25 14:01:52.378 logback [http-nio-8802-exec-5] ERROR c.p.e.b.e.h.ExceptionActionAdvice.logException - Exception ===== [File][DispatcherServlet.java][Method][doDispatch][Line][982] ===== [Handler dispatch failed; nested exception is java.lang.StackOverflowError].
2018-07-25 14:02:14.388 logback [http-nio-8802-exec-8] ERROR c.p.e.b.e.h.ExceptionActionAdvice.logException - Exception ===== [File][Assert.java][Method][notNull][Line][181] ===== [权限码参数不能为空].
2018-07-25 14:02:14.546 logback [http-nio-8802-exec-2] ERROR c.p.e.b.e.h.ExceptionActionAdvice.logException - Exception ===== [File][DispatcherServlet.java][Method][doDispatch][Line][982] ===== [Handler dispatch failed; nested exception is java.lang.StackOverflowError].
2018-07-25 14:35:16.563 logback [http-nio-8802-exec-8] ERROR c.p.e.b.e.h.ExceptionActionAdvice.logException - Exception ===== [File][ModelAttributeMethodProcessor.java][Method][resolveArgument][Line][115] ===== [org.springframework.validation.BeanPropertyBindingResult: 1 errors
Field error in object 'bossQueryVo' on field 'companyId': rejected value [undefined]; codes [typeMismatch.bossQueryVo.companyId,typeMismatch.companyId,typeMismatch.java.lang.Long,typeMismatch]; arguments [org.springframework.context.support.DefaultMessageSourceResolvable: codes [bossQueryVo.companyId,companyId]; arguments []; default message [companyId]]; default message [Failed to convert property value of type 'java.lang.String' to required type 'java.lang.Long' for property 'companyId'; nested exception is java.lang.NumberFormatException: For input string: "undefined"]].
2018-07-25 14:37:00.630 logback [http-nio-8802-exec-8] ERROR c.p.e.b.e.h.ExceptionActionAdvice.logException - Exception ===== [File][ModelAttributeMethodProcessor.java][Method][resolveArgument][Line][115] ===== [org.springframework.validation.BeanPropertyBindingResult: 1 errors
Field error in object 'bossQueryVo' on field 'companyId': rejected value [undefined]; codes [typeMismatch.bossQueryVo.companyId,typeMismatch.companyId,typeMismatch.java.lang.Long,typeMismatch]; arguments [org.springframework.context.support.DefaultMessageSourceResolvable: codes [bossQueryVo.companyId,companyId]; arguments []; default message [companyId]]; default message [Failed to convert property value of type 'java.lang.String' to required type 'java.lang.Long' for property 'companyId'; nested exception is java.lang.NumberFormatException: For input string: "undefined"]].
2018-07-25 14:37:45.713 logback [http-nio-8802-exec-7] ERROR c.p.e.b.e.h.ExceptionActionAdvice.logException - Exception ===== [File][ModelAttributeMethodProcessor.java][Method][resolveArgument][Line][115] ===== [org.springframework.validation.BeanPropertyBindingResult: 1 errors
Field error in object 'bossQueryVo' on field 'companyId': rejected value [undefined]; codes [typeMismatch.bossQueryVo.companyId,typeMismatch.companyId,typeMismatch.java.lang.Long,typeMismatch]; arguments [org.springframework.context.support.DefaultMessageSourceResolvable: codes [bossQueryVo.companyId,companyId]; arguments []; default message [companyId]]; default message [Failed to convert property value of type 'java.lang.String' to required type 'java.lang.Long' for property 'companyId'; nested exception is java.lang.NumberFormatException: For input string: "undefined"]].
2018-07-25 14:38:43.016 logback [http-nio-8802-exec-8] ERROR c.p.e.b.e.h.ExceptionActionAdvice.logException - Exception ===== [File][ModelAttributeMethodProcessor.java][Method][resolveArgument][Line][115] ===== [org.springframework.validation.BeanPropertyBindingResult: 1 errors
Field error in object 'bossQueryVo' on field 'companyId': rejected value [undefined]; codes [typeMismatch.bossQueryVo.companyId,typeMismatch.companyId,typeMismatch.java.lang.Long,typeMismatch]; arguments [org.springframework.context.support.DefaultMessageSourceResolvable: codes [bossQueryVo.companyId,companyId]; arguments []; default message [companyId]]; default message [Failed to convert property value of type 'java.lang.String' to required type 'java.lang.Long' for property 'companyId'; nested exception is java.lang.NumberFormatException: For input string: "undefined"]].
2018-07-25 14:38:58.943 logback [http-nio-8802-exec-2] ERROR c.p.e.b.e.h.ExceptionActionAdvice.logException - Exception ===== [File][ModelAttributeMethodProcessor.java][Method][resolveArgument][Line][115] ===== [org.springframework.validation.BeanPropertyBindingResult: 1 errors
Field error in object 'bossQueryVo' on field 'companyId': rejected value [undefined]; codes [typeMismatch.bossQueryVo.companyId,typeMismatch.companyId,typeMismatch.java.lang.Long,typeMismatch]; arguments [org.springframework.context.support.DefaultMessageSourceResolvable: codes [bossQueryVo.companyId,companyId]; arguments []; default message [companyId]]; default message [Failed to convert property value of type 'java.lang.String' to required type 'java.lang.Long' for property 'companyId'; nested exception is java.lang.NumberFormatException: For input string: "undefined"]].
2018-07-25 14:41:09.128 logback [http-nio-8802-exec-4] ERROR c.p.e.b.e.h.ExceptionActionAdvice.logException - Exception ===== [File][ModelAttributeMethodProcessor.java][Method][resolveArgument][Line][115] ===== [org.springframework.validation.BeanPropertyBindingResult: 1 errors
Field error in object 'bossQueryVo' on field 'companyId': rejected value [undefined]; codes [typeMismatch.bossQueryVo.companyId,typeMismatch.companyId,typeMismatch.java.lang.Long,typeMismatch]; arguments [org.springframework.context.support.DefaultMessageSourceResolvable: codes [bossQueryVo.companyId,companyId]; arguments []; default message [companyId]]; default message [Failed to convert property value of type 'java.lang.String' to required type 'java.lang.Long' for property 'companyId'; nested exception is java.lang.NumberFormatException: For input string: "undefined"]].
2018-07-25 14:42:46.632 logback [http-nio-8802-exec-2] ERROR c.p.e.b.e.h.ExceptionActionAdvice.logException - Exception ===== [File][ModelAttributeMethodProcessor.java][Method][resolveArgument][Line][115] ===== [org.springframework.validation.BeanPropertyBindingResult: 1 errors
Field error in object 'bossQueryVo' on field 'companyId': rejected value [undefined]; codes [typeMismatch.bossQueryVo.companyId,typeMismatch.companyId,typeMismatch.java.lang.Long,typeMismatch]; arguments [org.springframework.context.support.DefaultMessageSourceResolvable: codes [bossQueryVo.companyId,companyId]; arguments []; default message [companyId]]; default message [Failed to convert property value of type 'java.lang.String' to required type 'java.lang.Long' for property 'companyId'; nested exception is java.lang.NumberFormatException: For input string: "undefined"]].
2018-07-25 14:48:07.189 logback [http-nio-8802-exec-1] ERROR c.p.e.b.e.h.ExceptionActionAdvice.logException - Exception ===== [File][ModelAttributeMethodProcessor.java][Method][resolveArgument][Line][115] ===== [org.springframework.validation.BeanPropertyBindingResult: 1 errors
Field error in object 'bossQueryVo' on field 'companyId': rejected value [undefined]; codes [typeMismatch.bossQueryVo.companyId,typeMismatch.companyId,typeMismatch.java.lang.Long,typeMismatch]; arguments [org.springframework.context.support.DefaultMessageSourceResolvable: codes [bossQueryVo.companyId,companyId]; arguments []; default message [companyId]]; default message [Failed to convert property value of type 'java.lang.String' to required type 'java.lang.Long' for property 'companyId'; nested exception is java.lang.NumberFormatException: For input string: "undefined"]].
2018-07-25 14:48:08.238 logback [http-nio-8802-exec-7] ERROR c.p.e.b.e.h.ExceptionActionAdvice.logException - Exception ===== [File][NativeConstructorAccessorImpl.java][Method][newInstance0][Line][-2] ===== [令牌为空!].
2018-07-25 15:12:26.247 logback [http-nio-8802-exec-6] ERROR c.p.e.b.e.h.ExceptionActionAdvice.logException - Exception ===== [File][DispatcherServlet.java][Method][doDispatch][Line][982] ===== [Handler dispatch failed; nested exception is java.lang.StackOverflowError].
2018-07-25 16:16:04.534 logback [http-nio-8802-exec-9] ERROR c.p.e.b.e.h.ExceptionActionAdvice.logException - Exception ===== [File][DispatcherServlet.java][Method][doDispatch][Line][982] ===== [Handler dispatch failed; nested exception is java.lang.StackOverflowError].
2018-07-25 16:16:08.952 logback [http-nio-8802-exec-3] ERROR c.p.e.b.e.h.ExceptionActionAdvice.logException - Exception ===== [File][DispatcherServlet.java][Method][doDispatch][Line][982] ===== [Handler dispatch failed; nested exception is java.lang.StackOverflowError].
2018-07-25 16:24:19.171 logback [http-nio-8802-exec-6] ERROR c.p.e.b.e.h.ExceptionActionAdvice.logException - Exception ===== [File][DispatcherServlet.java][Method][doDispatch][Line][982] ===== [Handler dispatch failed; nested exception is java.lang.StackOverflowError].
2018-07-25 16:25:13.441 logback [http-nio-8802-exec-3] ERROR c.p.e.b.e.h.ExceptionActionAdvice.logException - Exception ===== [File][NativeConstructorAccessorImpl.java][Method][newInstance0][Line][-2] ===== [令牌为空!].
2018-07-25 16:33:53.281 logback [http-nio-8802-exec-9] ERROR c.p.e.b.e.h.ExceptionActionAdvice.logException - Exception ===== [File][NativeConstructorAccessorImpl.java][Method][newInstance0][Line][-2] ===== [令牌为空!].
2018-07-25 16:36:26.818 logback [http-nio-8802-exec-7] ERROR c.p.e.b.e.h.ExceptionActionAdvice.logException - Exception ===== [File][NativeConstructorAccessorImpl.java][Method][newInstance0][Line][-2] ===== [令牌为空!].
2018-07-25 16:36:45.688 logback [http-nio-8802-exec-10] ERROR c.p.e.b.e.h.ExceptionActionAdvice.logException - Exception ===== [File][NativeConstructorAccessorImpl.java][Method][newInstance0][Line][-2] ===== [令牌为空!].
2018-07-25 16:45:06.506 logback [http-nio-8802-exec-3] ERROR c.p.e.b.e.h.ExceptionActionAdvice.logException - Exception ===== [File][NativeConstructorAccessorImpl.java][Method][newInstance0][Line][-2] ===== [令牌为空!].
2018-07-25 16:45:15.252 logback [http-nio-8802-exec-8] ERROR c.p.e.b.e.h.ExceptionActionAdvice.logException - Exception ===== [File][NativeConstructorAccessorImpl.java][Method][newInstance0][Line][-2] ===== [令牌为空!].
2018-07-25 16:48:53.629 logback [http-nio-8802-exec-7] ERROR c.p.e.b.e.h.ExceptionActionAdvice.logException - Exception ===== [File][NativeConstructorAccessorImpl.java][Method][newInstance0][Line][-2] ===== [令牌为空!].
2018-07-25 16:50:14.145 logback [http-nio-8802-exec-4] ERROR c.p.e.b.e.h.ExceptionActionAdvice.logException - Exception ===== [File][NativeConstructorAccessorImpl.java][Method][newInstance0][Line][-2] ===== [令牌为空!].
2018-07-25 16:59:44.925 logback [http-nio-8802-exec-8] ERROR c.p.e.b.e.h.ExceptionActionAdvice.logException - Exception ===== [File][DispatcherServlet.java][Method][doDispatch][Line][982] ===== [Handler dispatch failed; nested exception is java.lang.StackOverflowError].
2018-07-25 17:13:14.199 logback [http-nio-8802-exec-10] ERROR c.p.e.b.e.h.ExceptionActionAdvice.logException - Exception ===== [File][NativeConstructorAccessorImpl.java][Method][newInstance0][Line][-2] ===== [令牌为空!].
2018-07-25 17:24:42.830 logback [http-nio-8802-exec-5] ERROR c.p.e.b.e.h.ExceptionActionAdvice.logException - Exception ===== [File][DispatcherServlet.java][Method][doDispatch][Line][982] ===== [Handler dispatch failed; nested exception is java.lang.StackOverflowError].
2018-07-25 17:25:14.953 logback [http-nio-8802-exec-10] ERROR c.p.e.b.e.h.ExceptionActionAdvice.logException - Exception ===== [File][DispatcherServlet.java][Method][doDispatch][Line][982] ===== [Handler dispatch failed; nested exception is java.lang.StackOverflowError].
2018-07-25 17:26:29.382 logback [http-nio-8802-exec-1] ERROR c.p.e.b.e.h.ExceptionActionAdvice.logException - Exception ===== [File][DispatcherServlet.java][Method][doDispatch][Line][982] ===== [Handler dispatch failed; nested exception is java.lang.StackOverflowError].
2018-07-25 17:27:26.398 logback [http-nio-8802-exec-1] ERROR c.p.e.b.e.h.ExceptionActionAdvice.logException - Exception ===== [File][DispatcherServlet.java][Method][doDispatch][Line][982] ===== [Handler dispatch failed; nested exception is java.lang.StackOverflowError].
2018-07-25 17:33:36.641 logback [http-nio-8802-exec-10] ERROR c.p.e.b.e.h.ExceptionActionAdvice.logException - Exception ===== [File][DispatcherServlet.java][Method][doDispatch][Line][982] ===== [Handler dispatch failed; nested exception is java.lang.StackOverflowError].
2018-07-25 17:37:34.545 logback [http-nio-8802-exec-9] ERROR c.p.e.b.e.h.ExceptionActionAdvice.logException - Exception ===== [File][DispatcherServlet.java][Method][doDispatch][Line][982] ===== [Handler dispatch failed; nested exception is java.lang.StackOverflowError].
2018-07-25 17:42:44.863 logback [http-nio-8802-exec-1] ERROR c.p.e.b.e.h.ExceptionActionAdvice.logException - Exception ===== [File][DispatcherServlet.java][Method][doDispatch][Line][982] ===== [Handler dispatch failed; nested exception is java.lang.StackOverflowError].
2018-07-25 17:43:40.426 logback [http-nio-8802-exec-5] ERROR c.p.e.b.e.h.ExceptionActionAdvice.logException - Exception ===== [File][DispatcherServlet.java][Method][doDispatch][Line][982] ===== [Handler dispatch failed; nested exception is java.lang.StackOverflowError].
2018-07-25 17:50:03.137 logback [http-nio-8802-exec-7] ERROR c.p.e.b.e.h.ExceptionActionAdvice.logException - Exception ===== [File][DispatcherServlet.java][Method][doDispatch][Line][982] ===== [Handler dispatch failed; nested exception is java.lang.StackOverflowError].
2018-07-25 17:51:09.840 logback [http-nio-8802-exec-21] ERROR c.p.e.b.e.h.ExceptionActionAdvice.logException - Exception ===== [File][DispatcherServlet.java][Method][doDispatch][Line][982] ===== [Handler dispatch failed; nested exception is java.lang.StackOverflowError].
2018-07-25 17:52:18.678 logback [http-nio-8802-exec-1] ERROR c.p.e.b.e.h.ExceptionActionAdvice.logException - Exception ===== [File][DispatcherServlet.java][Method][doDispatch][Line][982] ===== [Handler dispatch failed; nested exception is java.lang.StackOverflowError].
2018-07-25 17:57:59.006 logback [http-nio-8802-exec-7] ERROR c.p.e.b.e.h.ExceptionActionAdvice.logException - Exception ===== [File][NumberFormatException.java][Method][forInputString][Line][65] ===== [For input string: "0126新增部门"].
2018-07-25 17:58:07.635 logback [http-nio-8802-exec-10] ERROR c.p.e.b.e.h.ExceptionActionAdvice.logException - Exception ===== [File][DispatcherServlet.java][Method][doDispatch][Line][982] ===== [Handler dispatch failed; nested exception is java.lang.StackOverflowError].
2018-07-25 17:58:24.019 logback [http-nio-8802-exec-20] ERROR c.p.e.b.e.h.ExceptionActionAdvice.logException - Exception ===== [File][DispatcherServlet.java][Method][doDispatch][Line][982] ===== [Handler dispatch failed; nested exception is java.lang.StackOverflowError].
2018-07-25 17:59:03.624 logback [http-nio-8802-exec-5] ERROR c.p.e.b.e.h.ExceptionActionAdvice.logException - Exception ===== [File][DispatcherServlet.java][Method][doDispatch][Line][982] ===== [Handler dispatch failed; nested exception is java.lang.StackOverflowError].
2018-07-25 17:59:31.383 logback [http-nio-8802-exec-10] ERROR c.p.e.b.e.h.ExceptionActionAdvice.logException - Exception ===== [File][NumberFormatException.java][Method][forInputString][Line][65] ===== [For input string: "0126新增部门"].
2018-07-25 18:00:00.159 logback [http-nio-8802-exec-18] ERROR c.p.e.b.e.h.ExceptionActionAdvice.logException - Exception ===== [File][DispatcherServlet.java][Method][doDispatch][Line][982] ===== [Handler dispatch failed; nested exception is java.lang.StackOverflowError].
2018-07-25 18:31:03.187 logback [http-nio-8802-exec-2] ERROR c.p.e.b.e.h.ExceptionActionAdvice.logException - Exception ===== [File][AbstractNamedValueMethodArgumentResolver.java][Method][resolveArgument][Line][128] ===== [Failed to convert value of type 'java.lang.String' to required type 'java.lang.Long'; nested exception is java.lang.NumberFormatException: For input string: "null"].
2018-07-25 18:31:03.187 logback [http-nio-8802-exec-4] ERROR c.p.e.b.e.h.ExceptionActionAdvice.logException - Exception ===== [File][AbstractNamedValueMethodArgumentResolver.java][Method][resolveArgument][Line][128] ===== [Failed to convert value of type 'java.lang.String' to required type 'java.lang.Long'; nested exception is java.lang.NumberFormatException: For input string: "null"].
2018-07-25 18:34:32.891 logback [http-nio-8802-exec-7] ERROR c.p.e.b.e.h.ExceptionActionAdvice.logException - Exception ===== [File][AbstractNamedValueMethodArgumentResolver.java][Method][resolveArgument][Line][128] ===== [Failed to convert value of type 'java.lang.String' to required type 'java.lang.Long'; nested exception is java.lang.NumberFormatException: For input string: "null"].
2018-07-25 18:34:32.901 logback [http-nio-8802-exec-3] ERROR c.p.e.b.e.h.ExceptionActionAdvice.logException - Exception ===== [File][AbstractNamedValueMethodArgumentResolver.java][Method][resolveArgument][Line][128] ===== [Failed to convert value of type 'java.lang.String' to required type 'java.lang.Long'; nested exception is java.lang.NumberFormatException: For input string: "null"].
2018-07-25 18:34:40.744 logback [http-nio-8802-exec-2] ERROR c.p.e.b.e.h.ExceptionActionAdvice.logException - Exception ===== [File][AbstractNamedValueMethodArgumentResolver.java][Method][resolveArgument][Line][128] ===== [Failed to convert value of type 'java.lang.String' to required type 'java.lang.Long'; nested exception is java.lang.NumberFormatException: For input string: "null"].
2018-07-25 18:34:40.825 logback [http-nio-8802-exec-5] ERROR c.p.e.b.e.h.ExceptionActionAdvice.logException - Exception ===== [File][AbstractNamedValueMethodArgumentResolver.java][Method][resolveArgument][Line][128] ===== [Failed to convert value of type 'java.lang.String' to required type 'java.lang.Long'; nested exception is java.lang.NumberFormatException: For input string: "null"].
2018-07-25 18:36:47.611 logback [http-nio-8802-exec-6] ERROR c.p.e.b.e.h.ExceptionActionAdvice.logException - Exception ===== [File][AbstractNamedValueMethodArgumentResolver.java][Method][resolveArgument][Line][128] ===== [Failed to convert value of type 'java.lang.String' to required type 'java.lang.Long'; nested exception is java.lang.NumberFormatException: For input string: "null"].
2018-07-25 18:36:47.637 logback [http-nio-8802-exec-1] ERROR c.p.e.b.e.h.ExceptionActionAdvice.logException - Exception ===== [File][AbstractNamedValueMethodArgumentResolver.java][Method][resolveArgument][Line][128] ===== [Failed to convert value of type 'java.lang.String' to required type 'java.lang.Long'; nested exception is java.lang.NumberFormatException: For input string: "null"].
