2018-08-04 09:11:19.740 logback [http-nio-8802-exec-1] DEBUG jdbc.sqltiming.sqlTimingOccured -  org.apache.ibatis.executor.statement.PreparedStatementHandler.query(PreparedStatementHandler.java:63)
 select '狗脑袋' from dual 
	{executed in 15 msec, connection number: [1]}
2018-08-04 09:11:19.756 logback [http-nio-8802-exec-1] DEBUG jdbc.sqltiming.sqlTimingOccured -  org.apache.ibatis.executor.statement.PreparedStatementHandler.query(PreparedStatementHandler.java:63)
 select '狗身体' from dual 
	{executed in 0 msec, connection number: [1]}
2018-08-04 09:11:19.756 logback [http-nio-8802-exec-1] DEBUG jdbc.sqltiming.sqlTimingOccured -  org.apache.ibatis.executor.statement.PreparedStatementHandler.query(PreparedStatementHandler.java:63)
 select '狗尾巴' from dual 
	{executed in 0 msec, connection number: [1]}
2018-08-04 09:11:19.771 logback [http-nio-8802-exec-1] DEBUG jdbc.sqltiming.sqlTimingOccured -  org.apache.ibatis.executor.statement.PreparedStatementHandler.query(PreparedStatementHandler.java:63)
 select '猫脑袋' from dual 
	{executed in 0 msec, connection number: [2]}
2018-08-04 09:11:19.771 logback [http-nio-8802-exec-1] DEBUG jdbc.sqltiming.sqlTimingOccured -  org.apache.ibatis.executor.statement.PreparedStatementHandler.query(PreparedStatementHandler.java:63)
 select '猫身体' from dual 
	{executed in 0 msec, connection number: [2]}
2018-08-04 09:11:19.771 logback [http-nio-8802-exec-1] DEBUG jdbc.sqltiming.sqlTimingOccured -  org.apache.ibatis.executor.statement.PreparedStatementHandler.query(PreparedStatementHandler.java:63)
 select '猫尾巴' from dual 
	{executed in 0 msec, connection number: [2]}
2018-08-04 15:49:54.542 logback [http-nio-8802-exec-2] DEBUG jdbc.sqltiming.sqlTimingOccured -  org.apache.ibatis.executor.statement.PreparedStatementHandler.query(PreparedStatementHandler.java:63)
 select count(1)from T_AUTH_ROLE_FUN_REF T join T_EMPLOYEE_ROLE ter on ter.role_id=t.role_id and ter.company_id=t.company_id join T_AUTH_MENU_FUN_TEMPLATE ta on T.AUTH_CODE= ta.auth_code join t_auth_menu tam on ta.menu_code = tam.code and tam.status = 0 where ter.EMPLOYEE_ID = 2586 and ter.company_id = 762 and ta.fun_code = 'FW' and t.group_id = 826 and tam.code = 'BOSS_CGHZ' and tam.module_code='YS_BOSS' and tam.Env_Type='APP_BOSS' 
	{executed in 22 msec, connection number: [1]}
2018-08-04 15:49:54.570 logback [http-nio-8802-exec-2] DEBUG jdbc.sqltiming.sqlTimingOccured -  org.apache.ibatis.executor.statement.PreparedStatementHandler.query(PreparedStatementHandler.java:63)
 select count(1)from T_AUTH_ROLE_FUN_REF T join T_EMPLOYEE_ROLE ter on ter.role_id=t.role_id and ter.company_id=t.company_id join T_AUTH_MENU_FUN_TEMPLATE ta on T.AUTH_CODE= ta.auth_code join t_auth_menu tam on ta.menu_code = tam.code and tam.status = 0 where ter.EMPLOYEE_ID = 2586 and ter.company_id = 762 and ta.fun_code = 'CKCBJ' and t.group_id = 826 and tam.code = 'BOSS_CGHZ' and tam.module_code='YS_BOSS' and tam.Env_Type='APP_BOSS' 
	{executed in 12 msec, connection number: [1]}
2018-08-04 15:49:54.598 logback [http-nio-8802-exec-2] DEBUG jdbc.sqltiming.sqlTimingOccured -  org.apache.ibatis.executor.statement.PreparedStatementHandler.query(PreparedStatementHandler.java:63)
 SELECT DISTINCT T.ID,T.CODE,T.NAME,T.ID AS COMPANYID FROM T_COMPANY T JOIN T_AUTH_COMPANY_MENU_REF CMR ON T.ID = CMR.COMPANY_ID JOIN T_AUTH_MENU M ON M.MODULE_CODE = CMR.MODULE_CODE JOIN T_AUTH_MENU_FUN_TEMPLATE MFT ON M.CODE = MFT.MENU_CODE JOIN T_AUTH_ROLE_FUN_REF RFR ON MFT.AUTH_CODE = RFR.AUTH_CODE AND RFR.COMPANY_ID = CMR.COMPANY_ID JOIN T_EMPLOYEE_ROLE ER ON RFR.ROLE_ID = ER.ROLE_ID AND ER.COMPANY_ID=T.ID AND ER.EMPLOYEE_ID = 2586 WHERE M.STATUS = 0 AND M.IS_NAV = 0 AND M.ENV_TYPE = 'APP_BOSS' AND M.MODULE_CODE='YS_BOSS' AND M.CODE ='BOSS_CGHZ' 
	{executed in 20 msec, connection number: [1]}
2018-08-04 15:49:54.624 logback [http-nio-8802-exec-2] DEBUG jdbc.sqltiming.sqlTimingOccured -  org.apache.ibatis.executor.statement.PreparedStatementHandler.query(PreparedStatementHandler.java:63)
 select t.id,t.code,t.name,t.parent_id,t.parent_id||','||t.name sectionPath,T.COMPANY_ID AS COMPANYID from t_section t start with t.id in (select to_number(t1.value_code) id from t_employee_data t1 where t1.type_code = 'KSYBM' and t1.employees_id = 2586 and t.COMPANY_ID = 762 ) connect by t.PARENT_ID = prior t.id and t.status = 0 
	{executed in 16 msec, connection number: [1]}
2018-08-04 15:49:54.630 logback [http-nio-8802-exec-2] DEBUG jdbc.sqltiming.sqlTimingOccured -  org.apache.ibatis.executor.statement.PreparedStatementHandler.query(PreparedStatementHandler.java:63)
 select t.id as id, t.name as name, t.code as code, t.PARENT_ID as pid, t.parent_id||','||t.name as sectionPath, T.COMPANY_ID AS COMPANYID from t_section t where t.COMPANY_ID = 762 and t.status = 0 
	{executed in 1 msec, connection number: [1]}
2018-08-04 15:49:54.884 logback [http-nio-8802-exec-2] DEBUG jdbc.sqltiming.sqlTimingOccured -  org.apache.ibatis.executor.statement.PreparedStatementHandler.query(PreparedStatementHandler.java:63)
 SELECT count(0) FROM (SELECT ID, CODE, NAME, SUM(GOODSQUANTITY) AS GOODSQUANTITY, TO_CHAR(SUM(GOODSAMOUNT)) AS GOODSAMOUNT, TO_CHAR(ROUND(JXC_ALL_PCK.CHECK_DIVIDE(SUM(GOODSAMOUNT), SUM(GOODSQUANTITY)), 2)) AS goodsPrice FROM (SELECT GOODSID AS ID, GOODSCODE AS CODE, GOODSNAME AS NAME, GOODSQUANTITY, GOODSAMOUNT FROM (SELECT TS.ID AS SECTIONID, TS.CODE AS SECTIONCODE, TS.NAME AS SECTIONNAME, TG.ID AS GOODSID, TG.CODE AS GOODSCODE, TG.NAME AS GOODSNAME, TCU.ID AS SUPPLIERID, TCU.CODE AS SUPPLIERCODE, TCU.NAME AS SUPPLIERNAME, NVL(T1.GOODS_NUMBER, 0) AS GOODSQUANTITY, NVL(T1.AMOUNT, 0) AS GOODSAMOUNT FROM I_BILLS_MAIN T JOIN I_INSTRORAGE_NUM T1 ON T.ID = T1.BILLS_MAIN_ID JOIN T_COMPANY TC ON T.COMPANY_ID = TC.ID JOIN I_STORAGE IST ON T1.STORAGE_ID = IST.ID JOIN T_SECTION TS ON IST.SECTION_ID = TS.ID JOIN T_CONTACT_UNIT TCU ON T.CONTACTSUNIT_ID = TCU.ID AND TCU.STATUS = 0 JOIN T_GOODSNAME TG ON T1.GOODS_ID = TG.ID WHERE T.BILLS_TYPE IN ('2', '3') AND T.GROUP_ID = 826 AND TC.ID IN (762) AND TS.ID IN (2373, 2380, 2376, 2091, 2371, 2375, 1593, 1770, 2377, 2374, 2383, 2370, 2384, 1470, 1591, 1592, 1473, 1594, 1472, 1471, 1398, 2390, 1399, 1400, 1331, 2560, 2382, 2381, 1396, 1166, 1167, 1490, 1397, 1611) UNION ALL SELECT TS.ID AS SECTIONID, TS.CODE AS SECTIONCODE, TS.NAME AS SECTIONNAME, TG.ID AS GOODSID, TG.CODE AS GOODSCODE, TG.NAME AS GOODSNAME, TCU.ID AS SUPPLIERID, TCU.CODE AS SUPPLIERCODE, TCU.NAME AS SUPPLIERNAME, NVL(-T1.GOODS_NUMBER, 0) AS GOODSQUANTITY, NVL(-T1.AMOUNT, 0) AS GOODSAMOUNT FROM I_BILLS_MAIN T JOIN I_OUTSTRORAGE_NUM T1 ON T.ID = T1.BILLS_MAIN_ID JOIN T_COMPANY TC ON T.COMPANY_ID = TC.ID JOIN I_STORAGE IST ON T1.STORAGE_ID = IST.ID JOIN T_SECTION TS ON IST.SECTION_ID = TS.ID JOIN T_CONTACT_UNIT TCU ON T.CONTACTSUNIT_ID = TCU.ID AND TCU.STATUS = 0 JOIN T_GOODSNAME TG ON T1.GOODS_ID = TG.ID WHERE T.BILLS_TYPE IN ('3', '4') AND T.GROUP_ID = 826 AND TC.ID IN (762) AND TS.ID IN (2373, 2380, 2376, 2091, 2371, 2375, 1593, 1770, 2377, 2374, 2383, 2370, 2384, 1470, 1591, 1592, 1473, 1594, 1472, 1471, 1398, 2390, 1399, 1400, 1331, 2560, 2382, 2381, 1396, 1166, 1167, 1490, 1397, 1611))) GROUP BY ID, CODE, NAME) table_count 
	{executed in 124 msec, connection number: [1]}
2018-08-04 15:49:55.032 logback [http-nio-8802-exec-2] DEBUG jdbc.sqltiming.sqlTimingOccured -  org.apache.ibatis.executor.statement.PreparedStatementHandler.query(PreparedStatementHandler.java:63)
 SELECT TMP_PAGE.*, ROWNUM ROW_ID FROM ( SELECT ID,CODE,NAME,SUM(GOODSQUANTITY)AS GOODSQUANTITY , TO_CHAR(SUM(GOODSAMOUNT))AS GOODSAMOUNT, TO_CHAR(ROUND(JXC_ALL_PCK.CHECK_DIVIDE(SUM(GOODSAMOUNT), SUM(GOODSQUANTITY)),2))AS goodsPrice FROM( SELECT GOODSID AS ID,GOODSCODE AS CODE,GOODSNAME AS NAME ,GOODSQUANTITY,GOODSAMOUNT FROM( SELECT TS.ID AS SECTIONID, TS.CODE AS SECTIONCODE, TS.NAME AS SECTIONNAME, TG.ID AS GOODSID, TG.CODE AS GOODSCODE, TG.NAME AS GOODSNAME, TCU.ID AS SUPPLIERID, TCU.CODE AS SUPPLIERCODE, TCU.NAME AS SUPPLIERNAME, NVL(T1.GOODS_NUMBER,0) AS GOODSQUANTITY, NVL(T1.AMOUNT,0) AS GOODSAMOUNT FROM I_BILLS_MAIN T JOIN I_INSTRORAGE_NUM T1 ON T.ID=T1.BILLS_MAIN_ID JOIN T_COMPANY TC ON T.COMPANY_ID=TC.ID JOIN I_STORAGE IST ON T1.STORAGE_ID=IST.ID JOIN T_SECTION TS ON IST.SECTION_ID=TS.ID JOIN T_CONTACT_UNIT TCU ON T.CONTACTSUNIT_ID=TCU.ID AND TCU.STATUS=0 JOIN T_GOODSNAME TG ON T1.GOODS_ID=TG.ID WHERE T.BILLS_TYPE IN ('2', '3') AND T.GROUP_ID = 826 AND TC.ID IN(762) AND TS.ID IN(2373,2380,2376,2091,2371,2375,1593,1770,2377,2374,2383,2370,2384,1470,1591,1592,1473,1594,1472,1471,1398,2390,1399,1400,1331,2560,2382,2381,1396,1166,1167,1490,1397,1611) UNION ALL SELECT TS.ID AS SECTIONID, TS.CODE AS SECTIONCODE, TS.NAME AS SECTIONNAME, TG.ID AS GOODSID, TG.CODE AS GOODSCODE, TG.NAME AS GOODSNAME, TCU.ID AS SUPPLIERID, TCU.CODE AS SUPPLIERCODE, TCU.NAME AS SUPPLIERNAME, NVL(-T1.GOODS_NUMBER,0) AS GOODSQUANTITY, NVL(-T1.AMOUNT,0) AS GOODSAMOUNT FROM I_BILLS_MAIN T JOIN I_OUTSTRORAGE_NUM T1 ON T.ID=T1.BILLS_MAIN_ID JOIN T_COMPANY TC ON T.COMPANY_ID=TC.ID JOIN I_STORAGE IST ON T1.STORAGE_ID=IST.ID JOIN T_SECTION TS ON IST.SECTION_ID=TS.ID JOIN T_CONTACT_UNIT TCU ON T.CONTACTSUNIT_ID=TCU.ID AND TCU.STATUS=0 JOIN T_GOODSNAME TG ON T1.GOODS_ID=TG.ID WHERE T.BILLS_TYPE IN ('3', '4') AND T.GROUP_ID = 826 AND TC.ID IN(762) AND TS.ID IN(2373,2380,2376,2091,2371,2375,1593,1770,2377,2374,2383,2370,2384,1470,1591,1592,1473,1594,1472,1471,1398,2390,1399,1400,1331,2560,2382,2381,1396,1166,1167,1490,1397,1611) ) ) GROUP BY ID,CODE,NAME ORDER BY ID,CODE,NAME ) TMP_PAGE WHERE ROWNUM <= 20 
	{executed in 123 msec, connection number: [1]}
2018-08-04 16:43:56.455 logback [http-nio-8802-exec-1] DEBUG jdbc.sqltiming.sqlTimingOccured -  org.apache.ibatis.executor.statement.PreparedStatementHandler.query(PreparedStatementHandler.java:63)
 select count(1)from T_AUTH_ROLE_FUN_REF T join T_EMPLOYEE_ROLE ter on ter.role_id=t.role_id and ter.company_id=t.company_id join T_AUTH_MENU_FUN_TEMPLATE ta on T.AUTH_CODE= ta.auth_code join t_auth_menu tam on ta.menu_code = tam.code and tam.status = 0 where ter.EMPLOYEE_ID = 2586 and ter.company_id = 762 and ta.fun_code = 'FW' and t.group_id = 826 and tam.code = 'BOSS_CGHZ' and tam.module_code='YS_BOSS' and tam.Env_Type='APP_BOSS' 
	{executed in 28 msec, connection number: [1]}
2018-08-04 16:44:01.453 logback [http-nio-8802-exec-1] DEBUG jdbc.sqltiming.sqlTimingOccured -  org.apache.ibatis.executor.statement.PreparedStatementHandler.query(PreparedStatementHandler.java:63)
 select count(1)from T_AUTH_ROLE_FUN_REF T join T_EMPLOYEE_ROLE ter on ter.role_id=t.role_id and ter.company_id=t.company_id join T_AUTH_MENU_FUN_TEMPLATE ta on T.AUTH_CODE= ta.auth_code join t_auth_menu tam on ta.menu_code = tam.code and tam.status = 0 where ter.EMPLOYEE_ID = 2586 and ter.company_id = 762 and ta.fun_code = 'CKCBJ' and t.group_id = 826 and tam.code = 'BOSS_CGHZ' and tam.module_code='YS_BOSS' and tam.Env_Type='APP_BOSS' 
	{executed in 6 msec, connection number: [1]}
2018-08-04 16:44:01.481 logback [http-nio-8802-exec-1] DEBUG jdbc.sqltiming.sqlTimingOccured -  org.apache.ibatis.executor.statement.PreparedStatementHandler.query(PreparedStatementHandler.java:63)
 SELECT DISTINCT T.ID,T.CODE,T.NAME,T.ID AS COMPANYID FROM T_COMPANY T JOIN T_AUTH_COMPANY_MENU_REF CMR ON T.ID = CMR.COMPANY_ID JOIN T_AUTH_MENU M ON M.MODULE_CODE = CMR.MODULE_CODE JOIN T_AUTH_MENU_FUN_TEMPLATE MFT ON M.CODE = MFT.MENU_CODE JOIN T_AUTH_ROLE_FUN_REF RFR ON MFT.AUTH_CODE = RFR.AUTH_CODE AND RFR.COMPANY_ID = CMR.COMPANY_ID JOIN T_EMPLOYEE_ROLE ER ON RFR.ROLE_ID = ER.ROLE_ID AND ER.COMPANY_ID=T.ID AND ER.EMPLOYEE_ID = 2586 WHERE M.STATUS = 0 AND M.IS_NAV = 0 AND M.ENV_TYPE = 'APP_BOSS' AND M.MODULE_CODE='YS_BOSS' AND M.CODE ='BOSS_CGHZ' 
	{executed in 18 msec, connection number: [1]}
2018-08-04 16:44:01.496 logback [http-nio-8802-exec-1] DEBUG jdbc.sqltiming.sqlTimingOccured -  org.apache.ibatis.executor.statement.PreparedStatementHandler.query(PreparedStatementHandler.java:63)
 select t.id,t.code,t.name,t.parent_id,t.parent_id||','||t.name sectionPath,T.COMPANY_ID AS COMPANYID from t_section t start with t.id in (select to_number(t1.value_code) id from t_employee_data t1 where t1.type_code = 'KSYBM' and t1.employees_id = 2586 and t.COMPANY_ID = 762 ) connect by t.PARENT_ID = prior t.id and t.status = 0 
	{executed in 5 msec, connection number: [1]}
2018-08-04 16:44:01.501 logback [http-nio-8802-exec-1] DEBUG jdbc.sqltiming.sqlTimingOccured -  org.apache.ibatis.executor.statement.PreparedStatementHandler.query(PreparedStatementHandler.java:63)
 select t.id as id, t.name as name, t.code as code, t.PARENT_ID as pid, t.parent_id||','||t.name as sectionPath, T.COMPANY_ID AS COMPANYID from t_section t where t.COMPANY_ID = 762 and t.status = 0 
	{executed in 2 msec, connection number: [1]}
2018-08-04 16:45:32.075 logback [http-nio-8802-exec-3] DEBUG jdbc.sqltiming.sqlTimingOccured -  org.apache.ibatis.executor.statement.PreparedStatementHandler.query(PreparedStatementHandler.java:63)
 select count(1)from T_AUTH_ROLE_FUN_REF T join T_EMPLOYEE_ROLE ter on ter.role_id=t.role_id and ter.company_id=t.company_id join T_AUTH_MENU_FUN_TEMPLATE ta on T.AUTH_CODE= ta.auth_code join t_auth_menu tam on ta.menu_code = tam.code and tam.status = 0 where ter.EMPLOYEE_ID = 2586 and ter.company_id = 762 and ta.fun_code = 'FW' and t.group_id = 826 and tam.code = 'BOSS_CGHZ' and tam.module_code='YS_BOSS' and tam.Env_Type='APP_BOSS' 
	{executed in 18 msec, connection number: [1]}
2018-08-04 16:45:32.102 logback [http-nio-8802-exec-3] DEBUG jdbc.sqltiming.sqlTimingOccured -  org.apache.ibatis.executor.statement.PreparedStatementHandler.query(PreparedStatementHandler.java:63)
 select count(1)from T_AUTH_ROLE_FUN_REF T join T_EMPLOYEE_ROLE ter on ter.role_id=t.role_id and ter.company_id=t.company_id join T_AUTH_MENU_FUN_TEMPLATE ta on T.AUTH_CODE= ta.auth_code join t_auth_menu tam on ta.menu_code = tam.code and tam.status = 0 where ter.EMPLOYEE_ID = 2586 and ter.company_id = 762 and ta.fun_code = 'CKCBJ' and t.group_id = 826 and tam.code = 'BOSS_CGHZ' and tam.module_code='YS_BOSS' and tam.Env_Type='APP_BOSS' 
	{executed in 9 msec, connection number: [1]}
2018-08-04 16:45:32.129 logback [http-nio-8802-exec-3] DEBUG jdbc.sqltiming.sqlTimingOccured -  org.apache.ibatis.executor.statement.PreparedStatementHandler.query(PreparedStatementHandler.java:63)
 SELECT DISTINCT T.ID,T.CODE,T.NAME,T.ID AS COMPANYID FROM T_COMPANY T JOIN T_AUTH_COMPANY_MENU_REF CMR ON T.ID = CMR.COMPANY_ID JOIN T_AUTH_MENU M ON M.MODULE_CODE = CMR.MODULE_CODE JOIN T_AUTH_MENU_FUN_TEMPLATE MFT ON M.CODE = MFT.MENU_CODE JOIN T_AUTH_ROLE_FUN_REF RFR ON MFT.AUTH_CODE = RFR.AUTH_CODE AND RFR.COMPANY_ID = CMR.COMPANY_ID JOIN T_EMPLOYEE_ROLE ER ON RFR.ROLE_ID = ER.ROLE_ID AND ER.COMPANY_ID=T.ID AND ER.EMPLOYEE_ID = 2586 WHERE M.STATUS = 0 AND M.IS_NAV = 0 AND M.ENV_TYPE = 'APP_BOSS' AND M.MODULE_CODE='YS_BOSS' AND M.CODE ='BOSS_CGHZ' 
	{executed in 17 msec, connection number: [1]}
2018-08-04 16:45:32.145 logback [http-nio-8802-exec-3] DEBUG jdbc.sqltiming.sqlTimingOccured -  org.apache.ibatis.executor.statement.PreparedStatementHandler.query(PreparedStatementHandler.java:63)
 select t.id,t.code,t.name,t.parent_id,t.parent_id||','||t.name sectionPath,T.COMPANY_ID AS COMPANYID from t_section t start with t.id in (select to_number(t1.value_code) id from t_employee_data t1 where t1.type_code = 'KSYBM' and t1.employees_id = 2586 and t.COMPANY_ID = 762 ) connect by t.PARENT_ID = prior t.id and t.status = 0 
	{executed in 4 msec, connection number: [1]}
2018-08-04 16:45:32.150 logback [http-nio-8802-exec-3] DEBUG jdbc.sqltiming.sqlTimingOccured -  org.apache.ibatis.executor.statement.PreparedStatementHandler.query(PreparedStatementHandler.java:63)
 select t.id as id, t.name as name, t.code as code, t.PARENT_ID as pid, t.parent_id||','||t.name as sectionPath, T.COMPANY_ID AS COMPANYID from t_section t where t.COMPANY_ID = 762 and t.status = 0 
	{executed in 2 msec, connection number: [1]}
2018-08-04 17:11:36.448 logback [http-nio-8802-exec-1] DEBUG jdbc.sqltiming.sqlTimingOccured -  org.apache.ibatis.executor.statement.PreparedStatementHandler.query(PreparedStatementHandler.java:63)
 select count(1)from T_AUTH_ROLE_FUN_REF T join T_EMPLOYEE_ROLE ter on ter.role_id=t.role_id and ter.company_id=t.company_id join T_AUTH_MENU_FUN_TEMPLATE ta on T.AUTH_CODE= ta.auth_code join t_auth_menu tam on ta.menu_code = tam.code and tam.status = 0 where ter.EMPLOYEE_ID = 2586 and ter.company_id = 762 and ta.fun_code = 'FW' and t.group_id = 826 and tam.code = 'BOSS_CGHZ' and tam.module_code='YS_BOSS' and tam.Env_Type='APP_BOSS' 
	{executed in 22 msec, connection number: [1]}
2018-08-04 17:11:36.477 logback [http-nio-8802-exec-1] DEBUG jdbc.sqltiming.sqlTimingOccured -  org.apache.ibatis.executor.statement.PreparedStatementHandler.query(PreparedStatementHandler.java:63)
 select count(1)from T_AUTH_ROLE_FUN_REF T join T_EMPLOYEE_ROLE ter on ter.role_id=t.role_id and ter.company_id=t.company_id join T_AUTH_MENU_FUN_TEMPLATE ta on T.AUTH_CODE= ta.auth_code join t_auth_menu tam on ta.menu_code = tam.code and tam.status = 0 where ter.EMPLOYEE_ID = 2586 and ter.company_id = 762 and ta.fun_code = 'CKCBJ' and t.group_id = 826 and tam.code = 'BOSS_CGHZ' and tam.module_code='YS_BOSS' and tam.Env_Type='APP_BOSS' 
	{executed in 9 msec, connection number: [1]}
2018-08-04 17:11:36.504 logback [http-nio-8802-exec-1] DEBUG jdbc.sqltiming.sqlTimingOccured -  org.apache.ibatis.executor.statement.PreparedStatementHandler.query(PreparedStatementHandler.java:63)
 SELECT DISTINCT T.ID,T.CODE,T.NAME,T.ID AS COMPANYID FROM T_COMPANY T JOIN T_AUTH_COMPANY_MENU_REF CMR ON T.ID = CMR.COMPANY_ID JOIN T_AUTH_MENU M ON M.MODULE_CODE = CMR.MODULE_CODE JOIN T_AUTH_MENU_FUN_TEMPLATE MFT ON M.CODE = MFT.MENU_CODE JOIN T_AUTH_ROLE_FUN_REF RFR ON MFT.AUTH_CODE = RFR.AUTH_CODE AND RFR.COMPANY_ID = CMR.COMPANY_ID JOIN T_EMPLOYEE_ROLE ER ON RFR.ROLE_ID = ER.ROLE_ID AND ER.COMPANY_ID=T.ID AND ER.EMPLOYEE_ID = 2586 WHERE M.STATUS = 0 AND M.IS_NAV = 0 AND M.ENV_TYPE = 'APP_BOSS' AND M.MODULE_CODE='YS_BOSS' AND M.CODE ='BOSS_CGHZ' 
	{executed in 17 msec, connection number: [1]}
2018-08-04 17:11:36.520 logback [http-nio-8802-exec-1] DEBUG jdbc.sqltiming.sqlTimingOccured -  org.apache.ibatis.executor.statement.PreparedStatementHandler.query(PreparedStatementHandler.java:63)
 select t.id,t.code,t.name,t.parent_id,t.parent_id||','||t.name sectionPath,T.COMPANY_ID AS COMPANYID from t_section t start with t.id in (select to_number(t1.value_code) id from t_employee_data t1 where t1.type_code = 'KSYBM' and t1.employees_id = 2586 and t.COMPANY_ID = 762 ) connect by t.PARENT_ID = prior t.id and t.status = 0 
	{executed in 5 msec, connection number: [1]}
2018-08-04 17:11:36.524 logback [http-nio-8802-exec-1] DEBUG jdbc.sqltiming.sqlTimingOccured -  org.apache.ibatis.executor.statement.PreparedStatementHandler.query(PreparedStatementHandler.java:63)
 select t.id as id, t.name as name, t.code as code, t.PARENT_ID as pid, t.parent_id||','||t.name as sectionPath, T.COMPANY_ID AS COMPANYID from t_section t where t.COMPANY_ID = 762 and t.status = 0 
	{executed in 2 msec, connection number: [1]}
2018-08-04 17:15:03.187 logback [http-nio-8802-exec-2] DEBUG jdbc.sqltiming.sqlTimingOccured -  org.apache.ibatis.executor.statement.PreparedStatementHandler.query(PreparedStatementHandler.java:63)
 select count(1)from T_AUTH_ROLE_FUN_REF T join T_EMPLOYEE_ROLE ter on ter.role_id=t.role_id and ter.company_id=t.company_id join T_AUTH_MENU_FUN_TEMPLATE ta on T.AUTH_CODE= ta.auth_code join t_auth_menu tam on ta.menu_code = tam.code and tam.status = 0 where ter.EMPLOYEE_ID = 2586 and ter.company_id = 762 and ta.fun_code = 'FW' and t.group_id = 826 and tam.code = 'BOSS_CGHZ' and tam.module_code='YS_BOSS' and tam.Env_Type='APP_BOSS' 
	{executed in 18 msec, connection number: [1]}
2018-08-04 17:15:03.215 logback [http-nio-8802-exec-2] DEBUG jdbc.sqltiming.sqlTimingOccured -  org.apache.ibatis.executor.statement.PreparedStatementHandler.query(PreparedStatementHandler.java:63)
 select count(1)from T_AUTH_ROLE_FUN_REF T join T_EMPLOYEE_ROLE ter on ter.role_id=t.role_id and ter.company_id=t.company_id join T_AUTH_MENU_FUN_TEMPLATE ta on T.AUTH_CODE= ta.auth_code join t_auth_menu tam on ta.menu_code = tam.code and tam.status = 0 where ter.EMPLOYEE_ID = 2586 and ter.company_id = 762 and ta.fun_code = 'CKCBJ' and t.group_id = 826 and tam.code = 'BOSS_CGHZ' and tam.module_code='YS_BOSS' and tam.Env_Type='APP_BOSS' 
	{executed in 11 msec, connection number: [1]}
2018-08-04 17:15:03.242 logback [http-nio-8802-exec-2] DEBUG jdbc.sqltiming.sqlTimingOccured -  org.apache.ibatis.executor.statement.PreparedStatementHandler.query(PreparedStatementHandler.java:63)
 SELECT DISTINCT T.ID,T.CODE,T.NAME,T.ID AS COMPANYID FROM T_COMPANY T JOIN T_AUTH_COMPANY_MENU_REF CMR ON T.ID = CMR.COMPANY_ID JOIN T_AUTH_MENU M ON M.MODULE_CODE = CMR.MODULE_CODE JOIN T_AUTH_MENU_FUN_TEMPLATE MFT ON M.CODE = MFT.MENU_CODE JOIN T_AUTH_ROLE_FUN_REF RFR ON MFT.AUTH_CODE = RFR.AUTH_CODE AND RFR.COMPANY_ID = CMR.COMPANY_ID JOIN T_EMPLOYEE_ROLE ER ON RFR.ROLE_ID = ER.ROLE_ID AND ER.COMPANY_ID=T.ID AND ER.EMPLOYEE_ID = 2586 WHERE M.STATUS = 0 AND M.IS_NAV = 0 AND M.ENV_TYPE = 'APP_BOSS' AND M.MODULE_CODE='YS_BOSS' AND M.CODE ='BOSS_CGHZ' 
	{executed in 20 msec, connection number: [1]}
2018-08-04 17:15:03.258 logback [http-nio-8802-exec-2] DEBUG jdbc.sqltiming.sqlTimingOccured -  org.apache.ibatis.executor.statement.PreparedStatementHandler.query(PreparedStatementHandler.java:63)
 select t.id,t.code,t.name,t.parent_id,t.parent_id||','||t.name sectionPath,T.COMPANY_ID AS COMPANYID from t_section t start with t.id in (select to_number(t1.value_code) id from t_employee_data t1 where t1.type_code = 'KSYBM' and t1.employees_id = 2586 and t.COMPANY_ID = 762 ) connect by t.PARENT_ID = prior t.id and t.status = 0 
	{executed in 5 msec, connection number: [1]}
2018-08-04 17:15:03.264 logback [http-nio-8802-exec-2] DEBUG jdbc.sqltiming.sqlTimingOccured -  org.apache.ibatis.executor.statement.PreparedStatementHandler.query(PreparedStatementHandler.java:63)
 select t.id as id, t.name as name, t.code as code, t.PARENT_ID as pid, t.parent_id||','||t.name as sectionPath, T.COMPANY_ID AS COMPANYID from t_section t where t.COMPANY_ID = 762 and t.status = 0 
	{executed in 2 msec, connection number: [1]}
2018-08-04 17:15:55.664 logback [http-nio-8802-exec-1] DEBUG jdbc.sqltiming.sqlTimingOccured -  org.apache.ibatis.executor.statement.PreparedStatementHandler.query(PreparedStatementHandler.java:63)
 select count(1)from T_AUTH_ROLE_FUN_REF T join T_EMPLOYEE_ROLE ter on ter.role_id=t.role_id and ter.company_id=t.company_id join T_AUTH_MENU_FUN_TEMPLATE ta on T.AUTH_CODE= ta.auth_code join t_auth_menu tam on ta.menu_code = tam.code and tam.status = 0 where ter.EMPLOYEE_ID = 2586 and ter.company_id = 762 and ta.fun_code = 'FW' and t.group_id = 826 and tam.code = 'BOSS_CGHZ' and tam.module_code='YS_BOSS' and tam.Env_Type='APP_BOSS' 
	{executed in 18 msec, connection number: [2]}
2018-08-04 17:15:55.678 logback [http-nio-8802-exec-1] DEBUG jdbc.sqltiming.sqlTimingOccured -  org.apache.ibatis.executor.statement.PreparedStatementHandler.query(PreparedStatementHandler.java:63)
 select count(1)from T_AUTH_ROLE_FUN_REF T join T_EMPLOYEE_ROLE ter on ter.role_id=t.role_id and ter.company_id=t.company_id join T_AUTH_MENU_FUN_TEMPLATE ta on T.AUTH_CODE= ta.auth_code join t_auth_menu tam on ta.menu_code = tam.code and tam.status = 0 where ter.EMPLOYEE_ID = 2586 and ter.company_id = 762 and ta.fun_code = 'CKCBJ' and t.group_id = 826 and tam.code = 'BOSS_CGHZ' and tam.module_code='YS_BOSS' and tam.Env_Type='APP_BOSS' 
	{executed in 7 msec, connection number: [2]}
2018-08-04 17:15:55.698 logback [http-nio-8802-exec-1] DEBUG jdbc.sqltiming.sqlTimingOccured -  org.apache.ibatis.executor.statement.PreparedStatementHandler.query(PreparedStatementHandler.java:63)
 SELECT DISTINCT T.ID,T.CODE,T.NAME,T.ID AS COMPANYID FROM T_COMPANY T JOIN T_AUTH_COMPANY_MENU_REF CMR ON T.ID = CMR.COMPANY_ID JOIN T_AUTH_MENU M ON M.MODULE_CODE = CMR.MODULE_CODE JOIN T_AUTH_MENU_FUN_TEMPLATE MFT ON M.CODE = MFT.MENU_CODE JOIN T_AUTH_ROLE_FUN_REF RFR ON MFT.AUTH_CODE = RFR.AUTH_CODE AND RFR.COMPANY_ID = CMR.COMPANY_ID JOIN T_EMPLOYEE_ROLE ER ON RFR.ROLE_ID = ER.ROLE_ID AND ER.COMPANY_ID=T.ID AND ER.EMPLOYEE_ID = 2586 WHERE M.STATUS = 0 AND M.IS_NAV = 0 AND M.ENV_TYPE = 'APP_BOSS' AND M.MODULE_CODE='YS_BOSS' AND M.CODE ='BOSS_CGHZ' 
	{executed in 15 msec, connection number: [2]}
2018-08-04 17:15:55.706 logback [http-nio-8802-exec-1] DEBUG jdbc.sqltiming.sqlTimingOccured -  org.apache.ibatis.executor.statement.PreparedStatementHandler.query(PreparedStatementHandler.java:63)
 select t.id,t.code,t.name,t.parent_id,t.parent_id||','||t.name sectionPath,T.COMPANY_ID AS COMPANYID from t_section t start with t.id in (select to_number(t1.value_code) id from t_employee_data t1 where t1.type_code = 'KSYBM' and t1.employees_id = 2586 and t.COMPANY_ID = 762 ) connect by t.PARENT_ID = prior t.id and t.status = 0 
	{executed in 3 msec, connection number: [2]}
2018-08-04 17:15:55.713 logback [http-nio-8802-exec-1] DEBUG jdbc.sqltiming.sqlTimingOccured -  org.apache.ibatis.executor.statement.PreparedStatementHandler.query(PreparedStatementHandler.java:63)
 select t.id as id, t.name as name, t.code as code, t.PARENT_ID as pid, t.parent_id||','||t.name as sectionPath, T.COMPANY_ID AS COMPANYID from t_section t where t.COMPANY_ID = 762 and t.status = 0 
	{executed in 3 msec, connection number: [2]}
2018-08-04 17:22:21.792 logback [http-nio-8802-exec-1] DEBUG jdbc.sqltiming.sqlTimingOccured -  org.apache.ibatis.executor.statement.PreparedStatementHandler.query(PreparedStatementHandler.java:63)
 select count(1)from T_AUTH_ROLE_FUN_REF T join T_EMPLOYEE_ROLE ter on ter.role_id=t.role_id and ter.company_id=t.company_id join T_AUTH_MENU_FUN_TEMPLATE ta on T.AUTH_CODE= ta.auth_code join t_auth_menu tam on ta.menu_code = tam.code and tam.status = 0 where ter.EMPLOYEE_ID = 2586 and ter.company_id = 762 and ta.fun_code = 'FW' and t.group_id = 826 and tam.code = 'BOSS_CGHZ' and tam.module_code='YS_BOSS' and tam.Env_Type='APP_BOSS' 
	{executed in 12 msec, connection number: [1]}
2018-08-04 17:22:21.815 logback [http-nio-8802-exec-1] DEBUG jdbc.sqltiming.sqlTimingOccured -  org.apache.ibatis.executor.statement.PreparedStatementHandler.query(PreparedStatementHandler.java:63)
 select count(1)from T_AUTH_ROLE_FUN_REF T join T_EMPLOYEE_ROLE ter on ter.role_id=t.role_id and ter.company_id=t.company_id join T_AUTH_MENU_FUN_TEMPLATE ta on T.AUTH_CODE= ta.auth_code join t_auth_menu tam on ta.menu_code = tam.code and tam.status = 0 where ter.EMPLOYEE_ID = 2586 and ter.company_id = 762 and ta.fun_code = 'CKCBJ' and t.group_id = 826 and tam.code = 'BOSS_CGHZ' and tam.module_code='YS_BOSS' and tam.Env_Type='APP_BOSS' 
	{executed in 5 msec, connection number: [1]}
2018-08-04 17:22:21.838 logback [http-nio-8802-exec-1] DEBUG jdbc.sqltiming.sqlTimingOccured -  org.apache.ibatis.executor.statement.PreparedStatementHandler.query(PreparedStatementHandler.java:63)
 SELECT DISTINCT T.ID,T.CODE,T.NAME,T.ID AS COMPANYID FROM T_COMPANY T JOIN T_AUTH_COMPANY_MENU_REF CMR ON T.ID = CMR.COMPANY_ID JOIN T_AUTH_MENU M ON M.MODULE_CODE = CMR.MODULE_CODE JOIN T_AUTH_MENU_FUN_TEMPLATE MFT ON M.CODE = MFT.MENU_CODE JOIN T_AUTH_ROLE_FUN_REF RFR ON MFT.AUTH_CODE = RFR.AUTH_CODE AND RFR.COMPANY_ID = CMR.COMPANY_ID JOIN T_EMPLOYEE_ROLE ER ON RFR.ROLE_ID = ER.ROLE_ID AND ER.COMPANY_ID=T.ID AND ER.EMPLOYEE_ID = 2586 WHERE M.STATUS = 0 AND M.IS_NAV = 0 AND M.ENV_TYPE = 'APP_BOSS' AND M.MODULE_CODE='YS_BOSS' AND M.CODE ='BOSS_CGHZ' 
	{executed in 14 msec, connection number: [1]}
2018-08-04 17:22:21.853 logback [http-nio-8802-exec-1] DEBUG jdbc.sqltiming.sqlTimingOccured -  org.apache.ibatis.executor.statement.PreparedStatementHandler.query(PreparedStatementHandler.java:63)
 select t.id,t.code,t.name,t.parent_id,t.parent_id||','||t.name sectionPath,T.COMPANY_ID AS COMPANYID from t_section t start with t.id in (select to_number(t1.value_code) id from t_employee_data t1 where t1.type_code = 'KSYBM' and t1.employees_id = 2586 and t.COMPANY_ID = 762 ) connect by t.PARENT_ID = prior t.id and t.status = 0 
	{executed in 2 msec, connection number: [1]}
2018-08-04 17:22:21.857 logback [http-nio-8802-exec-1] DEBUG jdbc.sqltiming.sqlTimingOccured -  org.apache.ibatis.executor.statement.PreparedStatementHandler.query(PreparedStatementHandler.java:63)
 select t.id as id, t.name as name, t.code as code, t.PARENT_ID as pid, t.parent_id||','||t.name as sectionPath, T.COMPANY_ID AS COMPANYID from t_section t where t.COMPANY_ID = 762 and t.status = 0 
	{executed in 1 msec, connection number: [1]}
2018-08-04 17:24:38.154 logback [http-nio-8802-exec-1] DEBUG jdbc.sqltiming.sqlTimingOccured -  org.apache.ibatis.executor.statement.PreparedStatementHandler.query(PreparedStatementHandler.java:63)
 select count(1)from T_AUTH_ROLE_FUN_REF T join T_EMPLOYEE_ROLE ter on ter.role_id=t.role_id and ter.company_id=t.company_id join T_AUTH_MENU_FUN_TEMPLATE ta on T.AUTH_CODE= ta.auth_code join t_auth_menu tam on ta.menu_code = tam.code and tam.status = 0 where ter.EMPLOYEE_ID = 2586 and ter.company_id = 762 and ta.fun_code = 'FW' and t.group_id = 826 and tam.code = 'BOSS_CGHZ' and tam.module_code='YS_BOSS' and tam.Env_Type='APP_BOSS' 
	{executed in 17 msec, connection number: [1]}
2018-08-04 17:24:38.182 logback [http-nio-8802-exec-1] DEBUG jdbc.sqltiming.sqlTimingOccured -  org.apache.ibatis.executor.statement.PreparedStatementHandler.query(PreparedStatementHandler.java:63)
 select count(1)from T_AUTH_ROLE_FUN_REF T join T_EMPLOYEE_ROLE ter on ter.role_id=t.role_id and ter.company_id=t.company_id join T_AUTH_MENU_FUN_TEMPLATE ta on T.AUTH_CODE= ta.auth_code join t_auth_menu tam on ta.menu_code = tam.code and tam.status = 0 where ter.EMPLOYEE_ID = 2586 and ter.company_id = 762 and ta.fun_code = 'CKCBJ' and t.group_id = 826 and tam.code = 'BOSS_CGHZ' and tam.module_code='YS_BOSS' and tam.Env_Type='APP_BOSS' 
	{executed in 9 msec, connection number: [1]}
2018-08-04 17:24:38.209 logback [http-nio-8802-exec-1] DEBUG jdbc.sqltiming.sqlTimingOccured -  org.apache.ibatis.executor.statement.PreparedStatementHandler.query(PreparedStatementHandler.java:63)
 SELECT DISTINCT T.ID,T.CODE,T.NAME,T.ID AS COMPANYID FROM T_COMPANY T JOIN T_AUTH_COMPANY_MENU_REF CMR ON T.ID = CMR.COMPANY_ID JOIN T_AUTH_MENU M ON M.MODULE_CODE = CMR.MODULE_CODE JOIN T_AUTH_MENU_FUN_TEMPLATE MFT ON M.CODE = MFT.MENU_CODE JOIN T_AUTH_ROLE_FUN_REF RFR ON MFT.AUTH_CODE = RFR.AUTH_CODE AND RFR.COMPANY_ID = CMR.COMPANY_ID JOIN T_EMPLOYEE_ROLE ER ON RFR.ROLE_ID = ER.ROLE_ID AND ER.COMPANY_ID=T.ID AND ER.EMPLOYEE_ID = 2586 WHERE M.STATUS = 0 AND M.IS_NAV = 0 AND M.ENV_TYPE = 'APP_BOSS' AND M.MODULE_CODE='YS_BOSS' AND M.CODE ='BOSS_CGHZ' 
	{executed in 20 msec, connection number: [1]}
2018-08-04 17:24:38.224 logback [http-nio-8802-exec-1] DEBUG jdbc.sqltiming.sqlTimingOccured -  org.apache.ibatis.executor.statement.PreparedStatementHandler.query(PreparedStatementHandler.java:63)
 select t.id,t.code,t.name,t.parent_id,t.parent_id||','||t.name sectionPath,T.COMPANY_ID AS COMPANYID from t_section t start with t.id in (select to_number(t1.value_code) id from t_employee_data t1 where t1.type_code = 'KSYBM' and t1.employees_id = 2586 and t.COMPANY_ID = 762 ) connect by t.PARENT_ID = prior t.id and t.status = 0 
	{executed in 5 msec, connection number: [1]}
2018-08-04 17:24:38.229 logback [http-nio-8802-exec-1] DEBUG jdbc.sqltiming.sqlTimingOccured -  org.apache.ibatis.executor.statement.PreparedStatementHandler.query(PreparedStatementHandler.java:63)
 select t.id as id, t.name as name, t.code as code, t.PARENT_ID as pid, t.parent_id||','||t.name as sectionPath, T.COMPANY_ID AS COMPANYID from t_section t where t.COMPANY_ID = 762 and t.status = 0 
	{executed in 2 msec, connection number: [1]}
2018-08-04 17:25:56.578 logback [http-nio-8802-exec-2] DEBUG jdbc.sqltiming.sqlTimingOccured -  org.apache.ibatis.executor.statement.PreparedStatementHandler.query(PreparedStatementHandler.java:63)
 select count(1)from T_AUTH_ROLE_FUN_REF T join T_EMPLOYEE_ROLE ter on ter.role_id=t.role_id and ter.company_id=t.company_id join T_AUTH_MENU_FUN_TEMPLATE ta on T.AUTH_CODE= ta.auth_code join t_auth_menu tam on ta.menu_code = tam.code and tam.status = 0 where ter.EMPLOYEE_ID = 2586 and ter.company_id = 762 and ta.fun_code = 'FW' and t.group_id = 826 and tam.code = 'BOSS_CGHZ' and tam.module_code='YS_BOSS' and tam.Env_Type='APP_BOSS' 
	{executed in 14 msec, connection number: [2]}
2018-08-04 17:25:56.590 logback [http-nio-8802-exec-2] DEBUG jdbc.sqltiming.sqlTimingOccured -  org.apache.ibatis.executor.statement.PreparedStatementHandler.query(PreparedStatementHandler.java:63)
 select count(1)from T_AUTH_ROLE_FUN_REF T join T_EMPLOYEE_ROLE ter on ter.role_id=t.role_id and ter.company_id=t.company_id join T_AUTH_MENU_FUN_TEMPLATE ta on T.AUTH_CODE= ta.auth_code join t_auth_menu tam on ta.menu_code = tam.code and tam.status = 0 where ter.EMPLOYEE_ID = 2586 and ter.company_id = 762 and ta.fun_code = 'CKCBJ' and t.group_id = 826 and tam.code = 'BOSS_CGHZ' and tam.module_code='YS_BOSS' and tam.Env_Type='APP_BOSS' 
	{executed in 11 msec, connection number: [2]}
2018-08-04 17:25:56.601 logback [http-nio-8802-exec-2] DEBUG jdbc.sqltiming.sqlTimingOccured -  org.apache.ibatis.executor.statement.PreparedStatementHandler.query(PreparedStatementHandler.java:63)
 SELECT DISTINCT T.ID,T.CODE,T.NAME,T.ID AS COMPANYID FROM T_COMPANY T JOIN T_AUTH_COMPANY_MENU_REF CMR ON T.ID = CMR.COMPANY_ID JOIN T_AUTH_MENU M ON M.MODULE_CODE = CMR.MODULE_CODE JOIN T_AUTH_MENU_FUN_TEMPLATE MFT ON M.CODE = MFT.MENU_CODE JOIN T_AUTH_ROLE_FUN_REF RFR ON MFT.AUTH_CODE = RFR.AUTH_CODE AND RFR.COMPANY_ID = CMR.COMPANY_ID JOIN T_EMPLOYEE_ROLE ER ON RFR.ROLE_ID = ER.ROLE_ID AND ER.COMPANY_ID=T.ID AND ER.EMPLOYEE_ID = 2586 WHERE M.STATUS = 0 AND M.IS_NAV = 0 AND M.ENV_TYPE = 'APP_BOSS' AND M.MODULE_CODE='YS_BOSS' AND M.CODE ='BOSS_CGHZ' 
	{executed in 10 msec, connection number: [2]}
2018-08-04 17:25:56.605 logback [http-nio-8802-exec-2] DEBUG jdbc.sqltiming.sqlTimingOccured -  org.apache.ibatis.executor.statement.PreparedStatementHandler.query(PreparedStatementHandler.java:63)
 select t.id,t.code,t.name,t.parent_id,t.parent_id||','||t.name sectionPath,T.COMPANY_ID AS COMPANYID from t_section t start with t.id in (select to_number(t1.value_code) id from t_employee_data t1 where t1.type_code = 'KSYBM' and t1.employees_id = 2586 and t.COMPANY_ID = 762 ) connect by t.PARENT_ID = prior t.id and t.status = 0 
	{executed in 2 msec, connection number: [2]}
2018-08-04 17:25:56.607 logback [http-nio-8802-exec-2] DEBUG jdbc.sqltiming.sqlTimingOccured -  org.apache.ibatis.executor.statement.PreparedStatementHandler.query(PreparedStatementHandler.java:63)
 select t.id as id, t.name as name, t.code as code, t.PARENT_ID as pid, t.parent_id||','||t.name as sectionPath, T.COMPANY_ID AS COMPANYID from t_section t where t.COMPANY_ID = 762 and t.status = 0 
	{executed in 1 msec, connection number: [2]}
2018-08-04 17:38:04.138 logback [http-nio-8802-exec-1] DEBUG jdbc.sqltiming.sqlTimingOccured -  org.apache.ibatis.executor.statement.PreparedStatementHandler.query(PreparedStatementHandler.java:63)
 select count(1)from T_AUTH_ROLE_FUN_REF T join T_EMPLOYEE_ROLE ter on ter.role_id=t.role_id and ter.company_id=t.company_id join T_AUTH_MENU_FUN_TEMPLATE ta on T.AUTH_CODE= ta.auth_code join t_auth_menu tam on ta.menu_code = tam.code and tam.status = 0 where ter.EMPLOYEE_ID = 2586 and ter.company_id = 762 and ta.fun_code = 'FW' and t.group_id = 826 and tam.code = 'BOSS_CGHZ' and tam.module_code='YS_BOSS' and tam.Env_Type='APP_BOSS' 
	{executed in 18 msec, connection number: [1]}
2018-08-04 17:38:04.163 logback [http-nio-8802-exec-1] DEBUG jdbc.sqltiming.sqlTimingOccured -  org.apache.ibatis.executor.statement.PreparedStatementHandler.query(PreparedStatementHandler.java:63)
 select count(1)from T_AUTH_ROLE_FUN_REF T join T_EMPLOYEE_ROLE ter on ter.role_id=t.role_id and ter.company_id=t.company_id join T_AUTH_MENU_FUN_TEMPLATE ta on T.AUTH_CODE= ta.auth_code join t_auth_menu tam on ta.menu_code = tam.code and tam.status = 0 where ter.EMPLOYEE_ID = 2586 and ter.company_id = 762 and ta.fun_code = 'CKCBJ' and t.group_id = 826 and tam.code = 'BOSS_CGHZ' and tam.module_code='YS_BOSS' and tam.Env_Type='APP_BOSS' 
	{executed in 8 msec, connection number: [1]}
2018-08-04 17:38:04.191 logback [http-nio-8802-exec-1] DEBUG jdbc.sqltiming.sqlTimingOccured -  org.apache.ibatis.executor.statement.PreparedStatementHandler.query(PreparedStatementHandler.java:63)
 SELECT DISTINCT T.ID,T.CODE,T.NAME,T.ID AS COMPANYID FROM T_COMPANY T JOIN T_AUTH_COMPANY_MENU_REF CMR ON T.ID = CMR.COMPANY_ID JOIN T_AUTH_MENU M ON M.MODULE_CODE = CMR.MODULE_CODE JOIN T_AUTH_MENU_FUN_TEMPLATE MFT ON M.CODE = MFT.MENU_CODE JOIN T_AUTH_ROLE_FUN_REF RFR ON MFT.AUTH_CODE = RFR.AUTH_CODE AND RFR.COMPANY_ID = CMR.COMPANY_ID JOIN T_EMPLOYEE_ROLE ER ON RFR.ROLE_ID = ER.ROLE_ID AND ER.COMPANY_ID=T.ID AND ER.EMPLOYEE_ID = 2586 WHERE M.STATUS = 0 AND M.IS_NAV = 0 AND M.ENV_TYPE = 'APP_BOSS' AND M.MODULE_CODE='YS_BOSS' AND M.CODE ='BOSS_CGHZ' 
	{executed in 19 msec, connection number: [1]}
2018-08-04 17:38:04.207 logback [http-nio-8802-exec-1] DEBUG jdbc.sqltiming.sqlTimingOccured -  org.apache.ibatis.executor.statement.PreparedStatementHandler.query(PreparedStatementHandler.java:63)
 select t.id,t.code,t.name,t.parent_id,t.parent_id||','||t.name sectionPath,T.COMPANY_ID AS COMPANYID from t_section t start with t.id in (select to_number(t1.value_code) id from t_employee_data t1 where t1.type_code = 'KSYBM' and t1.employees_id = 2586 and t.COMPANY_ID = 762 ) connect by t.PARENT_ID = prior t.id and t.status = 0 
	{executed in 5 msec, connection number: [1]}
2018-08-04 17:38:04.212 logback [http-nio-8802-exec-1] DEBUG jdbc.sqltiming.sqlTimingOccured -  org.apache.ibatis.executor.statement.PreparedStatementHandler.query(PreparedStatementHandler.java:63)
 select t.id as id, t.name as name, t.code as code, t.PARENT_ID as pid, t.parent_id||','||t.name as sectionPath, T.COMPANY_ID AS COMPANYID from t_section t where t.COMPANY_ID = 762 and t.status = 0 
	{executed in 2 msec, connection number: [1]}
2018-08-04 17:38:04.448 logback [http-nio-8802-exec-1] DEBUG jdbc.sqltiming.sqlTimingOccured -  org.apache.ibatis.executor.statement.PreparedStatementHandler.query(PreparedStatementHandler.java:63)
 SELECT count(0) FROM (SELECT ID, CODE, NAME, SUM(GOODSQUANTITY) AS GOODSQUANTITY, TO_CHAR(SUM(GOODSAMOUNT)) AS GOODSAMOUNT, TO_CHAR(ROUND(JXC_ALL_PCK.CHECK_DIVIDE(SUM(GOODSAMOUNT), SUM(GOODSQUANTITY)), 2)) AS goodsPrice FROM (SELECT GOODSID AS ID, GOODSCODE AS CODE, GOODSNAME AS NAME, GOODSQUANTITY, GOODSAMOUNT FROM (SELECT TS.ID AS SECTIONID, TS.CODE AS SECTIONCODE, TS.NAME AS SECTIONNAME, TG.ID AS GOODSID, TG.CODE AS GOODSCODE, TG.NAME AS GOODSNAME, TCU.ID AS SUPPLIERID, TCU.CODE AS SUPPLIERCODE, TCU.NAME AS SUPPLIERNAME, NVL(T1.GOODS_NUMBER, 0) AS GOODSQUANTITY, NVL(T1.AMOUNT, 0) AS GOODSAMOUNT FROM I_BILLS_MAIN T JOIN I_INSTRORAGE_NUM T1 ON T.ID = T1.BILLS_MAIN_ID JOIN T_COMPANY TC ON T.COMPANY_ID = TC.ID JOIN I_STORAGE IST ON T1.STORAGE_ID = IST.ID JOIN T_SECTION TS ON IST.SECTION_ID = TS.ID JOIN T_CONTACT_UNIT TCU ON T.CONTACTSUNIT_ID = TCU.ID AND TCU.STATUS = 0 JOIN T_GOODSNAME TG ON T1.GOODS_ID = TG.ID WHERE T.BILLS_TYPE IN ('2', '3') AND T.GROUP_ID = 826 AND TC.ID IN (762) AND TS.ID IN (2373, 2380, 2376, 2091, 2371, 2375, 1593, 1770, 2377, 2374, 2383, 2370, 2384, 1470, 1591, 1592, 1473, 1594, 1472, 1471, 1398, 2390, 1399, 1400, 1331, 2560, 2382, 2381, 1396, 1166, 1167, 1490, 1397, 1611) UNION ALL SELECT TS.ID AS SECTIONID, TS.CODE AS SECTIONCODE, TS.NAME AS SECTIONNAME, TG.ID AS GOODSID, TG.CODE AS GOODSCODE, TG.NAME AS GOODSNAME, TCU.ID AS SUPPLIERID, TCU.CODE AS SUPPLIERCODE, TCU.NAME AS SUPPLIERNAME, NVL(-T1.GOODS_NUMBER, 0) AS GOODSQUANTITY, NVL(-T1.AMOUNT, 0) AS GOODSAMOUNT FROM I_BILLS_MAIN T JOIN I_OUTSTRORAGE_NUM T1 ON T.ID = T1.BILLS_MAIN_ID JOIN T_COMPANY TC ON T.COMPANY_ID = TC.ID JOIN I_STORAGE IST ON T1.STORAGE_ID = IST.ID JOIN T_SECTION TS ON IST.SECTION_ID = TS.ID JOIN T_CONTACT_UNIT TCU ON T.CONTACTSUNIT_ID = TCU.ID AND TCU.STATUS = 0 JOIN T_GOODSNAME TG ON T1.GOODS_ID = TG.ID WHERE T.BILLS_TYPE IN ('3', '4') AND T.GROUP_ID = 826 AND TC.ID IN (762) AND TS.ID IN (2373, 2380, 2376, 2091, 2371, 2375, 1593, 1770, 2377, 2374, 2383, 2370, 2384, 1470, 1591, 1592, 1473, 1594, 1472, 1471, 1398, 2390, 1399, 1400, 1331, 2560, 2382, 2381, 1396, 1166, 1167, 1490, 1397, 1611))) GROUP BY ID, CODE, NAME) table_count 
	{executed in 98 msec, connection number: [1]}
2018-08-04 17:38:04.575 logback [http-nio-8802-exec-1] DEBUG jdbc.sqltiming.sqlTimingOccured -  org.apache.ibatis.executor.statement.PreparedStatementHandler.query(PreparedStatementHandler.java:63)
 SELECT TMP_PAGE.*, ROWNUM ROW_ID FROM ( SELECT ID,CODE,NAME,SUM(GOODSQUANTITY)AS GOODSQUANTITY , TO_CHAR(SUM(GOODSAMOUNT))AS GOODSAMOUNT, TO_CHAR(ROUND(JXC_ALL_PCK.CHECK_DIVIDE(SUM(GOODSAMOUNT), SUM(GOODSQUANTITY)),2))AS goodsPrice FROM( SELECT GOODSID AS ID,GOODSCODE AS CODE,GOODSNAME AS NAME ,GOODSQUANTITY,GOODSAMOUNT FROM( SELECT TS.ID AS SECTIONID, TS.CODE AS SECTIONCODE, TS.NAME AS SECTIONNAME, TG.ID AS GOODSID, TG.CODE AS GOODSCODE, TG.NAME AS GOODSNAME, TCU.ID AS SUPPLIERID, TCU.CODE AS SUPPLIERCODE, TCU.NAME AS SUPPLIERNAME, NVL(T1.GOODS_NUMBER,0) AS GOODSQUANTITY, NVL(T1.AMOUNT,0) AS GOODSAMOUNT FROM I_BILLS_MAIN T JOIN I_INSTRORAGE_NUM T1 ON T.ID=T1.BILLS_MAIN_ID JOIN T_COMPANY TC ON T.COMPANY_ID=TC.ID JOIN I_STORAGE IST ON T1.STORAGE_ID=IST.ID JOIN T_SECTION TS ON IST.SECTION_ID=TS.ID JOIN T_CONTACT_UNIT TCU ON T.CONTACTSUNIT_ID=TCU.ID AND TCU.STATUS=0 JOIN T_GOODSNAME TG ON T1.GOODS_ID=TG.ID WHERE T.BILLS_TYPE IN ('2', '3') AND T.GROUP_ID = 826 AND TC.ID IN(762) AND TS.ID IN(2373,2380,2376,2091,2371,2375,1593,1770,2377,2374,2383,2370,2384,1470,1591,1592,1473,1594,1472,1471,1398,2390,1399,1400,1331,2560,2382,2381,1396,1166,1167,1490,1397,1611) UNION ALL SELECT TS.ID AS SECTIONID, TS.CODE AS SECTIONCODE, TS.NAME AS SECTIONNAME, TG.ID AS GOODSID, TG.CODE AS GOODSCODE, TG.NAME AS GOODSNAME, TCU.ID AS SUPPLIERID, TCU.CODE AS SUPPLIERCODE, TCU.NAME AS SUPPLIERNAME, NVL(-T1.GOODS_NUMBER,0) AS GOODSQUANTITY, NVL(-T1.AMOUNT,0) AS GOODSAMOUNT FROM I_BILLS_MAIN T JOIN I_OUTSTRORAGE_NUM T1 ON T.ID=T1.BILLS_MAIN_ID JOIN T_COMPANY TC ON T.COMPANY_ID=TC.ID JOIN I_STORAGE IST ON T1.STORAGE_ID=IST.ID JOIN T_SECTION TS ON IST.SECTION_ID=TS.ID JOIN T_CONTACT_UNIT TCU ON T.CONTACTSUNIT_ID=TCU.ID AND TCU.STATUS=0 JOIN T_GOODSNAME TG ON T1.GOODS_ID=TG.ID WHERE T.BILLS_TYPE IN ('3', '4') AND T.GROUP_ID = 826 AND TC.ID IN(762) AND TS.ID IN(2373,2380,2376,2091,2371,2375,1593,1770,2377,2374,2383,2370,2384,1470,1591,1592,1473,1594,1472,1471,1398,2390,1399,1400,1331,2560,2382,2381,1396,1166,1167,1490,1397,1611) ) ) GROUP BY ID,CODE,NAME ORDER BY ID,CODE,NAME ) TMP_PAGE WHERE ROWNUM <= 20 
	{executed in 97 msec, connection number: [1]}
2018-08-04 17:40:36.565 logback [http-nio-8802-exec-1] DEBUG jdbc.sqltiming.sqlTimingOccured -  org.apache.ibatis.executor.statement.PreparedStatementHandler.query(PreparedStatementHandler.java:63)
 select count(1)from T_AUTH_ROLE_FUN_REF T join T_EMPLOYEE_ROLE ter on ter.role_id=t.role_id and ter.company_id=t.company_id join T_AUTH_MENU_FUN_TEMPLATE ta on T.AUTH_CODE= ta.auth_code join t_auth_menu tam on ta.menu_code = tam.code and tam.status = 0 where ter.EMPLOYEE_ID = 2586 and ter.company_id = 762 and ta.fun_code = 'FW' and t.group_id = 826 and tam.code = 'BOSS_CGHZ' and tam.module_code='YS_BOSS' and tam.Env_Type='APP_BOSS' 
	{executed in 12 msec, connection number: [1]}
2018-08-04 17:40:36.591 logback [http-nio-8802-exec-1] DEBUG jdbc.sqltiming.sqlTimingOccured -  org.apache.ibatis.executor.statement.PreparedStatementHandler.query(PreparedStatementHandler.java:63)
 select count(1)from T_AUTH_ROLE_FUN_REF T join T_EMPLOYEE_ROLE ter on ter.role_id=t.role_id and ter.company_id=t.company_id join T_AUTH_MENU_FUN_TEMPLATE ta on T.AUTH_CODE= ta.auth_code join t_auth_menu tam on ta.menu_code = tam.code and tam.status = 0 where ter.EMPLOYEE_ID = 2586 and ter.company_id = 762 and ta.fun_code = 'CKCBJ' and t.group_id = 826 and tam.code = 'BOSS_CGHZ' and tam.module_code='YS_BOSS' and tam.Env_Type='APP_BOSS' 
	{executed in 9 msec, connection number: [1]}
2018-08-04 17:40:36.618 logback [http-nio-8802-exec-1] DEBUG jdbc.sqltiming.sqlTimingOccured -  org.apache.ibatis.executor.statement.PreparedStatementHandler.query(PreparedStatementHandler.java:63)
 SELECT DISTINCT T.ID,T.CODE,T.NAME,T.ID AS COMPANYID FROM T_COMPANY T JOIN T_AUTH_COMPANY_MENU_REF CMR ON T.ID = CMR.COMPANY_ID JOIN T_AUTH_MENU M ON M.MODULE_CODE = CMR.MODULE_CODE JOIN T_AUTH_MENU_FUN_TEMPLATE MFT ON M.CODE = MFT.MENU_CODE JOIN T_AUTH_ROLE_FUN_REF RFR ON MFT.AUTH_CODE = RFR.AUTH_CODE AND RFR.COMPANY_ID = CMR.COMPANY_ID JOIN T_EMPLOYEE_ROLE ER ON RFR.ROLE_ID = ER.ROLE_ID AND ER.COMPANY_ID=T.ID AND ER.EMPLOYEE_ID = 2586 WHERE M.STATUS = 0 AND M.IS_NAV = 0 AND M.ENV_TYPE = 'APP_BOSS' AND M.MODULE_CODE='YS_BOSS' AND M.CODE ='BOSS_CGHZ' 
	{executed in 19 msec, connection number: [1]}
2018-08-04 17:40:36.636 logback [http-nio-8802-exec-1] DEBUG jdbc.sqltiming.sqlTimingOccured -  org.apache.ibatis.executor.statement.PreparedStatementHandler.query(PreparedStatementHandler.java:63)
 select t.id,t.code,t.name,t.parent_id,t.parent_id||','||t.name sectionPath,T.COMPANY_ID AS COMPANYID from t_section t start with t.id in (select to_number(t1.value_code) id from t_employee_data t1 where t1.type_code = 'KSYBM' and t1.employees_id = 2586 and t.COMPANY_ID = 762 ) connect by t.PARENT_ID = prior t.id and t.status = 0 
	{executed in 5 msec, connection number: [1]}
2018-08-04 17:40:36.641 logback [http-nio-8802-exec-1] DEBUG jdbc.sqltiming.sqlTimingOccured -  org.apache.ibatis.executor.statement.PreparedStatementHandler.query(PreparedStatementHandler.java:63)
 select t.id as id, t.name as name, t.code as code, t.PARENT_ID as pid, t.parent_id||','||t.name as sectionPath, T.COMPANY_ID AS COMPANYID from t_section t where t.COMPANY_ID = 762 and t.status = 0 
	{executed in 3 msec, connection number: [1]}
2018-08-04 17:40:36.885 logback [http-nio-8802-exec-1] DEBUG jdbc.sqltiming.sqlTimingOccured -  org.apache.ibatis.executor.statement.PreparedStatementHandler.query(PreparedStatementHandler.java:63)
 SELECT count(0) FROM (SELECT ID, CODE, NAME, SUM(GOODSQUANTITY) AS GOODSQUANTITY, TO_CHAR(SUM(GOODSAMOUNT)) AS GOODSAMOUNT, TO_CHAR(ROUND(JXC_ALL_PCK.CHECK_DIVIDE(SUM(GOODSAMOUNT), SUM(GOODSQUANTITY)), 2)) AS goodsPrice FROM (SELECT GOODSID AS ID, GOODSCODE AS CODE, GOODSNAME AS NAME, GOODSQUANTITY, GOODSAMOUNT FROM (SELECT TS.ID AS SECTIONID, TS.CODE AS SECTIONCODE, TS.NAME AS SECTIONNAME, TG.ID AS GOODSID, TG.CODE AS GOODSCODE, TG.NAME AS GOODSNAME, TCU.ID AS SUPPLIERID, TCU.CODE AS SUPPLIERCODE, TCU.NAME AS SUPPLIERNAME, NVL(T1.GOODS_NUMBER, 0) AS GOODSQUANTITY, NVL(T1.AMOUNT, 0) AS GOODSAMOUNT FROM I_BILLS_MAIN T JOIN I_INSTRORAGE_NUM T1 ON T.ID = T1.BILLS_MAIN_ID JOIN T_COMPANY TC ON T.COMPANY_ID = TC.ID JOIN I_STORAGE IST ON T1.STORAGE_ID = IST.ID JOIN T_SECTION TS ON IST.SECTION_ID = TS.ID JOIN T_CONTACT_UNIT TCU ON T.CONTACTSUNIT_ID = TCU.ID AND TCU.STATUS = 0 JOIN T_GOODSNAME TG ON T1.GOODS_ID = TG.ID WHERE T.BILLS_TYPE IN ('2', '3') AND T.GROUP_ID = 826 AND TC.ID IN (762) AND TS.ID IN (2373, 2380, 2376, 2091, 2371, 2375, 1593, 1770, 2377, 2374, 2383, 2370, 2384, 1470, 1591, 1592, 1473, 1594, 1472, 1471, 1398, 2390, 1399, 1400, 1331, 2560, 2382, 2381, 1396, 1166, 1167, 1490, 1397, 1611) UNION ALL SELECT TS.ID AS SECTIONID, TS.CODE AS SECTIONCODE, TS.NAME AS SECTIONNAME, TG.ID AS GOODSID, TG.CODE AS GOODSCODE, TG.NAME AS GOODSNAME, TCU.ID AS SUPPLIERID, TCU.CODE AS SUPPLIERCODE, TCU.NAME AS SUPPLIERNAME, NVL(-T1.GOODS_NUMBER, 0) AS GOODSQUANTITY, NVL(-T1.AMOUNT, 0) AS GOODSAMOUNT FROM I_BILLS_MAIN T JOIN I_OUTSTRORAGE_NUM T1 ON T.ID = T1.BILLS_MAIN_ID JOIN T_COMPANY TC ON T.COMPANY_ID = TC.ID JOIN I_STORAGE IST ON T1.STORAGE_ID = IST.ID JOIN T_SECTION TS ON IST.SECTION_ID = TS.ID JOIN T_CONTACT_UNIT TCU ON T.CONTACTSUNIT_ID = TCU.ID AND TCU.STATUS = 0 JOIN T_GOODSNAME TG ON T1.GOODS_ID = TG.ID WHERE T.BILLS_TYPE IN ('3', '4') AND T.GROUP_ID = 826 AND TC.ID IN (762) AND TS.ID IN (2373, 2380, 2376, 2091, 2371, 2375, 1593, 1770, 2377, 2374, 2383, 2370, 2384, 1470, 1591, 1592, 1473, 1594, 1472, 1471, 1398, 2390, 1399, 1400, 1331, 2560, 2382, 2381, 1396, 1166, 1167, 1490, 1397, 1611))) GROUP BY ID, CODE, NAME) table_count 
	{executed in 104 msec, connection number: [1]}
2018-08-04 17:40:37.013 logback [http-nio-8802-exec-1] DEBUG jdbc.sqltiming.sqlTimingOccured -  org.apache.ibatis.executor.statement.PreparedStatementHandler.query(PreparedStatementHandler.java:63)
 SELECT TMP_PAGE.*, ROWNUM ROW_ID FROM ( SELECT ID,CODE,NAME,SUM(GOODSQUANTITY)AS GOODSQUANTITY , TO_CHAR(SUM(GOODSAMOUNT))AS GOODSAMOUNT, TO_CHAR(ROUND(JXC_ALL_PCK.CHECK_DIVIDE(SUM(GOODSAMOUNT), SUM(GOODSQUANTITY)),2))AS goodsPrice FROM( SELECT GOODSID AS ID,GOODSCODE AS CODE,GOODSNAME AS NAME ,GOODSQUANTITY,GOODSAMOUNT FROM( SELECT TS.ID AS SECTIONID, TS.CODE AS SECTIONCODE, TS.NAME AS SECTIONNAME, TG.ID AS GOODSID, TG.CODE AS GOODSCODE, TG.NAME AS GOODSNAME, TCU.ID AS SUPPLIERID, TCU.CODE AS SUPPLIERCODE, TCU.NAME AS SUPPLIERNAME, NVL(T1.GOODS_NUMBER,0) AS GOODSQUANTITY, NVL(T1.AMOUNT,0) AS GOODSAMOUNT FROM I_BILLS_MAIN T JOIN I_INSTRORAGE_NUM T1 ON T.ID=T1.BILLS_MAIN_ID JOIN T_COMPANY TC ON T.COMPANY_ID=TC.ID JOIN I_STORAGE IST ON T1.STORAGE_ID=IST.ID JOIN T_SECTION TS ON IST.SECTION_ID=TS.ID JOIN T_CONTACT_UNIT TCU ON T.CONTACTSUNIT_ID=TCU.ID AND TCU.STATUS=0 JOIN T_GOODSNAME TG ON T1.GOODS_ID=TG.ID WHERE T.BILLS_TYPE IN ('2', '3') AND T.GROUP_ID = 826 AND TC.ID IN(762) AND TS.ID IN(2373,2380,2376,2091,2371,2375,1593,1770,2377,2374,2383,2370,2384,1470,1591,1592,1473,1594,1472,1471,1398,2390,1399,1400,1331,2560,2382,2381,1396,1166,1167,1490,1397,1611) UNION ALL SELECT TS.ID AS SECTIONID, TS.CODE AS SECTIONCODE, TS.NAME AS SECTIONNAME, TG.ID AS GOODSID, TG.CODE AS GOODSCODE, TG.NAME AS GOODSNAME, TCU.ID AS SUPPLIERID, TCU.CODE AS SUPPLIERCODE, TCU.NAME AS SUPPLIERNAME, NVL(-T1.GOODS_NUMBER,0) AS GOODSQUANTITY, NVL(-T1.AMOUNT,0) AS GOODSAMOUNT FROM I_BILLS_MAIN T JOIN I_OUTSTRORAGE_NUM T1 ON T.ID=T1.BILLS_MAIN_ID JOIN T_COMPANY TC ON T.COMPANY_ID=TC.ID JOIN I_STORAGE IST ON T1.STORAGE_ID=IST.ID JOIN T_SECTION TS ON IST.SECTION_ID=TS.ID JOIN T_CONTACT_UNIT TCU ON T.CONTACTSUNIT_ID=TCU.ID AND TCU.STATUS=0 JOIN T_GOODSNAME TG ON T1.GOODS_ID=TG.ID WHERE T.BILLS_TYPE IN ('3', '4') AND T.GROUP_ID = 826 AND TC.ID IN(762) AND TS.ID IN(2373,2380,2376,2091,2371,2375,1593,1770,2377,2374,2383,2370,2384,1470,1591,1592,1473,1594,1472,1471,1398,2390,1399,1400,1331,2560,2382,2381,1396,1166,1167,1490,1397,1611) ) ) GROUP BY ID,CODE,NAME ORDER BY ID,CODE,NAME ) TMP_PAGE WHERE ROWNUM <= 20 
	{executed in 99 msec, connection number: [1]}
2018-08-04 17:41:04.452 logback [http-nio-8802-exec-2] DEBUG jdbc.sqltiming.sqlTimingOccured -  org.apache.ibatis.executor.statement.PreparedStatementHandler.query(PreparedStatementHandler.java:63)
 select count(1)from T_AUTH_ROLE_FUN_REF T join T_EMPLOYEE_ROLE ter on ter.role_id=t.role_id and ter.company_id=t.company_id join T_AUTH_MENU_FUN_TEMPLATE ta on T.AUTH_CODE= ta.auth_code join t_auth_menu tam on ta.menu_code = tam.code and tam.status = 0 where ter.EMPLOYEE_ID = 2586 and ter.company_id = 762 and ta.fun_code = 'FW' and t.group_id = 826 and tam.code = 'BOSS_CGHZ' and tam.module_code='YS_BOSS' and tam.Env_Type='APP_BOSS' 
	{executed in 17 msec, connection number: [2]}
2018-08-04 17:41:04.462 logback [http-nio-8802-exec-2] DEBUG jdbc.sqltiming.sqlTimingOccured -  org.apache.ibatis.executor.statement.PreparedStatementHandler.query(PreparedStatementHandler.java:63)
 select count(1)from T_AUTH_ROLE_FUN_REF T join T_EMPLOYEE_ROLE ter on ter.role_id=t.role_id and ter.company_id=t.company_id join T_AUTH_MENU_FUN_TEMPLATE ta on T.AUTH_CODE= ta.auth_code join t_auth_menu tam on ta.menu_code = tam.code and tam.status = 0 where ter.EMPLOYEE_ID = 2586 and ter.company_id = 762 and ta.fun_code = 'CKCBJ' and t.group_id = 826 and tam.code = 'BOSS_CGHZ' and tam.module_code='YS_BOSS' and tam.Env_Type='APP_BOSS' 
	{executed in 8 msec, connection number: [2]}
2018-08-04 17:41:04.473 logback [http-nio-8802-exec-2] DEBUG jdbc.sqltiming.sqlTimingOccured -  org.apache.ibatis.executor.statement.PreparedStatementHandler.query(PreparedStatementHandler.java:63)
 SELECT DISTINCT T.ID,T.CODE,T.NAME,T.ID AS COMPANYID FROM T_COMPANY T JOIN T_AUTH_COMPANY_MENU_REF CMR ON T.ID = CMR.COMPANY_ID JOIN T_AUTH_MENU M ON M.MODULE_CODE = CMR.MODULE_CODE JOIN T_AUTH_MENU_FUN_TEMPLATE MFT ON M.CODE = MFT.MENU_CODE JOIN T_AUTH_ROLE_FUN_REF RFR ON MFT.AUTH_CODE = RFR.AUTH_CODE AND RFR.COMPANY_ID = CMR.COMPANY_ID JOIN T_EMPLOYEE_ROLE ER ON RFR.ROLE_ID = ER.ROLE_ID AND ER.COMPANY_ID=T.ID AND ER.EMPLOYEE_ID = 2586 WHERE M.STATUS = 0 AND M.IS_NAV = 0 AND M.ENV_TYPE = 'APP_BOSS' AND M.MODULE_CODE='YS_BOSS' AND M.CODE ='BOSS_CGHZ' 
	{executed in 9 msec, connection number: [2]}
2018-08-04 17:41:04.476 logback [http-nio-8802-exec-2] DEBUG jdbc.sqltiming.sqlTimingOccured -  org.apache.ibatis.executor.statement.PreparedStatementHandler.query(PreparedStatementHandler.java:63)
 select t.id,t.code,t.name,t.parent_id,t.parent_id||','||t.name sectionPath,T.COMPANY_ID AS COMPANYID from t_section t start with t.id in (select to_number(t1.value_code) id from t_employee_data t1 where t1.type_code = 'KSYBM' and t1.employees_id = 2586 and t.COMPANY_ID = 762 ) connect by t.PARENT_ID = prior t.id and t.status = 0 
	{executed in 2 msec, connection number: [2]}
2018-08-04 17:41:04.478 logback [http-nio-8802-exec-2] DEBUG jdbc.sqltiming.sqlTimingOccured -  org.apache.ibatis.executor.statement.PreparedStatementHandler.query(PreparedStatementHandler.java:63)
 select t.id as id, t.name as name, t.code as code, t.PARENT_ID as pid, t.parent_id||','||t.name as sectionPath, T.COMPANY_ID AS COMPANYID from t_section t where t.COMPANY_ID = 762 and t.status = 0 
	{executed in 1 msec, connection number: [2]}
2018-08-04 17:41:04.553 logback [http-nio-8802-exec-2] DEBUG jdbc.sqltiming.sqlTimingOccured -  org.apache.ibatis.executor.statement.PreparedStatementHandler.query(PreparedStatementHandler.java:63)
 SELECT count(0) FROM (SELECT ID, CODE, NAME, SUM(GOODSQUANTITY) AS GOODSQUANTITY, TO_CHAR(SUM(GOODSAMOUNT)) AS GOODSAMOUNT, TO_CHAR(ROUND(JXC_ALL_PCK.CHECK_DIVIDE(SUM(GOODSAMOUNT), SUM(GOODSQUANTITY)), 2)) AS goodsPrice FROM (SELECT GOODSID AS ID, GOODSCODE AS CODE, GOODSNAME AS NAME, GOODSQUANTITY, GOODSAMOUNT FROM (SELECT TS.ID AS SECTIONID, TS.CODE AS SECTIONCODE, TS.NAME AS SECTIONNAME, TG.ID AS GOODSID, TG.CODE AS GOODSCODE, TG.NAME AS GOODSNAME, TCU.ID AS SUPPLIERID, TCU.CODE AS SUPPLIERCODE, TCU.NAME AS SUPPLIERNAME, NVL(T1.GOODS_NUMBER, 0) AS GOODSQUANTITY, NVL(T1.AMOUNT, 0) AS GOODSAMOUNT FROM I_BILLS_MAIN T JOIN I_INSTRORAGE_NUM T1 ON T.ID = T1.BILLS_MAIN_ID JOIN T_COMPANY TC ON T.COMPANY_ID = TC.ID JOIN I_STORAGE IST ON T1.STORAGE_ID = IST.ID JOIN T_SECTION TS ON IST.SECTION_ID = TS.ID JOIN T_CONTACT_UNIT TCU ON T.CONTACTSUNIT_ID = TCU.ID AND TCU.STATUS = 0 JOIN T_GOODSNAME TG ON T1.GOODS_ID = TG.ID WHERE T.BILLS_TYPE IN ('2', '3') AND T.GROUP_ID = 826 AND TC.ID IN (762) AND TS.ID IN (2373, 2380, 2376, 2091, 2371, 2375, 1593, 1770, 2377, 2374, 2383, 2370, 2384, 1470, 1591, 1592, 1473, 1594, 1472, 1471, 1398, 2390, 1399, 1400, 1331, 2560, 2382, 2381, 1396, 1166, 1167, 1490, 1397, 1611) UNION ALL SELECT TS.ID AS SECTIONID, TS.CODE AS SECTIONCODE, TS.NAME AS SECTIONNAME, TG.ID AS GOODSID, TG.CODE AS GOODSCODE, TG.NAME AS GOODSNAME, TCU.ID AS SUPPLIERID, TCU.CODE AS SUPPLIERCODE, TCU.NAME AS SUPPLIERNAME, NVL(-T1.GOODS_NUMBER, 0) AS GOODSQUANTITY, NVL(-T1.AMOUNT, 0) AS GOODSAMOUNT FROM I_BILLS_MAIN T JOIN I_OUTSTRORAGE_NUM T1 ON T.ID = T1.BILLS_MAIN_ID JOIN T_COMPANY TC ON T.COMPANY_ID = TC.ID JOIN I_STORAGE IST ON T1.STORAGE_ID = IST.ID JOIN T_SECTION TS ON IST.SECTION_ID = TS.ID JOIN T_CONTACT_UNIT TCU ON T.CONTACTSUNIT_ID = TCU.ID AND TCU.STATUS = 0 JOIN T_GOODSNAME TG ON T1.GOODS_ID = TG.ID WHERE T.BILLS_TYPE IN ('3', '4') AND T.GROUP_ID = 826 AND TC.ID IN (762) AND TS.ID IN (2373, 2380, 2376, 2091, 2371, 2375, 1593, 1770, 2377, 2374, 2383, 2370, 2384, 1470, 1591, 1592, 1473, 1594, 1472, 1471, 1398, 2390, 1399, 1400, 1331, 2560, 2382, 2381, 1396, 1166, 1167, 1490, 1397, 1611))) GROUP BY ID, CODE, NAME) table_count 
	{executed in 22 msec, connection number: [2]}
2018-08-04 17:41:04.571 logback [http-nio-8802-exec-2] DEBUG jdbc.sqltiming.sqlTimingOccured -  org.apache.ibatis.executor.statement.PreparedStatementHandler.query(PreparedStatementHandler.java:63)
 SELECT TMP_PAGE.*, ROWNUM ROW_ID FROM ( SELECT ID,CODE,NAME,SUM(GOODSQUANTITY)AS GOODSQUANTITY , TO_CHAR(SUM(GOODSAMOUNT))AS GOODSAMOUNT, TO_CHAR(ROUND(JXC_ALL_PCK.CHECK_DIVIDE(SUM(GOODSAMOUNT), SUM(GOODSQUANTITY)),2))AS goodsPrice FROM( SELECT GOODSID AS ID,GOODSCODE AS CODE,GOODSNAME AS NAME ,GOODSQUANTITY,GOODSAMOUNT FROM( SELECT TS.ID AS SECTIONID, TS.CODE AS SECTIONCODE, TS.NAME AS SECTIONNAME, TG.ID AS GOODSID, TG.CODE AS GOODSCODE, TG.NAME AS GOODSNAME, TCU.ID AS SUPPLIERID, TCU.CODE AS SUPPLIERCODE, TCU.NAME AS SUPPLIERNAME, NVL(T1.GOODS_NUMBER,0) AS GOODSQUANTITY, NVL(T1.AMOUNT,0) AS GOODSAMOUNT FROM I_BILLS_MAIN T JOIN I_INSTRORAGE_NUM T1 ON T.ID=T1.BILLS_MAIN_ID JOIN T_COMPANY TC ON T.COMPANY_ID=TC.ID JOIN I_STORAGE IST ON T1.STORAGE_ID=IST.ID JOIN T_SECTION TS ON IST.SECTION_ID=TS.ID JOIN T_CONTACT_UNIT TCU ON T.CONTACTSUNIT_ID=TCU.ID AND TCU.STATUS=0 JOIN T_GOODSNAME TG ON T1.GOODS_ID=TG.ID WHERE T.BILLS_TYPE IN ('2', '3') AND T.GROUP_ID = 826 AND TC.ID IN(762) AND TS.ID IN(2373,2380,2376,2091,2371,2375,1593,1770,2377,2374,2383,2370,2384,1470,1591,1592,1473,1594,1472,1471,1398,2390,1399,1400,1331,2560,2382,2381,1396,1166,1167,1490,1397,1611) UNION ALL SELECT TS.ID AS SECTIONID, TS.CODE AS SECTIONCODE, TS.NAME AS SECTIONNAME, TG.ID AS GOODSID, TG.CODE AS GOODSCODE, TG.NAME AS GOODSNAME, TCU.ID AS SUPPLIERID, TCU.CODE AS SUPPLIERCODE, TCU.NAME AS SUPPLIERNAME, NVL(-T1.GOODS_NUMBER,0) AS GOODSQUANTITY, NVL(-T1.AMOUNT,0) AS GOODSAMOUNT FROM I_BILLS_MAIN T JOIN I_OUTSTRORAGE_NUM T1 ON T.ID=T1.BILLS_MAIN_ID JOIN T_COMPANY TC ON T.COMPANY_ID=TC.ID JOIN I_STORAGE IST ON T1.STORAGE_ID=IST.ID JOIN T_SECTION TS ON IST.SECTION_ID=TS.ID JOIN T_CONTACT_UNIT TCU ON T.CONTACTSUNIT_ID=TCU.ID AND TCU.STATUS=0 JOIN T_GOODSNAME TG ON T1.GOODS_ID=TG.ID WHERE T.BILLS_TYPE IN ('3', '4') AND T.GROUP_ID = 826 AND TC.ID IN(762) AND TS.ID IN(2373,2380,2376,2091,2371,2375,1593,1770,2377,2374,2383,2370,2384,1470,1591,1592,1473,1594,1472,1471,1398,2390,1399,1400,1331,2560,2382,2381,1396,1166,1167,1490,1397,1611) ) ) GROUP BY ID,CODE,NAME ORDER BY ID,CODE,NAME ) TMP_PAGE WHERE ROWNUM <= 20 
	{executed in 17 msec, connection number: [2]}
2018-08-04 17:41:37.362 logback [http-nio-8802-exec-3] DEBUG jdbc.sqltiming.sqlTimingOccured -  org.apache.ibatis.executor.statement.PreparedStatementHandler.query(PreparedStatementHandler.java:63)
 select count(1)from T_AUTH_ROLE_FUN_REF T join T_EMPLOYEE_ROLE ter on ter.role_id=t.role_id and ter.company_id=t.company_id join T_AUTH_MENU_FUN_TEMPLATE ta on T.AUTH_CODE= ta.auth_code join t_auth_menu tam on ta.menu_code = tam.code and tam.status = 0 where ter.EMPLOYEE_ID = 2586 and ter.company_id = 762 and ta.fun_code = 'FW' and t.group_id = 826 and tam.code = 'BOSS_CGHZ' and tam.module_code='YS_BOSS' and tam.Env_Type='APP_BOSS' 
	{executed in 11 msec, connection number: [3]}
2018-08-04 17:41:37.368 logback [http-nio-8802-exec-3] DEBUG jdbc.sqltiming.sqlTimingOccured -  org.apache.ibatis.executor.statement.PreparedStatementHandler.query(PreparedStatementHandler.java:63)
 select count(1)from T_AUTH_ROLE_FUN_REF T join T_EMPLOYEE_ROLE ter on ter.role_id=t.role_id and ter.company_id=t.company_id join T_AUTH_MENU_FUN_TEMPLATE ta on T.AUTH_CODE= ta.auth_code join t_auth_menu tam on ta.menu_code = tam.code and tam.status = 0 where ter.EMPLOYEE_ID = 2586 and ter.company_id = 762 and ta.fun_code = 'CKCBJ' and t.group_id = 826 and tam.code = 'BOSS_CGHZ' and tam.module_code='YS_BOSS' and tam.Env_Type='APP_BOSS' 
	{executed in 5 msec, connection number: [3]}
2018-08-04 17:41:37.384 logback [http-nio-8802-exec-3] DEBUG jdbc.sqltiming.sqlTimingOccured -  org.apache.ibatis.executor.statement.PreparedStatementHandler.query(PreparedStatementHandler.java:63)
 SELECT DISTINCT T.ID,T.CODE,T.NAME,T.ID AS COMPANYID FROM T_COMPANY T JOIN T_AUTH_COMPANY_MENU_REF CMR ON T.ID = CMR.COMPANY_ID JOIN T_AUTH_MENU M ON M.MODULE_CODE = CMR.MODULE_CODE JOIN T_AUTH_MENU_FUN_TEMPLATE MFT ON M.CODE = MFT.MENU_CODE JOIN T_AUTH_ROLE_FUN_REF RFR ON MFT.AUTH_CODE = RFR.AUTH_CODE AND RFR.COMPANY_ID = CMR.COMPANY_ID JOIN T_EMPLOYEE_ROLE ER ON RFR.ROLE_ID = ER.ROLE_ID AND ER.COMPANY_ID=T.ID AND ER.EMPLOYEE_ID = 2586 WHERE M.STATUS = 0 AND M.IS_NAV = 0 AND M.ENV_TYPE = 'APP_BOSS' AND M.MODULE_CODE='YS_BOSS' AND M.CODE ='BOSS_CGHZ' 
	{executed in 13 msec, connection number: [3]}
2018-08-04 17:41:37.388 logback [http-nio-8802-exec-3] DEBUG jdbc.sqltiming.sqlTimingOccured -  org.apache.ibatis.executor.statement.PreparedStatementHandler.query(PreparedStatementHandler.java:63)
 select t.id,t.code,t.name,t.parent_id,t.parent_id||','||t.name sectionPath,T.COMPANY_ID AS COMPANYID from t_section t start with t.id in (select to_number(t1.value_code) id from t_employee_data t1 where t1.type_code = 'KSYBM' and t1.employees_id = 2586 and t.COMPANY_ID = 762 ) connect by t.PARENT_ID = prior t.id and t.status = 0 
	{executed in 1 msec, connection number: [3]}
2018-08-04 17:41:37.390 logback [http-nio-8802-exec-3] DEBUG jdbc.sqltiming.sqlTimingOccured -  org.apache.ibatis.executor.statement.PreparedStatementHandler.query(PreparedStatementHandler.java:63)
 select t.id as id, t.name as name, t.code as code, t.PARENT_ID as pid, t.parent_id||','||t.name as sectionPath, T.COMPANY_ID AS COMPANYID from t_section t where t.COMPANY_ID = 762 and t.status = 0 
	{executed in 1 msec, connection number: [3]}
2018-08-04 17:41:37.482 logback [http-nio-8802-exec-3] DEBUG jdbc.sqltiming.sqlTimingOccured -  org.apache.ibatis.executor.statement.PreparedStatementHandler.query(PreparedStatementHandler.java:63)
 SELECT count(0) FROM (SELECT ID, CODE, NAME, SUM(GOODSQUANTITY) AS GOODSQUANTITY, TO_CHAR(SUM(GOODSAMOUNT)) AS GOODSAMOUNT, TO_CHAR(ROUND(JXC_ALL_PCK.CHECK_DIVIDE(SUM(GOODSAMOUNT), SUM(GOODSQUANTITY)), 2)) AS goodsPrice FROM (SELECT GOODSID AS ID, GOODSCODE AS CODE, GOODSNAME AS NAME, GOODSQUANTITY, GOODSAMOUNT FROM (SELECT TS.ID AS SECTIONID, TS.CODE AS SECTIONCODE, TS.NAME AS SECTIONNAME, TG.ID AS GOODSID, TG.CODE AS GOODSCODE, TG.NAME AS GOODSNAME, TCU.ID AS SUPPLIERID, TCU.CODE AS SUPPLIERCODE, TCU.NAME AS SUPPLIERNAME, NVL(T1.GOODS_NUMBER, 0) AS GOODSQUANTITY, NVL(T1.AMOUNT, 0) AS GOODSAMOUNT FROM I_BILLS_MAIN T JOIN I_INSTRORAGE_NUM T1 ON T.ID = T1.BILLS_MAIN_ID JOIN T_COMPANY TC ON T.COMPANY_ID = TC.ID JOIN I_STORAGE IST ON T1.STORAGE_ID = IST.ID JOIN T_SECTION TS ON IST.SECTION_ID = TS.ID JOIN T_CONTACT_UNIT TCU ON T.CONTACTSUNIT_ID = TCU.ID AND TCU.STATUS = 0 JOIN T_GOODSNAME TG ON T1.GOODS_ID = TG.ID WHERE T.BILLS_TYPE IN ('2', '3') AND T.GROUP_ID = 826 AND TC.ID IN (762) AND TS.ID IN (2373, 2380, 2376, 2091, 2371, 2375, 1593, 1770, 2377, 2374, 2383, 2370, 2384, 1470, 1591, 1592, 1473, 1594, 1472, 1471, 1398, 2390, 1399, 1400, 1331, 2560, 2382, 2381, 1396, 1166, 1167, 1490, 1397, 1611) UNION ALL SELECT TS.ID AS SECTIONID, TS.CODE AS SECTIONCODE, TS.NAME AS SECTIONNAME, TG.ID AS GOODSID, TG.CODE AS GOODSCODE, TG.NAME AS GOODSNAME, TCU.ID AS SUPPLIERID, TCU.CODE AS SUPPLIERCODE, TCU.NAME AS SUPPLIERNAME, NVL(-T1.GOODS_NUMBER, 0) AS GOODSQUANTITY, NVL(-T1.AMOUNT, 0) AS GOODSAMOUNT FROM I_BILLS_MAIN T JOIN I_OUTSTRORAGE_NUM T1 ON T.ID = T1.BILLS_MAIN_ID JOIN T_COMPANY TC ON T.COMPANY_ID = TC.ID JOIN I_STORAGE IST ON T1.STORAGE_ID = IST.ID JOIN T_SECTION TS ON IST.SECTION_ID = TS.ID JOIN T_CONTACT_UNIT TCU ON T.CONTACTSUNIT_ID = TCU.ID AND TCU.STATUS = 0 JOIN T_GOODSNAME TG ON T1.GOODS_ID = TG.ID WHERE T.BILLS_TYPE IN ('3', '4') AND T.GROUP_ID = 826 AND TC.ID IN (762) AND TS.ID IN (2373, 2380, 2376, 2091, 2371, 2375, 1593, 1770, 2377, 2374, 2383, 2370, 2384, 1470, 1591, 1592, 1473, 1594, 1472, 1471, 1398, 2390, 1399, 1400, 1331, 2560, 2382, 2381, 1396, 1166, 1167, 1490, 1397, 1611))) GROUP BY ID, CODE, NAME) table_count 
	{executed in 18 msec, connection number: [3]}
2018-08-04 17:41:37.501 logback [http-nio-8802-exec-3] DEBUG jdbc.sqltiming.sqlTimingOccured -  org.apache.ibatis.executor.statement.PreparedStatementHandler.query(PreparedStatementHandler.java:63)
 SELECT TMP_PAGE.*, ROWNUM ROW_ID FROM ( SELECT ID,CODE,NAME,SUM(GOODSQUANTITY)AS GOODSQUANTITY , TO_CHAR(SUM(GOODSAMOUNT))AS GOODSAMOUNT, TO_CHAR(ROUND(JXC_ALL_PCK.CHECK_DIVIDE(SUM(GOODSAMOUNT), SUM(GOODSQUANTITY)),2))AS goodsPrice FROM( SELECT GOODSID AS ID,GOODSCODE AS CODE,GOODSNAME AS NAME ,GOODSQUANTITY,GOODSAMOUNT FROM( SELECT TS.ID AS SECTIONID, TS.CODE AS SECTIONCODE, TS.NAME AS SECTIONNAME, TG.ID AS GOODSID, TG.CODE AS GOODSCODE, TG.NAME AS GOODSNAME, TCU.ID AS SUPPLIERID, TCU.CODE AS SUPPLIERCODE, TCU.NAME AS SUPPLIERNAME, NVL(T1.GOODS_NUMBER,0) AS GOODSQUANTITY, NVL(T1.AMOUNT,0) AS GOODSAMOUNT FROM I_BILLS_MAIN T JOIN I_INSTRORAGE_NUM T1 ON T.ID=T1.BILLS_MAIN_ID JOIN T_COMPANY TC ON T.COMPANY_ID=TC.ID JOIN I_STORAGE IST ON T1.STORAGE_ID=IST.ID JOIN T_SECTION TS ON IST.SECTION_ID=TS.ID JOIN T_CONTACT_UNIT TCU ON T.CONTACTSUNIT_ID=TCU.ID AND TCU.STATUS=0 JOIN T_GOODSNAME TG ON T1.GOODS_ID=TG.ID WHERE T.BILLS_TYPE IN ('2', '3') AND T.GROUP_ID = 826 AND TC.ID IN(762) AND TS.ID IN(2373,2380,2376,2091,2371,2375,1593,1770,2377,2374,2383,2370,2384,1470,1591,1592,1473,1594,1472,1471,1398,2390,1399,1400,1331,2560,2382,2381,1396,1166,1167,1490,1397,1611) UNION ALL SELECT TS.ID AS SECTIONID, TS.CODE AS SECTIONCODE, TS.NAME AS SECTIONNAME, TG.ID AS GOODSID, TG.CODE AS GOODSCODE, TG.NAME AS GOODSNAME, TCU.ID AS SUPPLIERID, TCU.CODE AS SUPPLIERCODE, TCU.NAME AS SUPPLIERNAME, NVL(-T1.GOODS_NUMBER,0) AS GOODSQUANTITY, NVL(-T1.AMOUNT,0) AS GOODSAMOUNT FROM I_BILLS_MAIN T JOIN I_OUTSTRORAGE_NUM T1 ON T.ID=T1.BILLS_MAIN_ID JOIN T_COMPANY TC ON T.COMPANY_ID=TC.ID JOIN I_STORAGE IST ON T1.STORAGE_ID=IST.ID JOIN T_SECTION TS ON IST.SECTION_ID=TS.ID JOIN T_CONTACT_UNIT TCU ON T.CONTACTSUNIT_ID=TCU.ID AND TCU.STATUS=0 JOIN T_GOODSNAME TG ON T1.GOODS_ID=TG.ID WHERE T.BILLS_TYPE IN ('3', '4') AND T.GROUP_ID = 826 AND TC.ID IN(762) AND TS.ID IN(2373,2380,2376,2091,2371,2375,1593,1770,2377,2374,2383,2370,2384,1470,1591,1592,1473,1594,1472,1471,1398,2390,1399,1400,1331,2560,2382,2381,1396,1166,1167,1490,1397,1611) ) ) GROUP BY ID,CODE,NAME ORDER BY ID,CODE,NAME ) TMP_PAGE WHERE ROWNUM <= 20 
	{executed in 17 msec, connection number: [3]}
2018-08-04 17:42:36.419 logback [http-nio-8802-exec-4] DEBUG jdbc.sqltiming.sqlTimingOccured -  org.apache.ibatis.executor.statement.PreparedStatementHandler.query(PreparedStatementHandler.java:63)
 select count(1)from T_AUTH_ROLE_FUN_REF T join T_EMPLOYEE_ROLE ter on ter.role_id=t.role_id and ter.company_id=t.company_id join T_AUTH_MENU_FUN_TEMPLATE ta on T.AUTH_CODE= ta.auth_code join t_auth_menu tam on ta.menu_code = tam.code and tam.status = 0 where ter.EMPLOYEE_ID = 2586 and ter.company_id = 762 and ta.fun_code = 'FW' and t.group_id = 826 and tam.code = 'BOSS_CGHZ' and tam.module_code='YS_BOSS' and tam.Env_Type='APP_BOSS' 
	{executed in 14 msec, connection number: [4]}
2018-08-04 17:42:36.431 logback [http-nio-8802-exec-4] DEBUG jdbc.sqltiming.sqlTimingOccured -  org.apache.ibatis.executor.statement.PreparedStatementHandler.query(PreparedStatementHandler.java:63)
 select count(1)from T_AUTH_ROLE_FUN_REF T join T_EMPLOYEE_ROLE ter on ter.role_id=t.role_id and ter.company_id=t.company_id join T_AUTH_MENU_FUN_TEMPLATE ta on T.AUTH_CODE= ta.auth_code join t_auth_menu tam on ta.menu_code = tam.code and tam.status = 0 where ter.EMPLOYEE_ID = 2586 and ter.company_id = 762 and ta.fun_code = 'CKCBJ' and t.group_id = 826 and tam.code = 'BOSS_CGHZ' and tam.module_code='YS_BOSS' and tam.Env_Type='APP_BOSS' 
	{executed in 10 msec, connection number: [4]}
2018-08-04 17:42:36.442 logback [http-nio-8802-exec-4] DEBUG jdbc.sqltiming.sqlTimingOccured -  org.apache.ibatis.executor.statement.PreparedStatementHandler.query(PreparedStatementHandler.java:63)
 SELECT DISTINCT T.ID,T.CODE,T.NAME,T.ID AS COMPANYID FROM T_COMPANY T JOIN T_AUTH_COMPANY_MENU_REF CMR ON T.ID = CMR.COMPANY_ID JOIN T_AUTH_MENU M ON M.MODULE_CODE = CMR.MODULE_CODE JOIN T_AUTH_MENU_FUN_TEMPLATE MFT ON M.CODE = MFT.MENU_CODE JOIN T_AUTH_ROLE_FUN_REF RFR ON MFT.AUTH_CODE = RFR.AUTH_CODE AND RFR.COMPANY_ID = CMR.COMPANY_ID JOIN T_EMPLOYEE_ROLE ER ON RFR.ROLE_ID = ER.ROLE_ID AND ER.COMPANY_ID=T.ID AND ER.EMPLOYEE_ID = 2586 WHERE M.STATUS = 0 AND M.IS_NAV = 0 AND M.ENV_TYPE = 'APP_BOSS' AND M.MODULE_CODE='YS_BOSS' AND M.CODE ='BOSS_CGHZ' 
	{executed in 9 msec, connection number: [4]}
2018-08-04 17:42:36.446 logback [http-nio-8802-exec-4] DEBUG jdbc.sqltiming.sqlTimingOccured -  org.apache.ibatis.executor.statement.PreparedStatementHandler.query(PreparedStatementHandler.java:63)
 select t.id,t.code,t.name,t.parent_id,t.parent_id||','||t.name sectionPath,T.COMPANY_ID AS COMPANYID from t_section t start with t.id in (select to_number(t1.value_code) id from t_employee_data t1 where t1.type_code = 'KSYBM' and t1.employees_id = 2586 and t.COMPANY_ID = 762 ) connect by t.PARENT_ID = prior t.id and t.status = 0 
	{executed in 2 msec, connection number: [4]}
2018-08-04 17:42:36.449 logback [http-nio-8802-exec-4] DEBUG jdbc.sqltiming.sqlTimingOccured -  org.apache.ibatis.executor.statement.PreparedStatementHandler.query(PreparedStatementHandler.java:63)
 select t.id as id, t.name as name, t.code as code, t.PARENT_ID as pid, t.parent_id||','||t.name as sectionPath, T.COMPANY_ID AS COMPANYID from t_section t where t.COMPANY_ID = 762 and t.status = 0 
	{executed in 1 msec, connection number: [4]}
2018-08-04 17:42:36.520 logback [http-nio-8802-exec-4] DEBUG jdbc.sqltiming.sqlTimingOccured -  org.apache.ibatis.executor.statement.PreparedStatementHandler.query(PreparedStatementHandler.java:63)
 SELECT count(0) FROM (SELECT ID, CODE, NAME, SUM(GOODSQUANTITY) AS GOODSQUANTITY, TO_CHAR(SUM(GOODSAMOUNT)) AS GOODSAMOUNT, TO_CHAR(ROUND(JXC_ALL_PCK.CHECK_DIVIDE(SUM(GOODSAMOUNT), SUM(GOODSQUANTITY)), 2)) AS goodsPrice FROM (SELECT GOODSID AS ID, GOODSCODE AS CODE, GOODSNAME AS NAME, GOODSQUANTITY, GOODSAMOUNT FROM (SELECT TS.ID AS SECTIONID, TS.CODE AS SECTIONCODE, TS.NAME AS SECTIONNAME, TG.ID AS GOODSID, TG.CODE AS GOODSCODE, TG.NAME AS GOODSNAME, TCU.ID AS SUPPLIERID, TCU.CODE AS SUPPLIERCODE, TCU.NAME AS SUPPLIERNAME, NVL(T1.GOODS_NUMBER, 0) AS GOODSQUANTITY, NVL(T1.AMOUNT, 0) AS GOODSAMOUNT FROM I_BILLS_MAIN T JOIN I_INSTRORAGE_NUM T1 ON T.ID = T1.BILLS_MAIN_ID JOIN T_COMPANY TC ON T.COMPANY_ID = TC.ID JOIN I_STORAGE IST ON T1.STORAGE_ID = IST.ID JOIN T_SECTION TS ON IST.SECTION_ID = TS.ID JOIN T_CONTACT_UNIT TCU ON T.CONTACTSUNIT_ID = TCU.ID AND TCU.STATUS = 0 JOIN T_GOODSNAME TG ON T1.GOODS_ID = TG.ID WHERE T.BILLS_TYPE IN ('2', '3') AND T.GROUP_ID = 826 AND TC.ID IN (762) AND TS.ID IN (2373, 2380, 2376, 2091, 2371, 2375, 1593, 1770, 2377, 2374, 2383, 2370, 2384, 1470, 1591, 1592, 1473, 1594, 1472, 1471, 1398, 2390, 1399, 1400, 1331, 2560, 2382, 2381, 1396, 1166, 1167, 1490, 1397, 1611) UNION ALL SELECT TS.ID AS SECTIONID, TS.CODE AS SECTIONCODE, TS.NAME AS SECTIONNAME, TG.ID AS GOODSID, TG.CODE AS GOODSCODE, TG.NAME AS GOODSNAME, TCU.ID AS SUPPLIERID, TCU.CODE AS SUPPLIERCODE, TCU.NAME AS SUPPLIERNAME, NVL(-T1.GOODS_NUMBER, 0) AS GOODSQUANTITY, NVL(-T1.AMOUNT, 0) AS GOODSAMOUNT FROM I_BILLS_MAIN T JOIN I_OUTSTRORAGE_NUM T1 ON T.ID = T1.BILLS_MAIN_ID JOIN T_COMPANY TC ON T.COMPANY_ID = TC.ID JOIN I_STORAGE IST ON T1.STORAGE_ID = IST.ID JOIN T_SECTION TS ON IST.SECTION_ID = TS.ID JOIN T_CONTACT_UNIT TCU ON T.CONTACTSUNIT_ID = TCU.ID AND TCU.STATUS = 0 JOIN T_GOODSNAME TG ON T1.GOODS_ID = TG.ID WHERE T.BILLS_TYPE IN ('3', '4') AND T.GROUP_ID = 826 AND TC.ID IN (762) AND TS.ID IN (2373, 2380, 2376, 2091, 2371, 2375, 1593, 1770, 2377, 2374, 2383, 2370, 2384, 1470, 1591, 1592, 1473, 1594, 1472, 1471, 1398, 2390, 1399, 1400, 1331, 2560, 2382, 2381, 1396, 1166, 1167, 1490, 1397, 1611))) GROUP BY ID, CODE, NAME) table_count 
	{executed in 22 msec, connection number: [4]}
2018-08-04 17:42:36.537 logback [http-nio-8802-exec-4] DEBUG jdbc.sqltiming.sqlTimingOccured -  org.apache.ibatis.executor.statement.PreparedStatementHandler.query(PreparedStatementHandler.java:63)
 SELECT TMP_PAGE.*, ROWNUM ROW_ID FROM ( SELECT ID,CODE,NAME,SUM(GOODSQUANTITY)AS GOODSQUANTITY , TO_CHAR(SUM(GOODSAMOUNT))AS GOODSAMOUNT, TO_CHAR(ROUND(JXC_ALL_PCK.CHECK_DIVIDE(SUM(GOODSAMOUNT), SUM(GOODSQUANTITY)),2))AS goodsPrice FROM( SELECT GOODSID AS ID,GOODSCODE AS CODE,GOODSNAME AS NAME ,GOODSQUANTITY,GOODSAMOUNT FROM( SELECT TS.ID AS SECTIONID, TS.CODE AS SECTIONCODE, TS.NAME AS SECTIONNAME, TG.ID AS GOODSID, TG.CODE AS GOODSCODE, TG.NAME AS GOODSNAME, TCU.ID AS SUPPLIERID, TCU.CODE AS SUPPLIERCODE, TCU.NAME AS SUPPLIERNAME, NVL(T1.GOODS_NUMBER,0) AS GOODSQUANTITY, NVL(T1.AMOUNT,0) AS GOODSAMOUNT FROM I_BILLS_MAIN T JOIN I_INSTRORAGE_NUM T1 ON T.ID=T1.BILLS_MAIN_ID JOIN T_COMPANY TC ON T.COMPANY_ID=TC.ID JOIN I_STORAGE IST ON T1.STORAGE_ID=IST.ID JOIN T_SECTION TS ON IST.SECTION_ID=TS.ID JOIN T_CONTACT_UNIT TCU ON T.CONTACTSUNIT_ID=TCU.ID AND TCU.STATUS=0 JOIN T_GOODSNAME TG ON T1.GOODS_ID=TG.ID WHERE T.BILLS_TYPE IN ('2', '3') AND T.GROUP_ID = 826 AND TC.ID IN(762) AND TS.ID IN(2373,2380,2376,2091,2371,2375,1593,1770,2377,2374,2383,2370,2384,1470,1591,1592,1473,1594,1472,1471,1398,2390,1399,1400,1331,2560,2382,2381,1396,1166,1167,1490,1397,1611) UNION ALL SELECT TS.ID AS SECTIONID, TS.CODE AS SECTIONCODE, TS.NAME AS SECTIONNAME, TG.ID AS GOODSID, TG.CODE AS GOODSCODE, TG.NAME AS GOODSNAME, TCU.ID AS SUPPLIERID, TCU.CODE AS SUPPLIERCODE, TCU.NAME AS SUPPLIERNAME, NVL(-T1.GOODS_NUMBER,0) AS GOODSQUANTITY, NVL(-T1.AMOUNT,0) AS GOODSAMOUNT FROM I_BILLS_MAIN T JOIN I_OUTSTRORAGE_NUM T1 ON T.ID=T1.BILLS_MAIN_ID JOIN T_COMPANY TC ON T.COMPANY_ID=TC.ID JOIN I_STORAGE IST ON T1.STORAGE_ID=IST.ID JOIN T_SECTION TS ON IST.SECTION_ID=TS.ID JOIN T_CONTACT_UNIT TCU ON T.CONTACTSUNIT_ID=TCU.ID AND TCU.STATUS=0 JOIN T_GOODSNAME TG ON T1.GOODS_ID=TG.ID WHERE T.BILLS_TYPE IN ('3', '4') AND T.GROUP_ID = 826 AND TC.ID IN(762) AND TS.ID IN(2373,2380,2376,2091,2371,2375,1593,1770,2377,2374,2383,2370,2384,1470,1591,1592,1473,1594,1472,1471,1398,2390,1399,1400,1331,2560,2382,2381,1396,1166,1167,1490,1397,1611) ) ) GROUP BY ID,CODE,NAME ORDER BY ID,CODE,NAME ) TMP_PAGE WHERE ROWNUM <= 20 
	{executed in 14 msec, connection number: [4]}
