2018-08-07 09:51:20.477 logback [http-nio-8802-exec-1] DEBUG jdbc.sqltiming.sqlTimingOccured -  org.apache.ibatis.executor.statement.PreparedStatementHandler.query(PreparedStatementHandler.java:63)
 select count(1)from T_AUTH_ROLE_FUN_REF T join T_EMPLOYEE_ROLE ter on ter.role_id=t.role_id and ter.company_id=t.company_id join T_AUTH_MENU_FUN_TEMPLATE ta on T.AUTH_CODE= ta.auth_code join t_auth_menu tam on ta.menu_code = tam.code and tam.status = 0 where ter.EMPLOYEE_ID = 2586 and ter.company_id = 762 and ta.fun_code = 'FW' and t.group_id = 826 and tam.code = 'BOSS_KCFB' and tam.module_code='YS_BOSS' and tam.Env_Type='APP_BOSS' 
	{executed in 15 msec, connection number: [1]}
2018-08-07 09:51:20.505 logback [http-nio-8802-exec-1] DEBUG jdbc.sqltiming.sqlTimingOccured -  org.apache.ibatis.executor.statement.PreparedStatementHandler.query(PreparedStatementHandler.java:63)
 select count(1)from T_AUTH_ROLE_FUN_REF T join T_EMPLOYEE_ROLE ter on ter.role_id=t.role_id and ter.company_id=t.company_id join T_AUTH_MENU_FUN_TEMPLATE ta on T.AUTH_CODE= ta.auth_code join t_auth_menu tam on ta.menu_code = tam.code and tam.status = 0 where ter.EMPLOYEE_ID = 2586 and ter.company_id = 762 and ta.fun_code = 'CKCBJ' and t.group_id = 826 and tam.code = 'BOSS_KCFB' and tam.module_code='YS_BOSS' and tam.Env_Type='APP_BOSS' 
	{executed in 7 msec, connection number: [1]}
2018-08-07 09:51:20.540 logback [http-nio-8802-exec-1] DEBUG jdbc.sqltiming.sqlTimingOccured -  org.apache.ibatis.executor.statement.PreparedStatementHandler.query(PreparedStatementHandler.java:63)
 SELECT DISTINCT T.ID,T.CODE,T.NAME,T.ID AS COMPANYID FROM T_COMPANY T JOIN T_AUTH_COMPANY_MENU_REF CMR ON T.ID = CMR.COMPANY_ID JOIN T_AUTH_MENU M ON M.MODULE_CODE = CMR.MODULE_CODE JOIN T_AUTH_MENU_FUN_TEMPLATE MFT ON M.CODE = MFT.MENU_CODE JOIN T_AUTH_ROLE_FUN_REF RFR ON MFT.AUTH_CODE = RFR.AUTH_CODE AND RFR.COMPANY_ID = CMR.COMPANY_ID JOIN T_EMPLOYEE_ROLE ER ON RFR.ROLE_ID = ER.ROLE_ID AND ER.COMPANY_ID=T.ID AND ER.EMPLOYEE_ID = 2586 WHERE M.STATUS = 0 AND M.IS_NAV = 0 AND M.ENV_TYPE = 'APP_BOSS' AND M.MODULE_CODE='YS_BOSS' AND M.CODE ='BOSS_KCFB' 
	{executed in 23 msec, connection number: [2]}
2018-08-07 09:51:20.556 logback [http-nio-8802-exec-1] DEBUG jdbc.sqltiming.sqlTimingOccured -  org.apache.ibatis.executor.statement.PreparedStatementHandler.query(PreparedStatementHandler.java:63)
 select t.id,t.code,t.name,t.parent_id,t.parent_id||','||t.name sectionPath,T.COMPANY_ID AS COMPANYID from t_section t start with t.id in (select to_number(t1.value_code) id from t_employee_data t1 where t1.type_code = 'KSYBM' and t1.employees_id = 2586 and t.COMPANY_ID = 762 ) connect by t.PARENT_ID = prior t.id and t.status = 0 
	{executed in 4 msec, connection number: [2]}
2018-08-07 09:51:20.561 logback [http-nio-8802-exec-1] DEBUG jdbc.sqltiming.sqlTimingOccured -  org.apache.ibatis.executor.statement.PreparedStatementHandler.query(PreparedStatementHandler.java:63)
 select t.id as id, t.name as name, t.code as code, t.PARENT_ID as pid, t.parent_id||','||t.name as sectionPath, T.COMPANY_ID AS COMPANYID from t_section t where t.COMPANY_ID = 762 and t.status = 0 
	{executed in 1 msec, connection number: [2]}
2018-08-07 09:51:20.685 logback [http-nio-8802-exec-1] DEBUG jdbc.sqltiming.sqlTimingOccured -  org.apache.ibatis.executor.statement.PreparedStatementHandler.query(PreparedStatementHandler.java:63)
 SELECT count(0) FROM (SELECT goodsId, goodsName, goodsCode, goodsConfiguration, SUM(goodsQuantity) goodsQuantity FROM (SELECT T.GOODS_ID AS goodsId, TG.NAME AS goodsName, TG.CODE AS goodsCode, TG.CONFIGURE AS goodsConfiguration, T.STOCK_NUMBER AS goodsQuantity FROM I_STOCK_NUM T LEFT JOIN T_GOODSNAME TG ON T.GOODS_ID = TG.ID LEFT JOIN T_GOODSALIAS TGS ON T.GOODS_ID = TGS.GOODS_ID AND T.COMPANY_ID = TGS.COMPANY_ID LEFT JOIN T_GOODSCLASS TGC ON TG.GOODS_CATEGORY_ID = TGC.ID AND TGC.STATUS = 0 LEFT JOIN T_GOODSBRAND TGB ON TG.GOODS_BRAND_ID = TGB.ID LEFT JOIN T_SECTION TS ON T.SECTION_ID = TS.ID AND T.GROUP_ID = T.GROUP_ID AND TS.STATUS = 0 AND TS.IS_KCFLAG = 1 WHERE T.GROUP_ID = 826 AND T.STOCK_NUMBER > 0 AND TS.IS_KCFLAG = 1 AND T.COMPANY_ID IN (762) AND T.SECTION_ID IN (2373, 2380, 2376, 2091, 2371, 2375, 1593, 1770, 2377, 2374, 2383, 2370, 2384, 1470, 1591, 1592, 1473, 1594, 1472, 1471, 1398, 2390, 1399, 1400, 1331, 2560, 2382, 2381, 1396, 1166, 1167, 1490, 1397, 1611)) GROUP BY goodsId, goodsName, goodsCode, goodsConfiguration) table_count 
	{executed in 14 msec, connection number: [3]}
2018-08-07 09:51:20.710 logback [http-nio-8802-exec-1] DEBUG jdbc.sqltiming.sqlTimingOccured -  org.apache.ibatis.executor.statement.PreparedStatementHandler.query(PreparedStatementHandler.java:63)
 SELECT TMP_PAGE.*, ROWNUM ROW_ID FROM ( SELECT goodsId,goodsName,goodsCode,goodsConfiguration,SUM(goodsQuantity)goodsQuantity FROM( SELECT T.GOODS_ID AS goodsId, TG.NAME AS goodsName, TG.CODE AS goodsCode, TG.CONFIGURE AS goodsConfiguration, T.STOCK_NUMBER AS goodsQuantity FROM I_STOCK_NUM T LEFT JOIN T_GOODSNAME TG ON T.GOODS_ID = TG.ID LEFT JOIN T_GOODSALIAS TGS ON T.GOODS_ID = TGS.GOODS_ID AND T.COMPANY_ID=TGS.COMPANY_ID LEFT JOIN T_GOODSCLASS TGC ON TG.GOODS_CATEGORY_ID =TGC.ID AND TGC.STATUS = 0 LEFT JOIN T_GOODSBRAND TGB ON TG.GOODS_BRAND_ID =TGB.ID LEFT JOIN T_SECTION TS ON T.SECTION_ID =TS.ID AND T.GROUP_ID=T.GROUP_ID AND TS.STATUS=0 AND TS.IS_KCFLAG=1 where T.GROUP_ID =826 AND T.STOCK_NUMBER >0 AND TS.IS_KCFLAG=1 AND T.COMPANY_ID IN(762) AND T.SECTION_ID IN(2373,2380,2376,2091,2371,2375,1593,1770,2377,2374,2383,2370,2384,1470,1591,1592,1473,1594,1472,1471,1398,2390,1399,1400,1331,2560,2382,2381,1396,1166,1167,1490,1397,1611) ) GROUP BY goodsId,goodsName,goodsCode,goodsConfiguration ORDER BY goodsName ) TMP_PAGE WHERE ROWNUM <= 20 
	{executed in 18 msec, connection number: [3]}
2018-08-07 09:52:14.062 logback [http-nio-8802-exec-5] DEBUG jdbc.sqltiming.sqlTimingOccured -  org.apache.ibatis.executor.statement.PreparedStatementHandler.query(PreparedStatementHandler.java:63)
 select count(1)from T_AUTH_ROLE_FUN_REF T join T_EMPLOYEE_ROLE ter on ter.role_id=t.role_id and ter.company_id=t.company_id join T_AUTH_MENU_FUN_TEMPLATE ta on T.AUTH_CODE= ta.auth_code join t_auth_menu tam on ta.menu_code = tam.code and tam.status = 0 where ter.EMPLOYEE_ID = 2586 and ter.company_id = 762 and ta.fun_code = 'FW' and t.group_id = 826 and tam.code = 'BOSS_KCFB' and tam.module_code='YS_BOSS' and tam.Env_Type='APP_BOSS' 
	{executed in 14 msec, connection number: [4]}
2018-08-07 09:52:14.074 logback [http-nio-8802-exec-5] DEBUG jdbc.sqltiming.sqlTimingOccured -  org.apache.ibatis.executor.statement.PreparedStatementHandler.query(PreparedStatementHandler.java:63)
 select count(1)from T_AUTH_ROLE_FUN_REF T join T_EMPLOYEE_ROLE ter on ter.role_id=t.role_id and ter.company_id=t.company_id join T_AUTH_MENU_FUN_TEMPLATE ta on T.AUTH_CODE= ta.auth_code join t_auth_menu tam on ta.menu_code = tam.code and tam.status = 0 where ter.EMPLOYEE_ID = 2586 and ter.company_id = 762 and ta.fun_code = 'CKCBJ' and t.group_id = 826 and tam.code = 'BOSS_KCFB' and tam.module_code='YS_BOSS' and tam.Env_Type='APP_BOSS' 
	{executed in 11 msec, connection number: [4]}
2018-08-07 09:52:14.085 logback [http-nio-8802-exec-5] DEBUG jdbc.sqltiming.sqlTimingOccured -  org.apache.ibatis.executor.statement.PreparedStatementHandler.query(PreparedStatementHandler.java:63)
 SELECT DISTINCT T.ID,T.CODE,T.NAME,T.ID AS COMPANYID FROM T_COMPANY T JOIN T_AUTH_COMPANY_MENU_REF CMR ON T.ID = CMR.COMPANY_ID JOIN T_AUTH_MENU M ON M.MODULE_CODE = CMR.MODULE_CODE JOIN T_AUTH_MENU_FUN_TEMPLATE MFT ON M.CODE = MFT.MENU_CODE JOIN T_AUTH_ROLE_FUN_REF RFR ON MFT.AUTH_CODE = RFR.AUTH_CODE AND RFR.COMPANY_ID = CMR.COMPANY_ID JOIN T_EMPLOYEE_ROLE ER ON RFR.ROLE_ID = ER.ROLE_ID AND ER.COMPANY_ID=T.ID AND ER.EMPLOYEE_ID = 2586 WHERE M.STATUS = 0 AND M.IS_NAV = 0 AND M.ENV_TYPE = 'APP_BOSS' AND M.MODULE_CODE='YS_BOSS' AND M.CODE ='BOSS_KCFB' 
	{executed in 9 msec, connection number: [5]}
2018-08-07 09:52:14.088 logback [http-nio-8802-exec-5] DEBUG jdbc.sqltiming.sqlTimingOccured -  org.apache.ibatis.executor.statement.PreparedStatementHandler.query(PreparedStatementHandler.java:63)
 select t.id,t.code,t.name,t.parent_id,t.parent_id||','||t.name sectionPath,T.COMPANY_ID AS COMPANYID from t_section t start with t.id in (select to_number(t1.value_code) id from t_employee_data t1 where t1.type_code = 'KSYBM' and t1.employees_id = 2586 and t.COMPANY_ID = 762 ) connect by t.PARENT_ID = prior t.id and t.status = 0 
	{executed in 2 msec, connection number: [5]}
2018-08-07 09:52:14.090 logback [http-nio-8802-exec-5] DEBUG jdbc.sqltiming.sqlTimingOccured -  org.apache.ibatis.executor.statement.PreparedStatementHandler.query(PreparedStatementHandler.java:63)
 select t.id as id, t.name as name, t.code as code, t.PARENT_ID as pid, t.parent_id||','||t.name as sectionPath, T.COMPANY_ID AS COMPANYID from t_section t where t.COMPANY_ID = 762 and t.status = 0 
	{executed in 1 msec, connection number: [5]}
2018-08-07 09:52:14.121 logback [http-nio-8802-exec-5] DEBUG jdbc.sqltiming.sqlTimingOccured -  org.apache.ibatis.executor.statement.PreparedStatementHandler.query(PreparedStatementHandler.java:63)
 SELECT id,sectionId,name,code,sum(goodsQuantity)goodsQuantity FROM( SELECT TS.ID AS sectionId, ISO.ID AS id, ISO.NAME AS name, ISO.CODE AS code, T.STOCK_NUMBER AS goodsQuantity FROM I_STOCK_NUM T LEFT JOIN T_GOODSNAME TG ON T.GOODS_ID = TG.ID LEFT JOIN T_GOODSALIAS TGS ON T.GOODS_ID = TGS.GOODS_ID AND T.COMPANY_ID=TGS.COMPANY_ID LEFT JOIN T_GOODSCLASS TGC ON TG.GOODS_CATEGORY_ID =TGC.ID AND TGC.STATUS = 0 LEFT JOIN T_GOODSBRAND TGB ON TG.GOODS_BRAND_ID =TGB.ID LEFT JOIN T_SECTION TS ON T.SECTION_ID =TS.ID AND T.GROUP_ID=T.GROUP_ID AND TS.STATUS=0 LEFT JOIN I_STORAGE ISO ON T.STORAGE_ID =ISO.ID AND T.GROUP_ID=ISO.GROUP_ID where T.GROUP_ID =826 AND T.STOCK_NUMBER >0 AND TS.IS_KCFLAG=1 AND T.COMPANY_ID IN(762) AND T.SECTION_ID IN(2373,2380,2376,2091,2371,2375,1593,1770,2377,2374,2383,2370,2384,1470,1591,1592,1473,1594,1472,1471,1398,2390,1399,1400,1331,2560,2382,2381,1396,1166,1167,1490,1397,1611) ) GROUP BY id,sectionId,name,code 
	{executed in 15 msec, connection number: [6]}
2018-08-07 09:52:14.169 logback [http-nio-8802-exec-5] DEBUG jdbc.sqltiming.sqlTimingOccured -  org.apache.ibatis.executor.statement.PreparedStatementHandler.query(PreparedStatementHandler.java:63)
 SELECT count(0) FROM (SELECT id, name, code, sum(goodsQuantity) goodsQuantity FROM (SELECT TS.ID AS id, TS.NAME AS name, TS.CODE AS code, T.STOCK_NUMBER AS goodsQuantity FROM I_STOCK_NUM T LEFT JOIN T_GOODSNAME TG ON T.GOODS_ID = TG.ID LEFT JOIN T_GOODSALIAS TGS ON T.GOODS_ID = TGS.GOODS_ID AND T.COMPANY_ID = TGS.COMPANY_ID LEFT JOIN T_GOODSCLASS TGC ON TG.GOODS_CATEGORY_ID = TGC.ID AND TGC.STATUS = 0 LEFT JOIN T_GOODSBRAND TGB ON TG.GOODS_BRAND_ID = TGB.ID LEFT JOIN T_SECTION TS ON T.SECTION_ID = TS.ID AND T.GROUP_ID = T.GROUP_ID AND TS.STATUS = 0 LEFT JOIN I_STORAGE ISO ON T.STORAGE_ID = ISO.ID AND T.GROUP_ID = ISO.GROUP_ID WHERE T.GROUP_ID = 826 AND T.STOCK_NUMBER > 0 AND TS.IS_KCFLAG = 1 AND T.COMPANY_ID IN (762) AND T.SECTION_ID IN (2373, 2380, 2376, 2091, 2371, 2375, 1593, 1770, 2377, 2374, 2383, 2370, 2384, 1470, 1591, 1592, 1473, 1594, 1472, 1471, 1398, 2390, 1399, 1400, 1331, 2560, 2382, 2381, 1396, 1166, 1167, 1490, 1397, 1611)) GROUP BY id, name, code) table_count 
	{executed in 18 msec, connection number: [6]}
2018-08-07 09:52:14.188 logback [http-nio-8802-exec-5] DEBUG jdbc.sqltiming.sqlTimingOccured -  org.apache.ibatis.executor.statement.PreparedStatementHandler.query(PreparedStatementHandler.java:63)
 SELECT TMP_PAGE.*, ROWNUM ROW_ID FROM ( SELECT id,name,code,sum(goodsQuantity)goodsQuantity FROM( SELECT TS.ID AS id, TS.NAME AS name, TS.CODE AS code, T.STOCK_NUMBER AS goodsQuantity FROM I_STOCK_NUM T LEFT JOIN T_GOODSNAME TG ON T.GOODS_ID = TG.ID LEFT JOIN T_GOODSALIAS TGS ON T.GOODS_ID = TGS.GOODS_ID AND T.COMPANY_ID=TGS.COMPANY_ID LEFT JOIN T_GOODSCLASS TGC ON TG.GOODS_CATEGORY_ID =TGC.ID AND TGC.STATUS = 0 LEFT JOIN T_GOODSBRAND TGB ON TG.GOODS_BRAND_ID =TGB.ID LEFT JOIN T_SECTION TS ON T.SECTION_ID =TS.ID AND T.GROUP_ID=T.GROUP_ID AND TS.STATUS=0 LEFT JOIN I_STORAGE ISO ON T.STORAGE_ID =ISO.ID AND T.GROUP_ID=ISO.GROUP_ID where T.GROUP_ID =826 AND T.STOCK_NUMBER >0 AND TS.IS_KCFLAG=1 AND T.COMPANY_ID IN(762) AND T.SECTION_ID IN(2373,2380,2376,2091,2371,2375,1593,1770,2377,2374,2383,2370,2384,1470,1591,1592,1473,1594,1472,1471,1398,2390,1399,1400,1331,2560,2382,2381,1396,1166,1167,1490,1397,1611) ) GROUP BY id,name,code ) TMP_PAGE WHERE ROWNUM <= 20 
	{executed in 14 msec, connection number: [6]}
2018-08-07 09:53:22.149 logback [http-nio-8802-exec-6] DEBUG jdbc.sqltiming.sqlTimingOccured -  org.apache.ibatis.executor.statement.PreparedStatementHandler.query(PreparedStatementHandler.java:63)
 select count(1)from T_AUTH_ROLE_FUN_REF T join T_EMPLOYEE_ROLE ter on ter.role_id=t.role_id and ter.company_id=t.company_id join T_AUTH_MENU_FUN_TEMPLATE ta on T.AUTH_CODE= ta.auth_code join t_auth_menu tam on ta.menu_code = tam.code and tam.status = 0 where ter.EMPLOYEE_ID = 2586 and ter.company_id = 762 and ta.fun_code = 'FW' and t.group_id = 826 and tam.code = 'BOSS_KCFB' and tam.module_code='YS_BOSS' and tam.Env_Type='APP_BOSS' 
	{executed in 14 msec, connection number: [7]}
2018-08-07 09:53:22.163 logback [http-nio-8802-exec-6] DEBUG jdbc.sqltiming.sqlTimingOccured -  org.apache.ibatis.executor.statement.PreparedStatementHandler.query(PreparedStatementHandler.java:63)
 select count(1)from T_AUTH_ROLE_FUN_REF T join T_EMPLOYEE_ROLE ter on ter.role_id=t.role_id and ter.company_id=t.company_id join T_AUTH_MENU_FUN_TEMPLATE ta on T.AUTH_CODE= ta.auth_code join t_auth_menu tam on ta.menu_code = tam.code and tam.status = 0 where ter.EMPLOYEE_ID = 2586 and ter.company_id = 762 and ta.fun_code = 'CKCBJ' and t.group_id = 826 and tam.code = 'BOSS_KCFB' and tam.module_code='YS_BOSS' and tam.Env_Type='APP_BOSS' 
	{executed in 12 msec, connection number: [7]}
2018-08-07 09:53:22.174 logback [http-nio-8802-exec-6] DEBUG jdbc.sqltiming.sqlTimingOccured -  org.apache.ibatis.executor.statement.PreparedStatementHandler.query(PreparedStatementHandler.java:63)
 SELECT DISTINCT T.ID,T.CODE,T.NAME,T.ID AS COMPANYID FROM T_COMPANY T JOIN T_AUTH_COMPANY_MENU_REF CMR ON T.ID = CMR.COMPANY_ID JOIN T_AUTH_MENU M ON M.MODULE_CODE = CMR.MODULE_CODE JOIN T_AUTH_MENU_FUN_TEMPLATE MFT ON M.CODE = MFT.MENU_CODE JOIN T_AUTH_ROLE_FUN_REF RFR ON MFT.AUTH_CODE = RFR.AUTH_CODE AND RFR.COMPANY_ID = CMR.COMPANY_ID JOIN T_EMPLOYEE_ROLE ER ON RFR.ROLE_ID = ER.ROLE_ID AND ER.COMPANY_ID=T.ID AND ER.EMPLOYEE_ID = 2586 WHERE M.STATUS = 0 AND M.IS_NAV = 0 AND M.ENV_TYPE = 'APP_BOSS' AND M.MODULE_CODE='YS_BOSS' AND M.CODE ='BOSS_KCFB' 
	{executed in 9 msec, connection number: [8]}
2018-08-07 09:53:22.177 logback [http-nio-8802-exec-6] DEBUG jdbc.sqltiming.sqlTimingOccured -  org.apache.ibatis.executor.statement.PreparedStatementHandler.query(PreparedStatementHandler.java:63)
 select t.id,t.code,t.name,t.parent_id,t.parent_id||','||t.name sectionPath,T.COMPANY_ID AS COMPANYID from t_section t start with t.id in (select to_number(t1.value_code) id from t_employee_data t1 where t1.type_code = 'KSYBM' and t1.employees_id = 2586 and t.COMPANY_ID = 762 ) connect by t.PARENT_ID = prior t.id and t.status = 0 
	{executed in 2 msec, connection number: [8]}
2018-08-07 09:53:22.178 logback [http-nio-8802-exec-6] DEBUG jdbc.sqltiming.sqlTimingOccured -  org.apache.ibatis.executor.statement.PreparedStatementHandler.query(PreparedStatementHandler.java:63)
 select t.id as id, t.name as name, t.code as code, t.PARENT_ID as pid, t.parent_id||','||t.name as sectionPath, T.COMPANY_ID AS COMPANYID from t_section t where t.COMPANY_ID = 762 and t.status = 0 
	{executed in 1 msec, connection number: [8]}
2018-08-07 09:53:22.206 logback [http-nio-8802-exec-6] DEBUG jdbc.sqltiming.sqlTimingOccured -  org.apache.ibatis.executor.statement.PreparedStatementHandler.query(PreparedStatementHandler.java:63)
 SELECT id,name,code,sum(goodsQuantity)goodsQuantity FROM( SELECT TG.ID AS id, TG.NAME AS name, TG.CODE AS code, T.STOCK_NUMBER AS goodsQuantity FROM I_STOCK_NUM T LEFT JOIN T_GOODSNAME TG ON T.GOODS_ID = TG.ID LEFT JOIN T_GOODSALIAS TGS ON T.GOODS_ID = TGS.GOODS_ID AND T.COMPANY_ID=TGS.COMPANY_ID LEFT JOIN T_GOODSCLASS TGC ON TG.GOODS_CATEGORY_ID =TGC.ID AND TGC.STATUS = 0 LEFT JOIN T_GOODSBRAND TGB ON TG.GOODS_BRAND_ID =TGB.ID LEFT JOIN T_SECTION TS ON T.SECTION_ID =TS.ID AND T.GROUP_ID=T.GROUP_ID AND TS.STATUS=0 AND TS.IS_KCFLAG=1 LEFT JOIN I_STORAGE ISO ON T.STORAGE_ID =ISO.ID AND T.GROUP_ID=ISO.GROUP_ID where T.GROUP_ID =826 AND T.STOCK_NUMBER >0 AND TS.IS_KCFLAG=1 AND TG.ID = 1061 AND T.COMPANY_ID IN(762) AND T.SECTION_ID IN(2373,2380,2376,2091,2371,2375,1593,1770,2377,2374,2383,2370,2384,1470,1591,1592,1473,1594,1472,1471,1398,2390,1399,1400,1331,2560,2382,2381,1396,1166,1167,1490,1397,1611) ) GROUP BY id,name,code 
	{executed in 13 msec, connection number: [9]}
2018-08-07 10:37:15.477 logback [http-nio-8802-exec-1] DEBUG jdbc.sqltiming.sqlTimingOccured -  org.apache.ibatis.executor.statement.PreparedStatementHandler.query(PreparedStatementHandler.java:63)
 select count(1)from T_AUTH_ROLE_FUN_REF T join T_EMPLOYEE_ROLE ter on ter.role_id=t.role_id and ter.company_id=t.company_id join T_AUTH_MENU_FUN_TEMPLATE ta on T.AUTH_CODE= ta.auth_code join t_auth_menu tam on ta.menu_code = tam.code and tam.status = 0 where ter.EMPLOYEE_ID = 2586 and ter.company_id = 762 and ta.fun_code = 'FW' and t.group_id = 826 and tam.code = 'BOSS_CHGZ' and tam.module_code='YS_BOSS' and tam.Env_Type='APP_BOSS' 
	{executed in 17 msec, connection number: [1]}
2018-08-07 10:37:15.504 logback [http-nio-8802-exec-1] DEBUG jdbc.sqltiming.sqlTimingOccured -  org.apache.ibatis.executor.statement.PreparedStatementHandler.query(PreparedStatementHandler.java:63)
 select count(1)from T_AUTH_ROLE_FUN_REF T join T_EMPLOYEE_ROLE ter on ter.role_id=t.role_id and ter.company_id=t.company_id join T_AUTH_MENU_FUN_TEMPLATE ta on T.AUTH_CODE= ta.auth_code join t_auth_menu tam on ta.menu_code = tam.code and tam.status = 0 where ter.EMPLOYEE_ID = 2586 and ter.company_id = 762 and ta.fun_code = 'CKCBJ' and t.group_id = 826 and tam.code = 'BOSS_CHGZ' and tam.module_code='YS_BOSS' and tam.Env_Type='APP_BOSS' 
	{executed in 10 msec, connection number: [1]}
2018-08-07 10:37:15.533 logback [http-nio-8802-exec-1] DEBUG jdbc.sqltiming.sqlTimingOccured -  org.apache.ibatis.executor.statement.PreparedStatementHandler.query(PreparedStatementHandler.java:63)
 SELECT DISTINCT T.ID,T.CODE,T.NAME,T.ID AS COMPANYID FROM T_COMPANY T JOIN T_AUTH_COMPANY_MENU_REF CMR ON T.ID = CMR.COMPANY_ID JOIN T_AUTH_MENU M ON M.MODULE_CODE = CMR.MODULE_CODE JOIN T_AUTH_MENU_FUN_TEMPLATE MFT ON M.CODE = MFT.MENU_CODE JOIN T_AUTH_ROLE_FUN_REF RFR ON MFT.AUTH_CODE = RFR.AUTH_CODE AND RFR.COMPANY_ID = CMR.COMPANY_ID JOIN T_EMPLOYEE_ROLE ER ON RFR.ROLE_ID = ER.ROLE_ID AND ER.COMPANY_ID=T.ID AND ER.EMPLOYEE_ID = 2586 WHERE M.STATUS = 0 AND M.IS_NAV = 0 AND M.ENV_TYPE = 'APP_BOSS' AND M.MODULE_CODE='YS_BOSS' AND M.CODE ='BOSS_CHGZ' 
	{executed in 18 msec, connection number: [2]}
2018-08-07 10:37:15.548 logback [http-nio-8802-exec-1] DEBUG jdbc.sqltiming.sqlTimingOccured -  org.apache.ibatis.executor.statement.PreparedStatementHandler.query(PreparedStatementHandler.java:63)
 select t.id,t.code,t.name,t.parent_id,t.parent_id||','||t.name sectionPath,T.COMPANY_ID AS COMPANYID from t_section t start with t.id in (select to_number(t1.value_code) id from t_employee_data t1 where t1.type_code = 'KSYBM' and t1.employees_id = 2586 and t.COMPANY_ID = 762 ) connect by t.PARENT_ID = prior t.id and t.status = 0 
	{executed in 5 msec, connection number: [2]}
2018-08-07 10:37:15.553 logback [http-nio-8802-exec-1] DEBUG jdbc.sqltiming.sqlTimingOccured -  org.apache.ibatis.executor.statement.PreparedStatementHandler.query(PreparedStatementHandler.java:63)
 select t.id as id, t.name as name, t.code as code, t.PARENT_ID as pid, t.parent_id||','||t.name as sectionPath, T.COMPANY_ID AS COMPANYID from t_section t where t.COMPANY_ID = 762 and t.status = 0 
	{executed in 2 msec, connection number: [2]}
2018-08-07 10:37:16.173 logback [http-nio-8802-exec-1] DEBUG jdbc.sqltiming.sqlTimingOccured -  org.apache.ibatis.executor.statement.PreparedStatementHandler.query(PreparedStatementHandler.java:63)
 SELECT TMP_PAGE.*, ROWNUM ROW_ID FROM ( WITH TEMP1 AS ( SELECT II.ID, II.IMEI, II.AUXILIARY_IMEI, NVL(SI.ONWAY_NUM, 0) AS ONWAY_NUM, DECODE(SI.ONWAY_NUM, 1, 2,SI.RESERVE2) AS STATUSCODE FROM I_STOCK_IM SI LEFT JOIN T_IMEI_INFO II ON SI.COMPANY_ID = II.COMPANY_ID AND II.ID = TO_NUMBER(SI.IMEI) WHERE SI.COMPANY_ID IN (762) AND (II.IMEI LIKE '%11111' OR II.AUXILIARY_IMEI LIKE '%11111') ORDER BY II.ID, SI.RESERVE2, ONWAY_NUM ), TEMP2 AS ( SELECT DISTINCT II.ID, II.IMEI, II.AUXILIARY_IMEI, 0 AS ONWAY_NUM, 0 AS STATUSCODE FROM T_IMEI_INFO II LEFT JOIN I_STOCK_IM SI ON SI.COMPANY_ID = II.COMPANY_ID AND II.ID = TO_NUMBER(SI.IMEI) JOIN I_STOCK_FTP SF ON SF.COMPANY_ID = II.COMPANY_ID AND II.ID = TO_NUMBER(SF.IMEI) WHERE SI.ID IS NULL AND II.COMPANY_ID IN (762) AND (II.IMEI LIKE '%11111' OR II.AUXILIARY_IMEI LIKE '%11111') ),A AS ( SELECT ID, IMEI, AUXILIARY_IMEI, STATUSCODE, ROWNUM RN FROM (SELECT * FROM TEMP1 UNION ALL SELECT * FROM TEMP2) ) SELECT A.ID imeiId, A.IMEI imei, A.AUXILIARY_IMEI auxiliaryImei, A.STATUSCODE STATUSCODE FROM (SELECT DISTINCT A.ID, MAX(A.RN) OVER(PARTITION BY A.ID) RN FROM A) B JOIN A ON A.ID = B.ID AND A.RN = B.RN ) TMP_PAGE WHERE ROWNUM <= 20 
	{executed in 173 msec, connection number: [3]}
2018-08-07 10:46:00.582 logback [http-nio-8802-exec-4] DEBUG jdbc.sqltiming.sqlTimingOccured -  org.apache.ibatis.executor.statement.PreparedStatementHandler.query(PreparedStatementHandler.java:63)
 select count(1)from T_AUTH_ROLE_FUN_REF T join T_EMPLOYEE_ROLE ter on ter.role_id=t.role_id and ter.company_id=t.company_id join T_AUTH_MENU_FUN_TEMPLATE ta on T.AUTH_CODE= ta.auth_code join t_auth_menu tam on ta.menu_code = tam.code and tam.status = 0 where ter.EMPLOYEE_ID = 2586 and ter.company_id = 762 and ta.fun_code = 'FW' and t.group_id = 826 and tam.code = 'BOSS_CHGZ' and tam.module_code='YS_BOSS' and tam.Env_Type='APP_BOSS' 
	{executed in 21 msec, connection number: [1]}
2018-08-07 10:46:00.610 logback [http-nio-8802-exec-4] DEBUG jdbc.sqltiming.sqlTimingOccured -  org.apache.ibatis.executor.statement.PreparedStatementHandler.query(PreparedStatementHandler.java:63)
 select count(1)from T_AUTH_ROLE_FUN_REF T join T_EMPLOYEE_ROLE ter on ter.role_id=t.role_id and ter.company_id=t.company_id join T_AUTH_MENU_FUN_TEMPLATE ta on T.AUTH_CODE= ta.auth_code join t_auth_menu tam on ta.menu_code = tam.code and tam.status = 0 where ter.EMPLOYEE_ID = 2586 and ter.company_id = 762 and ta.fun_code = 'CKCBJ' and t.group_id = 826 and tam.code = 'BOSS_CHGZ' and tam.module_code='YS_BOSS' and tam.Env_Type='APP_BOSS' 
	{executed in 11 msec, connection number: [1]}
2018-08-07 10:46:00.638 logback [http-nio-8802-exec-4] DEBUG jdbc.sqltiming.sqlTimingOccured -  org.apache.ibatis.executor.statement.PreparedStatementHandler.query(PreparedStatementHandler.java:63)
 SELECT DISTINCT T.ID,T.CODE,T.NAME,T.ID AS COMPANYID FROM T_COMPANY T JOIN T_AUTH_COMPANY_MENU_REF CMR ON T.ID = CMR.COMPANY_ID JOIN T_AUTH_MENU M ON M.MODULE_CODE = CMR.MODULE_CODE JOIN T_AUTH_MENU_FUN_TEMPLATE MFT ON M.CODE = MFT.MENU_CODE JOIN T_AUTH_ROLE_FUN_REF RFR ON MFT.AUTH_CODE = RFR.AUTH_CODE AND RFR.COMPANY_ID = CMR.COMPANY_ID JOIN T_EMPLOYEE_ROLE ER ON RFR.ROLE_ID = ER.ROLE_ID AND ER.COMPANY_ID=T.ID AND ER.EMPLOYEE_ID = 2586 WHERE M.STATUS = 0 AND M.IS_NAV = 0 AND M.ENV_TYPE = 'APP_BOSS' AND M.MODULE_CODE='YS_BOSS' AND M.CODE ='BOSS_CHGZ' 
	{executed in 16 msec, connection number: [2]}
2018-08-07 10:46:00.651 logback [http-nio-8802-exec-4] DEBUG jdbc.sqltiming.sqlTimingOccured -  org.apache.ibatis.executor.statement.PreparedStatementHandler.query(PreparedStatementHandler.java:63)
 select t.id,t.code,t.name,t.parent_id,t.parent_id||','||t.name sectionPath,T.COMPANY_ID AS COMPANYID from t_section t start with t.id in (select to_number(t1.value_code) id from t_employee_data t1 where t1.type_code = 'KSYBM' and t1.employees_id = 2586 and t.COMPANY_ID = 762 ) connect by t.PARENT_ID = prior t.id and t.status = 0 
	{executed in 2 msec, connection number: [2]}
2018-08-07 10:46:00.655 logback [http-nio-8802-exec-4] DEBUG jdbc.sqltiming.sqlTimingOccured -  org.apache.ibatis.executor.statement.PreparedStatementHandler.query(PreparedStatementHandler.java:63)
 select t.id as id, t.name as name, t.code as code, t.PARENT_ID as pid, t.parent_id||','||t.name as sectionPath, T.COMPANY_ID AS COMPANYID from t_section t where t.COMPANY_ID = 762 and t.status = 0 
	{executed in 2 msec, connection number: [2]}
2018-08-07 10:46:19.168 logback [http-nio-8802-exec-4] DEBUG jdbc.sqltiming.sqlTimingOccured -  org.apache.ibatis.executor.statement.PreparedStatementHandler.query(PreparedStatementHandler.java:63)
 SELECT BILLID,BILLTYPE,BILLCODE,BILLDATE,BILLTYPECODE,SECTIONNAME,STORAGENAME,OPERATORNAME,OPERATIONTIME,REMARK,INOUTSTOCKTYPE,IMEIID,IMEI,AUXILIARYIMEI , to_char(ROUND(GOODSAMOUNT,2)) AS GOODSAMOUNT FROM( SELECT T.BILLS_MAIN_ID AS BILLID, T1.ID AS IMEIID, T1.IMEI AS IMEI, T1.AUXILIARY_IMEI AS AUXILIARYIMEI, TP.CONTENT_1 AS BILLTYPE, TP.CODE AS BILLTYPECODE, GET_COLUMN_NAME(T.SOURCE_TAB,T.BILLS_MAIN_ID,'BILLS_CODE') AS BILLCODE, TO_CHAR(T.BILLS_DATE,'yyyy-mm-dd') AS BILLDATE, TS.NAME AS SECTIONNAME, IST.NAME AS STORAGENAME, TE.NAME AS OPERATORNAME, TO_CHAR(T.CREATE_DATE,'yyyy-mm-dd hh24:mi:ss') AS OPERATIONTIME, T.REMARK AS REMARK, NVL2(T.STORAGE_FLAG,TP3.CONTENT_1, DECODE(TOC.FLAG,0,TOC.NAME||'(IN)',TOC.NAME||'(OUT)')) AS INOUTSTOCKTYPE, RP_QUERY_PCK.GET_GOODSAMOUNT(PI_BILLS_ID => T.BILLS_MAIN_ID, PI_TAB => T.SOURCE_TAB, PI_STORAGE_ID => T.STORAGE_ID, PI_GOODS_ID => T.GOODS_ID, PI_IMEI => T.IMEI) AS GOODSAMOUNT FROM I_IM_SERIAL T JOIN T_IMEI_INFO T1 ON T.IMEI=T1.ID AND T1.COMPANY_ID = T.COMPANY_ID JOIN T_EMPLOYEE TE ON TE.ID = T.CREATE_BY LEFT JOIN T_PUBLICTABS TP ON TP.TYPE_CODE='DJLX' AND TP.CODE= GET_COLUMN_NAME(T.SOURCE_TAB,T.BILLS_MAIN_ID,'BILLS_TYPE') LEFT JOIN T_PUBLICTABS TP3 ON TP3.TYPE_CODE = 'CRKFS'AND TP3.CODE = T.STORAGE_FLAG LEFT JOIN T_OTHERSTORAGE_CLASS TOC ON T.OTHER_STORAGE_ID = TOC.ID JOIN T_SECTION TS ON TS.ID = T.SECTION_ID JOIN I_STORAGE IST ON IST.ID = T.STORAGE_ID JOIN T_GOODSNAME TG ON TG.ID = T.GOODS_ID WHERE T1.ID=111 AND T.COMPANY_ID IN (762) ORDER BY T.CREATE_DATE ) 
	{executed in 26 msec, connection number: [3]}
2018-08-07 10:46:19.193 logback [http-nio-8802-exec-4] DEBUG jdbc.sqltiming.sqlTimingOccured -  org.apache.ibatis.executor.statement.PreparedStatementHandler.query(PreparedStatementHandler.java:63)
 SELECT ROWNUM,OPERATIONTIME,GOODSID,GOODSCODE,GOODSNAME,GOODSCONFIGURATION,STATUSCODE,IMEIID,IMEI,AUXILIARYIMEI , to_char(ROUND(GOODSCOSTAMOUNT,2)) AS GOODSCOSTAMOUNT FROM( SELECT T1.ID AS IMEIID, T1.IMEI AS IMEI, T1.AUXILIARY_IMEI AS AUXILIARYIMEI, TO_CHAR(T.CREATE_DATE,'yyyy-mm-dd hh24:mi:ss') AS OPERATIONTIME, TG.ID AS GOODSID, TG.CODE AS GOODSCODE, TG.NAME AS GOODSNAME, TG.CONFIGURE AS GOODSCONFIGURATION, DECODE(SI.ONWAY_NUM, 1, 2,SI.RESERVE2) AS STATUSCODE, T.COST_PRICE AS GOODSCOSTAMOUNT FROM I_IM_SERIAL T JOIN T_IMEI_INFO T1 ON T.IMEI=T1.ID AND T1.COMPANY_ID = T.COMPANY_ID JOIN I_STOCK_IM SI ON TO_NUMBER(SI.IMEI)=T1.ID AND SI.STORAGE_ID=T.STORAGE_ID JOIN T_EMPLOYEE TE ON TE.ID = T.CREATE_BY LEFT JOIN T_PUBLICTABS TP ON TP.TYPE_CODE='DJLX' AND TP.CODE= GET_COLUMN_NAME(T.SOURCE_TAB,T.BILLS_MAIN_ID,'BILLS_TYPE') LEFT JOIN T_PUBLICTABS TP2 ON TP2.TYPE_CODE = 'DJZT' AND TP2.CODE = GET_COLUMN_NAME(T.SOURCE_TAB,T.BILLS_MAIN_ID,'BILLS_STATUS') JOIN T_SECTION TS ON TS.ID = T.SECTION_ID JOIN I_STORAGE IST ON IST.ID = T.STORAGE_ID JOIN T_GOODSNAME TG ON TG.ID = T.GOODS_ID WHERE T1.ID=111 AND T.COMPANY_ID IN (762) AND TP2.CODE IN (6,8,10) ORDER BY T.CREATE_DATE DESC ) WHERE ROWNUM = 1 
	{executed in 17 msec, connection number: [3]}
2018-08-07 10:47:07.248 logback [http-nio-8802-exec-3] DEBUG jdbc.sqltiming.sqlTimingOccured -  org.apache.ibatis.executor.statement.PreparedStatementHandler.query(PreparedStatementHandler.java:63)
 select count(1)from T_AUTH_ROLE_FUN_REF T join T_EMPLOYEE_ROLE ter on ter.role_id=t.role_id and ter.company_id=t.company_id join T_AUTH_MENU_FUN_TEMPLATE ta on T.AUTH_CODE= ta.auth_code join t_auth_menu tam on ta.menu_code = tam.code and tam.status = 0 where ter.EMPLOYEE_ID = 2586 and ter.company_id = 762 and ta.fun_code = 'FW' and t.group_id = 826 and tam.code = 'BOSS_CHGZ' and tam.module_code='YS_BOSS' and tam.Env_Type='APP_BOSS' 
	{executed in 15 msec, connection number: [4]}
2018-08-07 10:47:07.260 logback [http-nio-8802-exec-3] DEBUG jdbc.sqltiming.sqlTimingOccured -  org.apache.ibatis.executor.statement.PreparedStatementHandler.query(PreparedStatementHandler.java:63)
 select count(1)from T_AUTH_ROLE_FUN_REF T join T_EMPLOYEE_ROLE ter on ter.role_id=t.role_id and ter.company_id=t.company_id join T_AUTH_MENU_FUN_TEMPLATE ta on T.AUTH_CODE= ta.auth_code join t_auth_menu tam on ta.menu_code = tam.code and tam.status = 0 where ter.EMPLOYEE_ID = 2586 and ter.company_id = 762 and ta.fun_code = 'CKCBJ' and t.group_id = 826 and tam.code = 'BOSS_CHGZ' and tam.module_code='YS_BOSS' and tam.Env_Type='APP_BOSS' 
	{executed in 11 msec, connection number: [4]}
2018-08-07 10:47:07.274 logback [http-nio-8802-exec-3] DEBUG jdbc.sqltiming.sqlTimingOccured -  org.apache.ibatis.executor.statement.PreparedStatementHandler.query(PreparedStatementHandler.java:63)
 SELECT DISTINCT T.ID,T.CODE,T.NAME,T.ID AS COMPANYID FROM T_COMPANY T JOIN T_AUTH_COMPANY_MENU_REF CMR ON T.ID = CMR.COMPANY_ID JOIN T_AUTH_MENU M ON M.MODULE_CODE = CMR.MODULE_CODE JOIN T_AUTH_MENU_FUN_TEMPLATE MFT ON M.CODE = MFT.MENU_CODE JOIN T_AUTH_ROLE_FUN_REF RFR ON MFT.AUTH_CODE = RFR.AUTH_CODE AND RFR.COMPANY_ID = CMR.COMPANY_ID JOIN T_EMPLOYEE_ROLE ER ON RFR.ROLE_ID = ER.ROLE_ID AND ER.COMPANY_ID=T.ID AND ER.EMPLOYEE_ID = 2586 WHERE M.STATUS = 0 AND M.IS_NAV = 0 AND M.ENV_TYPE = 'APP_BOSS' AND M.MODULE_CODE='YS_BOSS' AND M.CODE ='BOSS_CHGZ' 
	{executed in 11 msec, connection number: [5]}
2018-08-07 10:47:07.278 logback [http-nio-8802-exec-3] DEBUG jdbc.sqltiming.sqlTimingOccured -  org.apache.ibatis.executor.statement.PreparedStatementHandler.query(PreparedStatementHandler.java:63)
 select t.id,t.code,t.name,t.parent_id,t.parent_id||','||t.name sectionPath,T.COMPANY_ID AS COMPANYID from t_section t start with t.id in (select to_number(t1.value_code) id from t_employee_data t1 where t1.type_code = 'KSYBM' and t1.employees_id = 2586 and t.COMPANY_ID = 762 ) connect by t.PARENT_ID = prior t.id and t.status = 0 
	{executed in 2 msec, connection number: [5]}
2018-08-07 10:47:07.280 logback [http-nio-8802-exec-3] DEBUG jdbc.sqltiming.sqlTimingOccured -  org.apache.ibatis.executor.statement.PreparedStatementHandler.query(PreparedStatementHandler.java:63)
 select t.id as id, t.name as name, t.code as code, t.PARENT_ID as pid, t.parent_id||','||t.name as sectionPath, T.COMPANY_ID AS COMPANYID from t_section t where t.COMPANY_ID = 762 and t.status = 0 
	{executed in 2 msec, connection number: [5]}
2018-08-07 10:47:07.906 logback [http-nio-8802-exec-3] DEBUG jdbc.sqltiming.sqlTimingOccured -  org.apache.ibatis.executor.statement.PreparedStatementHandler.query(PreparedStatementHandler.java:63)
 SELECT TMP_PAGE.*, ROWNUM ROW_ID FROM ( WITH TEMP1 AS ( SELECT II.ID, II.IMEI, II.AUXILIARY_IMEI, NVL(SI.ONWAY_NUM, 0) AS ONWAY_NUM, DECODE(SI.ONWAY_NUM, 1, 2,SI.RESERVE2) AS STATUSCODE FROM I_STOCK_IM SI LEFT JOIN T_IMEI_INFO II ON SI.COMPANY_ID = II.COMPANY_ID AND II.ID = TO_NUMBER(SI.IMEI) WHERE SI.COMPANY_ID IN (762) AND (II.IMEI LIKE '%11111' OR II.AUXILIARY_IMEI LIKE '%11111') ORDER BY II.ID, SI.RESERVE2, ONWAY_NUM ), TEMP2 AS ( SELECT DISTINCT II.ID, II.IMEI, II.AUXILIARY_IMEI, 0 AS ONWAY_NUM, 0 AS STATUSCODE FROM T_IMEI_INFO II LEFT JOIN I_STOCK_IM SI ON SI.COMPANY_ID = II.COMPANY_ID AND II.ID = TO_NUMBER(SI.IMEI) JOIN I_STOCK_FTP SF ON SF.COMPANY_ID = II.COMPANY_ID AND II.ID = TO_NUMBER(SF.IMEI) WHERE SI.ID IS NULL AND II.COMPANY_ID IN (762) AND (II.IMEI LIKE '%11111' OR II.AUXILIARY_IMEI LIKE '%11111') ),A AS ( SELECT ID, IMEI, AUXILIARY_IMEI, STATUSCODE, ROWNUM RN FROM (SELECT * FROM TEMP1 UNION ALL SELECT * FROM TEMP2) ) SELECT A.ID imeiId, A.IMEI imei, A.AUXILIARY_IMEI auxiliaryImei, A.STATUSCODE STATUSCODE FROM (SELECT DISTINCT A.ID, MAX(A.RN) OVER(PARTITION BY A.ID) RN FROM A) B JOIN A ON A.ID = B.ID AND A.RN = B.RN ) TMP_PAGE WHERE ROWNUM <= 20 
	{executed in 186 msec, connection number: [6]}
2018-08-07 10:47:27.672 logback [http-nio-8802-exec-7] DEBUG jdbc.sqltiming.sqlTimingOccured -  org.apache.ibatis.executor.statement.PreparedStatementHandler.query(PreparedStatementHandler.java:63)
 select count(1)from T_AUTH_ROLE_FUN_REF T join T_EMPLOYEE_ROLE ter on ter.role_id=t.role_id and ter.company_id=t.company_id join T_AUTH_MENU_FUN_TEMPLATE ta on T.AUTH_CODE= ta.auth_code join t_auth_menu tam on ta.menu_code = tam.code and tam.status = 0 where ter.EMPLOYEE_ID = 2586 and ter.company_id = 762 and ta.fun_code = 'FW' and t.group_id = 826 and tam.code = 'BOSS_CHGZ' and tam.module_code='YS_BOSS' and tam.Env_Type='APP_BOSS' 
	{executed in 7 msec, connection number: [7]}
2018-08-07 10:47:27.678 logback [http-nio-8802-exec-7] DEBUG jdbc.sqltiming.sqlTimingOccured -  org.apache.ibatis.executor.statement.PreparedStatementHandler.query(PreparedStatementHandler.java:63)
 select count(1)from T_AUTH_ROLE_FUN_REF T join T_EMPLOYEE_ROLE ter on ter.role_id=t.role_id and ter.company_id=t.company_id join T_AUTH_MENU_FUN_TEMPLATE ta on T.AUTH_CODE= ta.auth_code join t_auth_menu tam on ta.menu_code = tam.code and tam.status = 0 where ter.EMPLOYEE_ID = 2586 and ter.company_id = 762 and ta.fun_code = 'CKCBJ' and t.group_id = 826 and tam.code = 'BOSS_CHGZ' and tam.module_code='YS_BOSS' and tam.Env_Type='APP_BOSS' 
	{executed in 4 msec, connection number: [7]}
2018-08-07 10:47:27.693 logback [http-nio-8802-exec-7] DEBUG jdbc.sqltiming.sqlTimingOccured -  org.apache.ibatis.executor.statement.PreparedStatementHandler.query(PreparedStatementHandler.java:63)
 SELECT DISTINCT T.ID,T.CODE,T.NAME,T.ID AS COMPANYID FROM T_COMPANY T JOIN T_AUTH_COMPANY_MENU_REF CMR ON T.ID = CMR.COMPANY_ID JOIN T_AUTH_MENU M ON M.MODULE_CODE = CMR.MODULE_CODE JOIN T_AUTH_MENU_FUN_TEMPLATE MFT ON M.CODE = MFT.MENU_CODE JOIN T_AUTH_ROLE_FUN_REF RFR ON MFT.AUTH_CODE = RFR.AUTH_CODE AND RFR.COMPANY_ID = CMR.COMPANY_ID JOIN T_EMPLOYEE_ROLE ER ON RFR.ROLE_ID = ER.ROLE_ID AND ER.COMPANY_ID=T.ID AND ER.EMPLOYEE_ID = 2586 WHERE M.STATUS = 0 AND M.IS_NAV = 0 AND M.ENV_TYPE = 'APP_BOSS' AND M.MODULE_CODE='YS_BOSS' AND M.CODE ='BOSS_CHGZ' 
	{executed in 11 msec, connection number: [8]}
2018-08-07 10:47:27.696 logback [http-nio-8802-exec-7] DEBUG jdbc.sqltiming.sqlTimingOccured -  org.apache.ibatis.executor.statement.PreparedStatementHandler.query(PreparedStatementHandler.java:63)
 select t.id,t.code,t.name,t.parent_id,t.parent_id||','||t.name sectionPath,T.COMPANY_ID AS COMPANYID from t_section t start with t.id in (select to_number(t1.value_code) id from t_employee_data t1 where t1.type_code = 'KSYBM' and t1.employees_id = 2586 and t.COMPANY_ID = 762 ) connect by t.PARENT_ID = prior t.id and t.status = 0 
	{executed in 1 msec, connection number: [8]}
2018-08-07 10:47:27.699 logback [http-nio-8802-exec-7] DEBUG jdbc.sqltiming.sqlTimingOccured -  org.apache.ibatis.executor.statement.PreparedStatementHandler.query(PreparedStatementHandler.java:63)
 select t.id as id, t.name as name, t.code as code, t.PARENT_ID as pid, t.parent_id||','||t.name as sectionPath, T.COMPANY_ID AS COMPANYID from t_section t where t.COMPANY_ID = 762 and t.status = 0 
	{executed in 2 msec, connection number: [8]}
2018-08-07 10:47:43.179 logback [http-nio-8802-exec-7] DEBUG jdbc.sqltiming.sqlTimingOccured -  org.apache.ibatis.executor.statement.PreparedStatementHandler.query(PreparedStatementHandler.java:63)
 SELECT BILLID,BILLTYPE,BILLCODE,BILLDATE,BILLTYPECODE,SECTIONNAME,STORAGENAME,OPERATORNAME,OPERATIONTIME,REMARK,INOUTSTOCKTYPE,IMEIID,IMEI,AUXILIARYIMEI , to_char(ROUND(GOODSAMOUNT,2)) AS GOODSAMOUNT FROM( SELECT T.BILLS_MAIN_ID AS BILLID, T1.ID AS IMEIID, T1.IMEI AS IMEI, T1.AUXILIARY_IMEI AS AUXILIARYIMEI, TP.CONTENT_1 AS BILLTYPE, TP.CODE AS BILLTYPECODE, GET_COLUMN_NAME(T.SOURCE_TAB,T.BILLS_MAIN_ID,'BILLS_CODE') AS BILLCODE, TO_CHAR(T.BILLS_DATE,'yyyy-mm-dd') AS BILLDATE, TS.NAME AS SECTIONNAME, IST.NAME AS STORAGENAME, TE.NAME AS OPERATORNAME, TO_CHAR(T.CREATE_DATE,'yyyy-mm-dd hh24:mi:ss') AS OPERATIONTIME, T.REMARK AS REMARK, NVL2(T.STORAGE_FLAG,TP3.CONTENT_1, DECODE(TOC.FLAG,0,TOC.NAME||'(IN)',TOC.NAME||'(OUT)')) AS INOUTSTOCKTYPE, RP_QUERY_PCK.GET_GOODSAMOUNT(PI_BILLS_ID => T.BILLS_MAIN_ID, PI_TAB => T.SOURCE_TAB, PI_STORAGE_ID => T.STORAGE_ID, PI_GOODS_ID => T.GOODS_ID, PI_IMEI => T.IMEI) AS GOODSAMOUNT FROM I_IM_SERIAL T JOIN T_IMEI_INFO T1 ON T.IMEI=T1.ID AND T1.COMPANY_ID = T.COMPANY_ID JOIN T_EMPLOYEE TE ON TE.ID = T.CREATE_BY LEFT JOIN T_PUBLICTABS TP ON TP.TYPE_CODE='DJLX' AND TP.CODE= GET_COLUMN_NAME(T.SOURCE_TAB,T.BILLS_MAIN_ID,'BILLS_TYPE') LEFT JOIN T_PUBLICTABS TP3 ON TP3.TYPE_CODE = 'CRKFS'AND TP3.CODE = T.STORAGE_FLAG LEFT JOIN T_OTHERSTORAGE_CLASS TOC ON T.OTHER_STORAGE_ID = TOC.ID JOIN T_SECTION TS ON TS.ID = T.SECTION_ID JOIN I_STORAGE IST ON IST.ID = T.STORAGE_ID JOIN T_GOODSNAME TG ON TG.ID = T.GOODS_ID WHERE T1.ID=49802 AND T.COMPANY_ID IN (762) ORDER BY T.CREATE_DATE ) 
	{executed in 98 msec, connection number: [9]}
2018-08-07 10:47:43.192 logback [http-nio-8802-exec-7] DEBUG jdbc.sqltiming.sqlTimingOccured -  org.apache.ibatis.executor.statement.PreparedStatementHandler.query(PreparedStatementHandler.java:63)
 SELECT ROWNUM,OPERATIONTIME,GOODSID,GOODSCODE,GOODSNAME,GOODSCONFIGURATION,STATUSCODE,IMEIID,IMEI,AUXILIARYIMEI , to_char(ROUND(GOODSCOSTAMOUNT,2)) AS GOODSCOSTAMOUNT FROM( SELECT T1.ID AS IMEIID, T1.IMEI AS IMEI, T1.AUXILIARY_IMEI AS AUXILIARYIMEI, TO_CHAR(T.CREATE_DATE,'yyyy-mm-dd hh24:mi:ss') AS OPERATIONTIME, TG.ID AS GOODSID, TG.CODE AS GOODSCODE, TG.NAME AS GOODSNAME, TG.CONFIGURE AS GOODSCONFIGURATION, DECODE(SI.ONWAY_NUM, 1, 2,SI.RESERVE2) AS STATUSCODE, T.COST_PRICE AS GOODSCOSTAMOUNT FROM I_IM_SERIAL T JOIN T_IMEI_INFO T1 ON T.IMEI=T1.ID AND T1.COMPANY_ID = T.COMPANY_ID JOIN I_STOCK_IM SI ON TO_NUMBER(SI.IMEI)=T1.ID AND SI.STORAGE_ID=T.STORAGE_ID JOIN T_EMPLOYEE TE ON TE.ID = T.CREATE_BY LEFT JOIN T_PUBLICTABS TP ON TP.TYPE_CODE='DJLX' AND TP.CODE= GET_COLUMN_NAME(T.SOURCE_TAB,T.BILLS_MAIN_ID,'BILLS_TYPE') LEFT JOIN T_PUBLICTABS TP2 ON TP2.TYPE_CODE = 'DJZT' AND TP2.CODE = GET_COLUMN_NAME(T.SOURCE_TAB,T.BILLS_MAIN_ID,'BILLS_STATUS') JOIN T_SECTION TS ON TS.ID = T.SECTION_ID JOIN I_STORAGE IST ON IST.ID = T.STORAGE_ID JOIN T_GOODSNAME TG ON TG.ID = T.GOODS_ID WHERE T1.ID=49802 AND T.COMPANY_ID IN (762) AND TP2.CODE IN (6,8,10) ORDER BY T.CREATE_DATE DESC ) WHERE ROWNUM = 1 
	{executed in 10 msec, connection number: [9]}
