2018-07-31 15:25:16.773 logback [main] INFO  c.phone.erp.common.CommonApplication.logStarting - Starting CommonApplication on HMJ with PID 9972 (F:\workspaces\trunk\wx-app\wx-app-common\target\classes started by wxm in F:\workspaces\trunk\wx-app\wx-app-common)
2018-07-31 15:25:16.780 logback [main] INFO  c.phone.erp.common.CommonApplication.logStartupProfileInfo - No active profile set, falling back to default profiles: default
2018-07-31 15:25:20.974 logback [main] INFO  c.phone.erp.common.CommonApplication.logStarted - Started CommonApplication in 4.672 seconds (JVM running for 5.116)
2018-07-31 15:26:22.482 logback [http-nio-8801-exec-2] INFO  c.p.erp.base.utils.wechat.WechatUtil.getOpenid - 获取到微信用户的openid: o_spV47Ck4JXV4pPfGBP902Aylv4
2018-07-31 15:26:22.482 logback [http-nio-8801-exec-4] INFO  c.p.erp.base.utils.wechat.WechatUtil.getOpenid - 获取到微信用户的openid: o_spV47Ck4JXV4pPfGBP902Aylv4
2018-07-31 15:26:22.500 logback [http-nio-8801-exec-4] INFO  c.p.erp.base.utils.wechat.WechatUtil.getOpenid - 获取到微信用户的签名: d3e8389d500d9f7dc280990ca6bd48e724947396
2018-07-31 15:26:22.501 logback [http-nio-8801-exec-4] INFO  c.p.erp.base.utils.wechat.WechatUtil.getOpenid - 获取到微信参数的签名: d3e8389d500d9f7dc280990ca6bd48e724947396
2018-07-31 15:26:22.502 logback [http-nio-8801-exec-2] INFO  c.p.erp.base.utils.wechat.WechatUtil.getOpenid - 获取到微信用户的签名: d3e8389d500d9f7dc280990ca6bd48e724947396
2018-07-31 15:26:22.502 logback [http-nio-8801-exec-2] INFO  c.p.erp.base.utils.wechat.WechatUtil.getOpenid - 获取到微信参数的签名: d3e8389d500d9f7dc280990ca6bd48e724947396
2018-07-31 15:26:45.010 logback [http-nio-8801-exec-5] INFO  c.p.erp.base.utils.wechat.WechatUtil.getOpenid - 获取到微信用户的openid: o_spV47Ck4JXV4pPfGBP902Aylv4
2018-07-31 15:26:45.010 logback [http-nio-8801-exec-5] INFO  c.p.erp.base.utils.wechat.WechatUtil.getOpenid - 获取到微信用户的签名: d3e8389d500d9f7dc280990ca6bd48e724947396
2018-07-31 15:26:45.011 logback [http-nio-8801-exec-5] INFO  c.p.erp.base.utils.wechat.WechatUtil.getOpenid - 获取到微信参数的签名: d3e8389d500d9f7dc280990ca6bd48e724947396
2018-07-31 15:28:13.399 logback [http-nio-8801-exec-9] INFO  c.p.erp.base.utils.wechat.WechatUtil.getOpenid - 获取到微信用户的openid: o_spV47Ck4JXV4pPfGBP902Aylv4
2018-07-31 15:28:13.399 logback [http-nio-8801-exec-9] INFO  c.p.erp.base.utils.wechat.WechatUtil.getOpenid - 获取到微信用户的签名: d3e8389d500d9f7dc280990ca6bd48e724947396
2018-07-31 15:28:13.400 logback [http-nio-8801-exec-9] INFO  c.p.erp.base.utils.wechat.WechatUtil.getOpenid - 获取到微信参数的签名: d3e8389d500d9f7dc280990ca6bd48e724947396
2018-07-31 15:28:13.548 logback [http-nio-8801-exec-6] INFO  c.p.erp.base.utils.wechat.WechatUtil.getOpenid - 获取到微信用户的openid: o_spV47Ck4JXV4pPfGBP902Aylv4
2018-07-31 15:28:13.548 logback [http-nio-8801-exec-6] INFO  c.p.erp.base.utils.wechat.WechatUtil.getOpenid - 获取到微信用户的签名: d3e8389d500d9f7dc280990ca6bd48e724947396
2018-07-31 15:28:13.548 logback [http-nio-8801-exec-6] INFO  c.p.erp.base.utils.wechat.WechatUtil.getOpenid - 获取到微信参数的签名: d3e8389d500d9f7dc280990ca6bd48e724947396
2018-07-31 15:32:41.097 logback [main] INFO  c.phone.erp.common.CommonApplication.logStarting - Starting CommonApplication on HMJ with PID 9752 (F:\workspaces\trunk\wx-app\wx-app-common\target\classes started by wxm in F:\workspaces\trunk\wx-app\wx-app-common)
2018-07-31 15:32:41.102 logback [main] INFO  c.phone.erp.common.CommonApplication.logStartupProfileInfo - No active profile set, falling back to default profiles: default
2018-07-31 15:32:45.321 logback [main] INFO  c.phone.erp.common.CommonApplication.logStarted - Started CommonApplication in 4.694 seconds (JVM running for 5.03)
2018-07-31 15:33:23.852 logback [http-nio-8801-exec-1] INFO  c.p.erp.base.utils.wechat.WechatUtil.getOpenid - 获取到微信用户的openid: o_spV47Ck4JXV4pPfGBP902Aylv4
2018-07-31 15:33:23.867 logback [http-nio-8801-exec-1] INFO  c.p.erp.base.utils.wechat.WechatUtil.getOpenid - 获取到微信用户的签名: d0fbdde464a860649546e59dfa44412e16d966ea
2018-07-31 15:33:23.867 logback [http-nio-8801-exec-1] INFO  c.p.erp.base.utils.wechat.WechatUtil.getOpenid - 获取到微信参数的签名: d0fbdde464a860649546e59dfa44412e16d966ea
2018-07-31 16:09:34.091 logback [main] INFO  c.phone.erp.common.CommonApplication.logStarting - Starting CommonApplication on HMJ with PID 8184 (F:\workspaces\trunk\wx-app\wx-app-common\target\classes started by wxm in F:\workspaces\trunk\wx-app\wx-app-common)
2018-07-31 16:09:34.095 logback [main] INFO  c.phone.erp.common.CommonApplication.logStartupProfileInfo - No active profile set, falling back to default profiles: default
2018-07-31 16:09:38.552 logback [main] INFO  c.phone.erp.common.CommonApplication.logStarted - Started CommonApplication in 4.916 seconds (JVM running for 5.367)
2018-07-31 16:09:58.412 logback [http-nio-8801-exec-2] INFO  c.p.erp.base.utils.wechat.WechatUtil.getOpenid - 获取到微信用户的openid: o_spV47Ck4JXV4pPfGBP902Aylv4
2018-07-31 16:09:58.432 logback [http-nio-8801-exec-3] INFO  c.p.erp.base.utils.wechat.WechatUtil.getOpenid - 获取到微信用户的openid: o_spV47Ck4JXV4pPfGBP902Aylv4
2018-07-31 16:09:58.435 logback [http-nio-8801-exec-2] INFO  c.p.erp.base.utils.wechat.WechatUtil.getOpenid - 获取到微信用户的签名: 9b8b4d1c5090a9856506dbb6bfc1e60b75bb3c09
2018-07-31 16:09:58.436 logback [http-nio-8801-exec-2] INFO  c.p.erp.base.utils.wechat.WechatUtil.getOpenid - 获取到微信参数的签名: 9b8b4d1c5090a9856506dbb6bfc1e60b75bb3c09
2018-07-31 16:09:58.437 logback [http-nio-8801-exec-3] INFO  c.p.erp.base.utils.wechat.WechatUtil.getOpenid - 获取到微信用户的签名: 9b8b4d1c5090a9856506dbb6bfc1e60b75bb3c09
2018-07-31 16:09:58.437 logback [http-nio-8801-exec-3] INFO  c.p.erp.base.utils.wechat.WechatUtil.getOpenid - 获取到微信参数的签名: 9b8b4d1c5090a9856506dbb6bfc1e60b75bb3c09
